#
# A fatal error has been detected by the Java Runtime Environment:
#
#  SIGSEGV (0xb) at pc=0x000000011096a7d6, pid=86686, tid=0x0000000000000307
#
# JRE version: Java(TM) SE Runtime Environment (8.0_171-b11) (build 1.8.0_171-b11)
# Java VM: Java HotSpot(TM) 64-Bit Server VM (25.171-b11 mixed mode bsd-amd64 compressed oops)
# Problematic frame:
# V  [libjvm.dylib+0x16a7d6]  ThreadStateTransition::trans_from_native(JavaThreadState)+0xa
#
# Failed to write core dump. Core dumps have been disabled. To enable core dumping, try "ulimit -c unlimited" before starting Java again
#
# If you would like to submit a bug report, please visit:
#   http://bugreport.java.com/bugreport/crash.jsp
#

---------------  T H R E A D  ---------------

Current thread is native thread

siginfo: si_signo: 11 (SIGSEGV), si_code: 1 (SEGV_MAPERR), si_addr: 0x0000000000000270

Registers:
RAX=0x0000000000000000, RBX=0x0000000000000000, RCX=0x00000001110354a0, RDX=0x0000000000000000
RSP=0x00007ffedfd11770, RBP=0x00007ffedfd11780, RSI=0x0000000000000006, RDI=0x00007ffedfd11790
R8 =0x0000000000000000, R9 =0x0000000000000000, R10=0x00007fff94098ed8, R11=0x00007fd97a2d8360
R12=0x00007fd9738c41f8, R13=0x00007fd9753029a0, R14=0x00007fd975614608, R15=0x00007fd9738c41f8
RIP=0x000000011096a7d6, EFLAGS=0x0000000000010246, ERR=0x0000000000000006
  TRAPNO=0x000000000000000e

Top of Stack: (sp=0x00007ffedfd11770)
0x00007ffedfd11770:   0000000000000000 00007fd975614608
0x00007ffedfd11780:   00007ffedfd117b0 0000000110b15b36
0x00007ffedfd11790:   0000000000000000 00007fd979cd3970
0x00007ffedfd117a0:   0000000000000008 00007fd979c9e5a0
0x00007ffedfd117b0:   00007ffedfd117d0 00007fff3d4ede4e
0x00007ffedfd117c0:   00007fd9738c41f8 00007fd97889e200
0x00007ffedfd117d0:   00007ffedfd117f0 00007fff3d4edc5b
0x00007ffedfd117e0:   00007fd979cd3900 00007fd9756dab60
0x00007ffedfd117f0:   00007ffedfd11850 000000012eeaebbb
0x00007ffedfd11800:   00007fff37a10377 0000000000000000
0x00007ffedfd11810:   4121d06f9c0a9e36 00007fd97889e200
0x00007ffedfd11820:   00007ffedfd11850 00007fff60ebce80
0x00007ffedfd11830:   00007fd979c9e5a0 00007fd9753029a0
0x00007ffedfd11840:   00007fd979c80000 00007fd97889e200
0x00007ffedfd11850:   00007ffedfd11900 00007fff44b6da12
0x00007ffedfd11860:   00007fd979c9e5a0 0000000000000000
0x00007ffedfd11870:   0000000000000000 00007fd979c9e5a0
0x00007ffedfd11880:   0000000000000000 0000000000000000
0x00007ffedfd11890:   00007ffedfd118e0 0000000000000004
0x00007ffedfd118a0:   0000000000000000 4121d06f9c0a9e36
0x00007ffedfd118b0:   0000000000000004 0000000000000000
0x00007ffedfd118c0:   0000000000000000 00007ffedfd118e0
0x00007ffedfd118d0:   00007fd979c9e5a0 00007fff60ebce80
0x00007ffedfd118e0:   0000000000000004 0000000000000000
0x00007ffedfd118f0:   00007fd979c9e5a0 00007fff37a10377
0x00007ffedfd11900:   00007ffedfd11970 00007fff44b6d073
0x00007ffedfd11910:   0000000000000000 0000000000000000
0x00007ffedfd11920:   4096800000000000 4088c80000000000
0x00007ffedfd11930:   4088c80000000000 4096800000000000
0x00007ffedfd11940:   4000000000000000 00007ffedfd11a40
0x00007ffedfd11950:   00007fff60ebce80 0000000000000000
0x00007ffedfd11960:   00007fff37a12372 00007fd975300ea0 

Instructions: (pc=0x000000011096a7d6)
0x000000011096a7b6:   0e 48 8b 0b 49 8b 56 18 48 63 c0 48 89 0c c2 5b
0x000000011096a7c6:   41 5e 5d c3 90 90 55 48 89 e5 41 56 53 48 8b 1f
0x000000011096a7d6:   c7 83 70 02 00 00 05 00 00 00 48 8d 05 81 c4 78
0x000000011096a7e6:   00 8b 00 83 f8 01 41 89 f6 75 0c 48 8d 0d ce 2f 

Register to memory mapping:

RAX=0x0000000000000000 is an unknown value
RBX=0x0000000000000000 is an unknown value
RCX=0x00000001110354a0: jni_NativeInterface+0 in /Library/Java/JavaVirtualMachines/jdk1.8.0_171.jdk/Contents/Home/jre/lib/server/libjvm.dylib at 0x0000000110800000
RDX=0x0000000000000000 is an unknown value
RSP=0x00007ffedfd11770 is an unknown value
RBP=0x00007ffedfd11780 is an unknown value
RSI=0x0000000000000006 is an unknown value
RDI=0x00007ffedfd11790 is an unknown value
R8 =0x0000000000000000 is an unknown value
R9 =0x0000000000000000 is an unknown value
R10=0x00007fff94098ed8: OBJC_CLASS_$_JNFWeakJObjectWrapper+0 in /System/Library/Frameworks/JavaVM.framework/Versions/A/Frameworks/JavaNativeFoundation.framework/Versions/A/JavaNativeFoundation at 0x00007fff3d4e7000
R11=0x00007fd97a2d8360 is an unknown value
R12=0x00007fd9738c41f8 is an unknown value
R13=0x00007fd9753029a0 is an unknown value
R14=0x00007fd975614608 is a weak global jni handle
R15=0x00007fd9738c41f8 is an unknown value


Stack: [0x00007ffedf519000,0x00007ffedfd19000],  sp=0x00007ffedfd11770,  free space=8161k
Native frames: (J=compiled Java code, j=interpreted, Vv=VM code, C=native code)
V  [libjvm.dylib+0x16a7d6]  ThreadStateTransition::trans_from_native(JavaThreadState)+0xa
V  [libjvm.dylib+0x315b36]  jni_IsSameObject+0x30
C  [JavaNativeFoundation+0x6e4e]  -[JNFWeakJObjectWrapper _getWithEnv:]+0x26
C  [JavaNativeFoundation+0x6c5b]  -[JNFJObjectWrapper jObjectWithEnv:]+0x16
C  [libawt_lwawt.dylib+0x1abbb]  -[CGLLayer drawInCGLContext:pixelFormat:forLayerTime:displayTime:]+0xa4
C  [QuartzCore+0x71a12]  CAOpenGLLayerDraw(CAOpenGLLayer*, double, CVTimeStamp const*, unsigned int)+0x7a7
C  [QuartzCore+0x71073]  -[CAOpenGLLayer _display]+0x235
C  [QuartzCore+0x11973]  CA::Layer::display_if_needed(CA::Transaction*)+0x279
C  [QuartzCore+0x11431]  CA::Layer::layout_and_display_if_needed(CA::Transaction*)+0x23
C  [QuartzCore+0x10434]  CA::Context::commit_transaction(CA::Transaction*)+0x146
C  [QuartzCore+0xffe1]  CA::Transaction::commit()+0x1e7
C  [QuartzCore+0x1c446]  CA::Transaction::observer_callback(__CFRunLoopObserver*, unsigned long, void*)+0x42
C  [CoreFoundation+0xa3467]  __CFRUNLOOP_IS_CALLING_OUT_TO_AN_OBSERVER_CALLBACK_FUNCTION__+0x17
C  [CoreFoundation+0xa338f]  __CFRunLoopDoObservers+0x20f
C  [CoreFoundation+0x85a70]  __CFRunLoopRun+0x640
C  [CoreFoundation+0x851a3]  CFRunLoopRunSpecific+0x1e3
C  [java+0x6472]  CreateExecutionEnvironment+0x367
C  [java+0x207c]  JLI_Launch+0x7a0
C  [java+0x84cf]  main+0x65
C  [java+0x18d4]  start+0x34


---------------  P R O C E S S  ---------------

VM state:not at safepoint (normal execution)

VM Mutex/Monitor currently owned by a thread: None

Heap:
 PSYoungGen      total 207872K, used 110036K [0x0000000795580000, 0x00000007a3f80000, 0x00000007c0000000)
  eden space 184320K, 51% used [0x0000000795580000,0x000000079b1f9240,0x00000007a0980000)
  from space 23552K, 65% used [0x00000007a2880000,0x00000007a377c1b0,0x00000007a3f80000)
  to   space 27648K, 0% used [0x00000007a0980000,0x00000007a0980000,0x00000007a2480000)
 ParOldGen       total 146432K, used 41518K [0x0000000740000000, 0x0000000748f00000, 0x0000000795580000)
  object space 146432K, 28% used [0x0000000740000000,0x000000074288b8d0,0x0000000748f00000)
 Metaspace       used 63542K, capacity 67028K, committed 67288K, reserved 1105920K
  class space    used 9615K, capacity 10192K, committed 10240K, reserved 1048576K

Card table byte_map: [0x0000000111b6e000,0x0000000111f6f000] byte_map_base: 0x000000010e16e000

Marking Bits: (ParMarkBitMap*) 0x00000001110f76e0
 Begin Bits: [0x000000011221a000, 0x000000011421a000)
 End Bits:   [0x000000011421a000, 0x000000011621a000)

Polling page: 0x000000010ff64000

CodeCache: size=245760Kb used=23843Kb max_used=23855Kb free=221916Kb
 bounds [0x00000001173de000, 0x0000000118b4e000, 0x00000001263de000]
 total_blobs=8864 nmethods=7814 adapters=961
 compilation: enabled

Compilation events (10 events):
Event: 131.477 Thread 0x00007fd973861800 9018       4       java.awt.KeyboardFocusManager::getCurrentKeyboardFocusManager (7 bytes)
Event: 131.477 Thread 0x00007fd97382a000 9021   !   4       javax.swing.JComponent::putClientProperty (107 bytes)
Event: 131.481 Thread 0x00007fd973862000 nmethod 9017 0x0000000118b2c210 code [0x0000000118b2c4e0, 0x0000000118b2daf8]
Event: 131.481 Thread 0x00007fd973862000 9020       3       java.awt.Container::recursiveHideHeavyweightChildren (78 bytes)
Event: 131.481 Thread 0x00007fd973861800 nmethod 9018 0x0000000118b2bad0 code [0x0000000118b2bc60, 0x0000000118b2c048]
Event: 131.484 Thread 0x00007fd973862000 nmethod 9020 0x0000000118b2fe50 code [0x0000000118b300a0, 0x0000000118b31208]
Event: 131.484 Thread 0x00007fd973862000 9019       3       javax.swing.JComponent::removeNotify (55 bytes)
Event: 131.485 Thread 0x00007fd973862000 nmethod 9019 0x0000000118b2edd0 code [0x0000000118b2f000, 0x0000000118b2fa38]
Event: 131.505 Thread 0x00007fd973861800 9022       4       sun.invoke.util.VerifyAccess::isSamePackage (114 bytes)
Event: 131.506 Thread 0x00007fd97382a000 nmethod 9021 0x0000000118b43390 code [0x0000000118b435c0, 0x0000000118b44a30]

GC Heap History (10 events):
Event: 6.982 GC heap before
{Heap before GC invocations=11 (full 2):
 PSYoungGen      total 103424K, used 17879K [0x0000000795580000, 0x000000079d480000, 0x00000007c0000000)
  eden space 86528K, 1% used [0x0000000795580000,0x0000000795703d08,0x000000079aa00000)
  from space 16896K, 96% used [0x000000079bd00000,0x000000079ccf2110,0x000000079cd80000)
  to   space 19456K, 0% used [0x000000079aa00000,0x000000079aa00000,0x000000079bd00000)
 ParOldGen       total 98816K, used 68583K [0x0000000740000000, 0x0000000746080000, 0x0000000795580000)
  object space 98816K, 69% used [0x0000000740000000,0x00000007442f9ef0,0x0000000746080000)
 Metaspace       used 56522K, capacity 59080K, committed 59096K, reserved 1099776K
  class space    used 8730K, capacity 9202K, committed 9216K, reserved 1048576K
Event: 6.999 GC heap after
Heap after GC invocations=11 (full 2):
 PSYoungGen      total 105984K, used 12860K [0x0000000795580000, 0x000000079fc80000, 0x00000007c0000000)
  eden space 86528K, 0% used [0x0000000795580000,0x0000000795580000,0x000000079aa00000)
  from space 19456K, 66% used [0x000000079aa00000,0x000000079b68f158,0x000000079bd00000)
  to   space 19968K, 0% used [0x000000079e900000,0x000000079e900000,0x000000079fc80000)
 ParOldGen       total 98816K, used 68591K [0x0000000740000000, 0x0000000746080000, 0x0000000795580000)
  object space 98816K, 69% used [0x0000000740000000,0x00000007442fbef0,0x0000000746080000)
 Metaspace       used 56522K, capacity 59080K, committed 59096K, reserved 1099776K
  class space    used 8730K, capacity 9202K, committed 9216K, reserved 1048576K
}
Event: 6.999 GC heap before
{Heap before GC invocations=12 (full 3):
 PSYoungGen      total 105984K, used 12860K [0x0000000795580000, 0x000000079fc80000, 0x00000007c0000000)
  eden space 86528K, 0% used [0x0000000795580000,0x0000000795580000,0x000000079aa00000)
  from space 19456K, 66% used [0x000000079aa00000,0x000000079b68f158,0x000000079bd00000)
  to   space 19968K, 0% used [0x000000079e900000,0x000000079e900000,0x000000079fc80000)
 ParOldGen       total 98816K, used 68591K [0x0000000740000000, 0x0000000746080000, 0x0000000795580000)
  object space 98816K, 69% used [0x0000000740000000,0x00000007442fbef0,0x0000000746080000)
 Metaspace       used 56522K, capacity 59080K, committed 59096K, reserved 1099776K
  class space    used 8730K, capacity 9202K, committed 9216K, reserved 1048576K
Event: 7.151 GC heap after
Heap after GC invocations=12 (full 3):
 PSYoungGen      total 105984K, used 0K [0x0000000795580000, 0x000000079fc80000, 0x00000007c0000000)
  eden space 86528K, 0% used [0x0000000795580000,0x0000000795580000,0x000000079aa00000)
  from space 19456K, 0% used [0x000000079aa00000,0x000000079aa00000,0x000000079bd00000)
  to   space 19968K, 0% used [0x000000079e900000,0x000000079e900000,0x000000079fc80000)
 ParOldGen       total 146432K, used 27625K [0x0000000740000000, 0x0000000748f00000, 0x0000000795580000)
  object space 146432K, 18% used [0x0000000740000000,0x0000000741afa6a0,0x0000000748f00000)
 Metaspace       used 56522K, capacity 59080K, committed 59096K, reserved 1099776K
  class space    used 8730K, capacity 9202K, committed 9216K, reserved 1048576K
}
Event: 11.249 GC heap before
{Heap before GC invocations=13 (full 3):
 PSYoungGen      total 105984K, used 86528K [0x0000000795580000, 0x000000079fc80000, 0x00000007c0000000)
  eden space 86528K, 100% used [0x0000000795580000,0x000000079aa00000,0x000000079aa00000)
  from space 19456K, 0% used [0x000000079aa00000,0x000000079aa00000,0x000000079bd00000)
  to   space 19968K, 0% used [0x000000079e900000,0x000000079e900000,0x000000079fc80000)
 ParOldGen       total 146432K, used 27625K [0x0000000740000000, 0x0000000748f00000, 0x0000000795580000)
  object space 146432K, 18% used [0x0000000740000000,0x0000000741afa6a0,0x0000000748f00000)
 Metaspace       used 59891K, capacity 62926K, committed 63064K, reserved 1101824K
  class space    used 9327K, capacity 9851K, committed 9856K, reserved 1048576K
Event: 11.253 GC heap after
Heap after GC invocations=13 (full 3):
 PSYoungGen      total 145920K, used 4437K [0x0000000795580000, 0x000000079f980000, 0x00000007c0000000)
  eden space 129024K, 0% used [0x0000000795580000,0x0000000795580000,0x000000079d380000)
  from space 16896K, 26% used [0x000000079e900000,0x000000079ed55698,0x000000079f980000)
  to   space 19456K, 0% used [0x000000079d380000,0x000000079d380000,0x000000079e680000)
 ParOldGen       total 146432K, used 27633K [0x0000000740000000, 0x0000000748f00000, 0x0000000795580000)
  object space 146432K, 18% used [0x0000000740000000,0x0000000741afc6a0,0x0000000748f00000)
 Metaspace       used 59891K, capacity 62926K, committed 63064K, reserved 1101824K
  class space    used 9327K, capacity 9851K, committed 9856K, reserved 1048576K
}
Event: 57.190 GC heap before
{Heap before GC invocations=14 (full 3):
 PSYoungGen      total 145920K, used 133461K [0x0000000795580000, 0x000000079f980000, 0x00000007c0000000)
  eden space 129024K, 100% used [0x0000000795580000,0x000000079d380000,0x000000079d380000)
  from space 16896K, 26% used [0x000000079e900000,0x000000079ed55698,0x000000079f980000)
  to   space 19456K, 0% used [0x000000079d380000,0x000000079d380000,0x000000079e680000)
 ParOldGen       total 146432K, used 27633K [0x0000000740000000, 0x0000000748f00000, 0x0000000795580000)
  object space 146432K, 18% used [0x0000000740000000,0x0000000741afc6a0,0x0000000748f00000)
 Metaspace       used 62568K, capacity 66004K, committed 66264K, reserved 1105920K
  class space    used 9578K, capacity 10144K, committed 10240K, reserved 1048576K
Event: 57.217 GC heap after
Heap after GC invocations=14 (full 3):
 PSYoungGen      total 148480K, used 19433K [0x0000000795580000, 0x00000007a4380000, 0x00000007c0000000)
  eden space 129024K, 0% used [0x0000000795580000,0x0000000795580000,0x000000079d380000)
  from space 19456K, 99% used [0x000000079d380000,0x000000079e67a7c0,0x000000079e680000)
  to   space 27648K, 0% used [0x00000007a2880000,0x00000007a2880000,0x00000007a4380000)
 ParOldGen       total 146432K, used 41510K [0x0000000740000000, 0x0000000748f00000, 0x0000000795580000)
  object space 146432K, 28% used [0x0000000740000000,0x00000007428898d0,0x0000000748f00000)
 Metaspace       used 62568K, capacity 66004K, committed 66264K, reserved 1105920K
  class space    used 9578K, capacity 10144K, committed 10240K, reserved 1048576K
}
Event: 127.120 GC heap before
{Heap before GC invocations=15 (full 3):
 PSYoungGen      total 148480K, used 147007K [0x0000000795580000, 0x00000007a4380000, 0x00000007c0000000)
  eden space 129024K, 98% used [0x0000000795580000,0x000000079d2157f0,0x000000079d380000)
  from space 19456K, 99% used [0x000000079d380000,0x000000079e67a7c0,0x000000079e680000)
  to   space 27648K, 0% used [0x00000007a2880000,0x00000007a2880000,0x00000007a4380000)
 ParOldGen       total 146432K, used 41510K [0x0000000740000000, 0x0000000748f00000, 0x0000000795580000)
  object space 146432K, 28% used [0x0000000740000000,0x00000007428898d0,0x0000000748f00000)
 Metaspace       used 63317K, capacity 66804K, committed 67032K, reserved 1105920K
  class space    used 9583K, capacity 10144K, committed 10240K, reserved 1048576K
Event: 127.142 GC heap after
Heap after GC invocations=15 (full 3):
 PSYoungGen      total 207872K, used 15344K [0x0000000795580000, 0x00000007a3f80000, 0x00000007c0000000)
  eden space 184320K, 0% used [0x0000000795580000,0x0000000795580000,0x00000007a0980000)
  from space 23552K, 65% used [0x00000007a2880000,0x00000007a377c1b0,0x00000007a3f80000)
  to   space 27648K, 0% used [0x00000007a0980000,0x00000007a0980000,0x00000007a2480000)
 ParOldGen       total 146432K, used 41518K [0x0000000740000000, 0x0000000748f00000, 0x0000000795580000)
  object space 146432K, 28% used [0x0000000740000000,0x000000074288b8d0,0x0000000748f00000)
 Metaspace       used 63317K, capacity 66804K, committed 67032K, reserved 1105920K
  class space    used 9583K, capacity 10144K, committed 10240K, reserved 1048576K
}

Deoptimization events (10 events):
Event: 128.808 Thread 0x00007fd9738c4000 Uncommon trap: reason=unstable_if action=reinterpret pc=0x0000000117b7de8c method=com.sun.javafx.event.EventDispatchChainImpl.ensureCapacity(I)V @ 19
Event: 128.808 Thread 0x00007fd9738c4000 Uncommon trap: reason=unstable_if action=reinterpret pc=0x0000000117a0bff4 method=com.sun.javafx.event.EventDispatchChainImpl.ensureCapacity(I)V @ 19
Event: 128.809 Thread 0x00007fd9738c4000 Uncommon trap: reason=unstable_if action=reinterpret pc=0x00000001187d21c8 method=com.sun.javafx.application.PlatformImpl.checkIdle()V @ 40
Event: 128.809 Thread 0x00007fd9738c4000 Uncommon trap: reason=unstable_if action=reinterpret pc=0x00000001187d7a24 method=com.sun.javafx.application.PlatformImpl.checkIdle()V @ 40
Event: 128.810 Thread 0x00007fd9738c4000 Uncommon trap: reason=unstable_if action=reinterpret pc=0x0000000118ad6d70 method=javafx.scene.web.WebView.isTreeReallyVisible()Z @ 53
Event: 129.192 Thread 0x00007fd973b84000 Uncommon trap: reason=null_assert action=make_not_entrant pc=0x00000001183e504c method=sun.awt.SunToolkit.postEvent(Lsun/awt/AppContext;Ljava/awt/AWTEvent;)V @ 15
Event: 131.478 Thread 0x00007fd973b84000 Uncommon trap: reason=unstable_if action=reinterpret pc=0x00000001186e9010 method=javax.swing.JMenuBar.processBindingForKeyStrokeRecursive(Ljavax/swing/MenuElement;Ljavax/swing/KeyStroke;Ljava/awt/event/KeyEvent;IZ)Z @ 66
Event: 131.478 Thread 0x00007fd973b84000 Uncommon trap: reason=unstable_if action=reinterpret pc=0x00000001186e904c method=javax.swing.JMenuBar.processBindingForKeyStrokeRecursive(Ljavax/swing/MenuElement;Ljavax/swing/KeyStroke;Ljava/awt/event/KeyEvent;IZ)Z @ 115
Event: 131.496 Thread 0x00007fd974b62000 Uncommon trap: reason=unstable_if action=reinterpret pc=0x00000001187cfdfc method=com.sun.javafx.application.PlatformImpl.runLater(Ljava/lang/Runnable;Z)V @ 48
Event: 131.507 Thread 0x00007fd973502800 Uncommon trap: reason=unstable_if action=reinterpret pc=0x000000011814e464 method=java.security.AccessControlContext.optimize()Ljava/security/AccessControlContext; @ 49

Classes redefined (0 events):
No events

Internal exceptions (10 events):
Event: 100.526 Thread 0x00007fd9740e8800 Exception <a 'java/lang/InterruptedException': sleep interrupted> (0x000000079c2d9ee8) thrown at [/Users/java_re/workspace/8-2-build-macosx-x86_64/jdk8u171/10807/hotspot/src/share/vm/prims/jvm.cpp, line 3273]
Event: 100.619 Thread 0x00007fd978228000 Exception <a 'java/lang/InterruptedException': sleep interrupted> (0x000000079c3fabe8) thrown at [/Users/java_re/workspace/8-2-build-macosx-x86_64/jdk8u171/10807/hotspot/src/share/vm/prims/jvm.cpp, line 3273]
Event: 100.858 Thread 0x00007fd9740e8800 Exception <a 'java/lang/InterruptedException': sleep interrupted> (0x000000079c58bd20) thrown at [/Users/java_re/workspace/8-2-build-macosx-x86_64/jdk8u171/10807/hotspot/src/share/vm/prims/jvm.cpp, line 3273]
Event: 100.970 Thread 0x00007fd9737ad000 Exception <a 'java/lang/InterruptedException': sleep interrupted> (0x000000079c6ac9e0) thrown at [/Users/java_re/workspace/8-2-build-macosx-x86_64/jdk8u171/10807/hotspot/src/share/vm/prims/jvm.cpp, line 3273]
Event: 101.194 Thread 0x00007fd97348c800 Exception <a 'java/lang/InterruptedException': sleep interrupted> (0x000000079c6e7460) thrown at [/Users/java_re/workspace/8-2-build-macosx-x86_64/jdk8u171/10807/hotspot/src/share/vm/prims/jvm.cpp, line 3273]
Event: 101.280 Thread 0x00007fd9740e8800 Exception <a 'java/lang/InterruptedException': sleep interrupted> (0x000000079c95e860) thrown at [/Users/java_re/workspace/8-2-build-macosx-x86_64/jdk8u171/10807/hotspot/src/share/vm/prims/jvm.cpp, line 3273]
Event: 101.533 Thread 0x00007fd9743d3000 Exception <a 'java/lang/NullPointerException'> (0x000000079cabf058) thrown at [/Users/java_re/workspace/8-2-build-macosx-x86_64/jdk8u171/10807/hotspot/src/share/vm/interpreter/linkResolver.cpp, line 1287]
Event: 128.808 Thread 0x00007fd9738c4000 Implicit null exception at 0x0000000117b7db90 to 0x0000000117b7de71
Event: 128.808 Thread 0x00007fd9738c4000 Implicit null exception at 0x0000000117a0bf9a to 0x0000000117a0bfdd
Event: 131.507 Thread 0x00007fd973502800 Implicit null exception at 0x000000011814d7a0 to 0x000000011814e451

Events (10 events):
Event: 131.506 loading class com/sun/javafx/tk/quantum/QuantumToolkit
Event: 131.506 loading class com/sun/javafx/tk/quantum/QuantumToolkit done
Event: 131.506 Thread 0x00007fd97412b800 Thread exited: 0x00007fd97412b800
Event: 131.506 Thread 0x00007fd9738c4000 Thread exited: 0x00007fd9738c4000
Event: 131.506 Thread 0x00007fd974b62000 Thread exited: 0x00007fd974b62000
Event: 131.507 Thread 0x00007fd974000800 Thread exited: 0x00007fd974000800
Event: 131.507 Thread 0x00007fd973502800 Thread added: 0x00007fd973502800
Event: 131.507 Thread 0x00007fd973502800 Uncommon trap: trap_request=0xffffff65 fr.pc=0x000000011814e464
Event: 131.507 Thread 0x00007fd973502800 DEOPT PACKING pc=0x000000011814e464 sp=0x000070000ce946e0
Event: 131.507 Thread 0x00007fd973502800 DEOPT UNPACKING pc=0x000000011742373a sp=0x000070000ce946a8 mode 2


Dynamic libraries:
0x0000000011c41000 	/System/Library/Frameworks/Cocoa.framework/Versions/A/Cocoa
0x0000000011c41000 	/System/Library/Frameworks/Security.framework/Versions/A/Security
0x0000000011c41000 	/System/Library/Frameworks/ApplicationServices.framework/Versions/A/ApplicationServices
0x0000000011c41000 	/usr/lib/libz.1.dylib
0x0000000011c41000 	/usr/lib/libSystem.B.dylib
0x0000000011c41000 	/usr/lib/libobjc.A.dylib
0x0000000011c41000 	/System/Library/Frameworks/CoreFoundation.framework/Versions/A/CoreFoundation
0x0000000011c41000 	/System/Library/Frameworks/Foundation.framework/Versions/C/Foundation
0x0000000011c41000 	/System/Library/Frameworks/AppKit.framework/Versions/C/AppKit
0x0000000011c41000 	/System/Library/Frameworks/CoreData.framework/Versions/A/CoreData
0x0000000011c41000 	/System/Library/PrivateFrameworks/RemoteViewServices.framework/Versions/A/RemoteViewServices
0x0000000011c41000 	/System/Library/PrivateFrameworks/UIFoundation.framework/Versions/A/UIFoundation
0x0000000011c41000 	/System/Library/PrivateFrameworks/DFRFoundation.framework/Versions/A/DFRFoundation
0x0000000011c41000 	/System/Library/Frameworks/Metal.framework/Versions/A/Metal
0x0000000011c41000 	/System/Library/PrivateFrameworks/DesktopServicesPriv.framework/Versions/A/DesktopServicesPriv
0x0000000011c41000 	/usr/lib/libenergytrace.dylib
0x0000000011c41000 	/System/Library/PrivateFrameworks/SkyLight.framework/Versions/A/SkyLight
0x0000000011c41000 	/System/Library/Frameworks/CoreGraphics.framework/Versions/A/CoreGraphics
0x0000000011c41000 	/usr/lib/libScreenReader.dylib
0x0000000011c41000 	/System/Library/Frameworks/Accelerate.framework/Versions/A/Accelerate
0x0000000011c41000 	/System/Library/Frameworks/IOSurface.framework/Versions/A/IOSurface
0x0000000011c41000 	/System/Library/Frameworks/AudioToolbox.framework/Versions/A/AudioToolbox
0x0000000011c41000 	/System/Library/Frameworks/AudioUnit.framework/Versions/A/AudioUnit
0x0000000011c41000 	/System/Library/PrivateFrameworks/DataDetectorsCore.framework/Versions/A/DataDetectorsCore
0x0000000011c41000 	/System/Library/Frameworks/Carbon.framework/Versions/A/Frameworks/HIToolbox.framework/Versions/A/HIToolbox
0x0000000011c41000 	/usr/lib/libicucore.A.dylib
0x0000000011c41000 	/System/Library/Frameworks/QuartzCore.framework/Versions/A/QuartzCore
0x0000000011c41000 	/System/Library/PrivateFrameworks/SignpostNotification.framework/Versions/A/SignpostNotification
0x0000000011c41000 	/System/Library/Frameworks/Carbon.framework/Versions/A/Frameworks/SpeechRecognition.framework/Versions/A/SpeechRecognition
0x0000000011c41000 	/usr/lib/libauto.dylib
0x0000000011c41000 	/usr/lib/libxml2.2.dylib
0x0000000011c41000 	/System/Library/PrivateFrameworks/CoreUI.framework/Versions/A/CoreUI
0x0000000011c41000 	/System/Library/Frameworks/CoreAudio.framework/Versions/A/CoreAudio
0x0000000011c41000 	/System/Library/Frameworks/DiskArbitration.framework/Versions/A/DiskArbitration
0x0000000011c41000 	/usr/lib/liblangid.dylib
0x0000000011c41000 	/System/Library/PrivateFrameworks/MultitouchSupport.framework/Versions/A/MultitouchSupport
0x0000000011c41000 	/System/Library/Frameworks/IOKit.framework/Versions/A/IOKit
0x0000000011c41000 	/usr/lib/libDiagnosticMessagesClient.dylib
0x0000000011c41000 	/System/Library/Frameworks/CoreServices.framework/Versions/A/CoreServices
0x0000000011c41000 	/System/Library/PrivateFrameworks/PerformanceAnalysis.framework/Versions/A/PerformanceAnalysis
0x0000000011c41000 	/System/Library/Frameworks/OpenGL.framework/Versions/A/OpenGL
0x0000000011c41000 	/System/Library/Frameworks/ColorSync.framework/Versions/A/ColorSync
0x0000000011c41000 	/System/Library/Frameworks/CoreImage.framework/Versions/A/CoreImage
0x0000000011c41000 	/System/Library/Frameworks/CoreText.framework/Versions/A/CoreText
0x0000000011c41000 	/System/Library/Frameworks/ImageIO.framework/Versions/A/ImageIO
0x0000000011c41000 	/System/Library/PrivateFrameworks/Backup.framework/Versions/A/Backup
0x0000000011c41000 	/usr/lib/libarchive.2.dylib
0x0000000011c41000 	/System/Library/Frameworks/CFNetwork.framework/Versions/A/CFNetwork
0x0000000011c41000 	/System/Library/Frameworks/SystemConfiguration.framework/Versions/A/SystemConfiguration
0x0000000011c41000 	/usr/lib/libCRFSuite.dylib
0x0000000011c41000 	/usr/lib/libc++.1.dylib
0x0000000011c41000 	/usr/lib/libc++abi.dylib
0x0000000011c41000 	/usr/lib/system/libcache.dylib
0x0000000011c41000 	/usr/lib/system/libcommonCrypto.dylib
0x0000000011c41000 	/usr/lib/system/libcompiler_rt.dylib
0x0000000011c41000 	/usr/lib/system/libcopyfile.dylib
0x0000000011c41000 	/usr/lib/system/libcorecrypto.dylib
0x0000000011c41000 	/usr/lib/system/libdispatch.dylib
0x0000000011c41000 	/usr/lib/system/libdyld.dylib
0x0000000011c41000 	/usr/lib/system/libkeymgr.dylib
0x0000000011c41000 	/usr/lib/system/liblaunch.dylib
0x0000000011c41000 	/usr/lib/system/libmacho.dylib
0x0000000011c41000 	/usr/lib/system/libquarantine.dylib
0x0000000011c41000 	/usr/lib/system/libremovefile.dylib
0x0000000011c41000 	/usr/lib/system/libsystem_asl.dylib
0x0000000011c41000 	/usr/lib/system/libsystem_blocks.dylib
0x0000000011c41000 	/usr/lib/system/libsystem_c.dylib
0x0000000011c41000 	/usr/lib/system/libsystem_configuration.dylib
0x0000000011c41000 	/usr/lib/system/libsystem_coreservices.dylib
0x0000000011c41000 	/usr/lib/system/libsystem_darwin.dylib
0x0000000011c41000 	/usr/lib/system/libsystem_dnssd.dylib
0x0000000011c41000 	/usr/lib/system/libsystem_info.dylib
0x0000000011c41000 	/usr/lib/system/libsystem_m.dylib
0x0000000011c41000 	/usr/lib/system/libsystem_malloc.dylib
0x0000000011c41000 	/usr/lib/system/libsystem_network.dylib
0x0000000011c41000 	/usr/lib/system/libsystem_networkextension.dylib
0x0000000011c41000 	/usr/lib/system/libsystem_notify.dylib
0x0000000011c41000 	/usr/lib/system/libsystem_sandbox.dylib
0x0000000011c41000 	/usr/lib/system/libsystem_secinit.dylib
0x0000000011c41000 	/usr/lib/system/libsystem_kernel.dylib
0x0000000011c41000 	/usr/lib/system/libsystem_platform.dylib
0x0000000011c41000 	/usr/lib/system/libsystem_pthread.dylib
0x0000000011c41000 	/usr/lib/system/libsystem_symptoms.dylib
0x0000000011c41000 	/usr/lib/system/libsystem_trace.dylib
0x0000000011c41000 	/usr/lib/system/libunwind.dylib
0x0000000011c41000 	/usr/lib/system/libxpc.dylib
0x0000000011c41000 	/usr/lib/closure/libclosured.dylib
0x0000000011c41000 	/usr/lib/libbsm.0.dylib
0x0000000011c41000 	/usr/lib/system/libkxld.dylib
0x0000000011c41000 	/usr/lib/libOpenScriptingUtil.dylib
0x0000000011c41000 	/usr/lib/libcoretls.dylib
0x0000000011c41000 	/usr/lib/libcoretls_cfhelpers.dylib
0x0000000011c41000 	/usr/lib/libpam.2.dylib
0x0000000011c41000 	/usr/lib/libsqlite3.dylib
0x0000000011c41000 	/usr/lib/libxar.1.dylib
0x0000000011c41000 	/usr/lib/libbz2.1.0.dylib
0x0000000011c41000 	/usr/lib/liblzma.5.dylib
0x0000000011c41000 	/usr/lib/libnetwork.dylib
0x0000000011c41000 	/usr/lib/libapple_nghttp2.dylib
0x0000000011c41000 	/usr/lib/libpcap.A.dylib
0x0000000011c41000 	/usr/lib/libboringssl.dylib
0x0000000011c41000 	/usr/lib/libusrtcp.dylib
0x0000000011c41000 	/usr/lib/libapple_crypto.dylib
0x0000000011c41000 	/System/Library/Frameworks/CoreServices.framework/Versions/A/Frameworks/FSEvents.framework/Versions/A/FSEvents
0x0000000011c41000 	/System/Library/Frameworks/CoreServices.framework/Versions/A/Frameworks/CarbonCore.framework/Versions/A/CarbonCore
0x0000000011c41000 	/System/Library/Frameworks/CoreServices.framework/Versions/A/Frameworks/Metadata.framework/Versions/A/Metadata
0x0000000011c41000 	/System/Library/Frameworks/CoreServices.framework/Versions/A/Frameworks/OSServices.framework/Versions/A/OSServices
0x0000000011c41000 	/System/Library/Frameworks/CoreServices.framework/Versions/A/Frameworks/SearchKit.framework/Versions/A/SearchKit
0x0000000011c41000 	/System/Library/Frameworks/CoreServices.framework/Versions/A/Frameworks/AE.framework/Versions/A/AE
0x0000000011c41000 	/System/Library/Frameworks/CoreServices.framework/Versions/A/Frameworks/LaunchServices.framework/Versions/A/LaunchServices
0x0000000011c41000 	/System/Library/Frameworks/CoreServices.framework/Versions/A/Frameworks/DictionaryServices.framework/Versions/A/DictionaryServices
0x0000000011c41000 	/System/Library/Frameworks/CoreServices.framework/Versions/A/Frameworks/SharedFileList.framework/Versions/A/SharedFileList
0x0000000011c41000 	/System/Library/Frameworks/NetFS.framework/Versions/A/NetFS
0x0000000011c41000 	/System/Library/PrivateFrameworks/NetAuth.framework/Versions/A/NetAuth
0x0000000011c41000 	/System/Library/PrivateFrameworks/login.framework/Versions/A/Frameworks/loginsupport.framework/Versions/A/loginsupport
0x0000000011c41000 	/System/Library/PrivateFrameworks/TCC.framework/Versions/A/TCC
0x0000000011c41000 	/usr/lib/libmecabra.dylib
0x0000000011c41000 	/System/Library/Frameworks/ApplicationServices.framework/Versions/A/Frameworks/ATS.framework/Versions/A/ATS
0x0000000011c41000 	/System/Library/Frameworks/ApplicationServices.framework/Versions/A/Frameworks/ColorSyncLegacy.framework/Versions/A/ColorSyncLegacy
0x0000000011c41000 	/System/Library/Frameworks/ApplicationServices.framework/Versions/A/Frameworks/HIServices.framework/Versions/A/HIServices
0x0000000011c41000 	/System/Library/Frameworks/ApplicationServices.framework/Versions/A/Frameworks/LangAnalysis.framework/Versions/A/LangAnalysis
0x0000000011c41000 	/System/Library/Frameworks/ApplicationServices.framework/Versions/A/Frameworks/PrintCore.framework/Versions/A/PrintCore
0x0000000011c41000 	/System/Library/Frameworks/ApplicationServices.framework/Versions/A/Frameworks/QD.framework/Versions/A/QD
0x0000000011c41000 	/System/Library/Frameworks/ApplicationServices.framework/Versions/A/Frameworks/SpeechSynthesis.framework/Versions/A/SpeechSynthesis
0x0000000011c41000 	/System/Library/Frameworks/CoreDisplay.framework/Versions/A/CoreDisplay
0x0000000011c41000 	/System/Library/Frameworks/Accelerate.framework/Versions/A/Frameworks/vImage.framework/Versions/A/vImage
0x0000000011c41000 	/System/Library/Frameworks/Accelerate.framework/Versions/A/Frameworks/vecLib.framework/Versions/A/vecLib
0x0000000011c41000 	/System/Library/Frameworks/Accelerate.framework/Versions/A/Frameworks/vecLib.framework/Versions/A/libvDSP.dylib
0x0000000011c41000 	/System/Library/Frameworks/Accelerate.framework/Versions/A/Frameworks/vecLib.framework/Versions/A/libBNNS.dylib
0x0000000011c41000 	/System/Library/Frameworks/Accelerate.framework/Versions/A/Frameworks/vecLib.framework/Versions/A/libQuadrature.dylib
0x0000000011c41000 	/System/Library/Frameworks/Accelerate.framework/Versions/A/Frameworks/vecLib.framework/Versions/A/libvMisc.dylib
0x0000000011c41000 	/System/Library/Frameworks/Accelerate.framework/Versions/A/Frameworks/vecLib.framework/Versions/A/libLAPACK.dylib
0x0000000011c41000 	/System/Library/Frameworks/Accelerate.framework/Versions/A/Frameworks/vecLib.framework/Versions/A/libBLAS.dylib
0x0000000011c41000 	/System/Library/Frameworks/Accelerate.framework/Versions/A/Frameworks/vecLib.framework/Versions/A/libLinearAlgebra.dylib
0x0000000011c41000 	/System/Library/Frameworks/Accelerate.framework/Versions/A/Frameworks/vecLib.framework/Versions/A/libSparse.dylib
0x0000000011c41000 	/System/Library/Frameworks/Accelerate.framework/Versions/A/Frameworks/vecLib.framework/Versions/A/libSparseBLAS.dylib
0x0000000011c41000 	/System/Library/PrivateFrameworks/GPUWrangler.framework/Versions/A/GPUWrangler
0x0000000011c41000 	/System/Library/PrivateFrameworks/IOAccelerator.framework/Versions/A/IOAccelerator
0x0000000011c41000 	/System/Library/PrivateFrameworks/IOPresentment.framework/Versions/A/IOPresentment
0x0000000011c41000 	/System/Library/PrivateFrameworks/DSExternalDisplay.framework/Versions/A/DSExternalDisplay
0x0000000011c41000 	/System/Library/Frameworks/OpenGL.framework/Versions/A/Libraries/libCoreFSCache.dylib
0x0000000011c41000 	/System/Library/Frameworks/CoreVideo.framework/Versions/A/CoreVideo
0x0000000011c41000 	/System/Library/PrivateFrameworks/GraphVisualizer.framework/Versions/A/GraphVisualizer
0x0000000011c41000 	/System/Library/Frameworks/MetalPerformanceShaders.framework/Versions/A/MetalPerformanceShaders
0x0000000011c41000 	/usr/lib/libFosl_dynamic.dylib
0x0000000011c41000 	/System/Library/PrivateFrameworks/FaceCore.framework/Versions/A/FaceCore
0x0000000011c41000 	/System/Library/Frameworks/OpenCL.framework/Versions/A/OpenCL
0x0000000011c41000 	/usr/lib/libcompression.dylib
0x0000000011c41000 	/System/Library/Frameworks/ApplicationServices.framework/Versions/A/Frameworks/ATS.framework/Versions/A/Resources/libFontParser.dylib
0x0000000011c41000 	/System/Library/Frameworks/ApplicationServices.framework/Versions/A/Frameworks/ATS.framework/Versions/A/Resources/libFontRegistry.dylib
0x0000000011c41000 	/System/Library/Frameworks/ImageIO.framework/Versions/A/Resources/libJPEG.dylib
0x0000000011c41000 	/System/Library/Frameworks/ImageIO.framework/Versions/A/Resources/libTIFF.dylib
0x0000000011c41000 	/System/Library/Frameworks/ImageIO.framework/Versions/A/Resources/libPng.dylib
0x0000000011c41000 	/System/Library/Frameworks/ImageIO.framework/Versions/A/Resources/libGIF.dylib
0x0000000011c41000 	/System/Library/Frameworks/ImageIO.framework/Versions/A/Resources/libJP2.dylib
0x0000000011c41000 	/System/Library/Frameworks/ImageIO.framework/Versions/A/Resources/libRadiance.dylib
0x0000000011c41000 	/System/Library/PrivateFrameworks/AppleJPEG.framework/Versions/A/AppleJPEG
0x0000000011c41000 	/System/Library/Frameworks/MetalPerformanceShaders.framework/Frameworks/MPSCore.framework/Versions/A/MPSCore
0x0000000011c41000 	/System/Library/Frameworks/MetalPerformanceShaders.framework/Frameworks/MPSImage.framework/Versions/A/MPSImage
0x0000000011c41000 	/System/Library/Frameworks/MetalPerformanceShaders.framework/Frameworks/MPSNeuralNetwork.framework/Versions/A/MPSNeuralNetwork
0x0000000011c41000 	/System/Library/Frameworks/MetalPerformanceShaders.framework/Frameworks/MPSMatrix.framework/Versions/A/MPSMatrix
0x0000000011c41000 	/System/Library/PrivateFrameworks/MetalTools.framework/Versions/A/MetalTools
0x0000000011c41000 	/System/Library/Frameworks/OpenGL.framework/Versions/A/Libraries/libGLU.dylib
0x0000000011c41000 	/System/Library/Frameworks/OpenGL.framework/Versions/A/Libraries/libGFXShared.dylib
0x0000000011c41000 	/System/Library/Frameworks/OpenGL.framework/Versions/A/Libraries/libGL.dylib
0x0000000011c41000 	/System/Library/Frameworks/OpenGL.framework/Versions/A/Libraries/libGLImage.dylib
0x0000000011c41000 	/System/Library/Frameworks/OpenGL.framework/Versions/A/Libraries/libCVMSPluginSupport.dylib
0x0000000011c41000 	/System/Library/Frameworks/OpenGL.framework/Versions/A/Libraries/libCoreVMClient.dylib
0x0000000011c41000 	/usr/lib/libcups.2.dylib
0x0000000011c41000 	/System/Library/Frameworks/Kerberos.framework/Versions/A/Kerberos
0x0000000011c41000 	/System/Library/Frameworks/GSS.framework/Versions/A/GSS
0x0000000011c41000 	/usr/lib/libresolv.9.dylib
0x0000000011c41000 	/usr/lib/libiconv.2.dylib
0x0000000011c41000 	/System/Library/PrivateFrameworks/Heimdal.framework/Versions/A/Heimdal
0x0000000011c41000 	/usr/lib/libheimdal-asn1.dylib
0x0000000011c41000 	/System/Library/Frameworks/OpenDirectory.framework/Versions/A/OpenDirectory
0x0000000011c41000 	/System/Library/PrivateFrameworks/CommonAuth.framework/Versions/A/CommonAuth
0x0000000011c41000 	/System/Library/Frameworks/OpenDirectory.framework/Versions/A/Frameworks/CFOpenDirectory.framework/Versions/A/CFOpenDirectory
0x0000000011c41000 	/System/Library/Frameworks/SecurityFoundation.framework/Versions/A/SecurityFoundation
0x0000000011c41000 	/System/Library/PrivateFrameworks/APFS.framework/Versions/A/APFS
0x0000000011c41000 	/usr/lib/libutil.dylib
0x0000000011c41000 	/System/Library/PrivateFrameworks/AppleSauce.framework/Versions/A/AppleSauce
0x0000000011c41000 	/System/Library/PrivateFrameworks/LinguisticData.framework/Versions/A/LinguisticData
0x0000000011c41000 	/usr/lib/libmarisa.dylib
0x0000000011c41000 	/System/Library/PrivateFrameworks/Lexicon.framework/Versions/A/Lexicon
0x0000000011c41000 	/usr/lib/libChineseTokenizer.dylib
0x0000000011c41000 	/usr/lib/libcmph.dylib
0x0000000011c41000 	/System/Library/PrivateFrameworks/LanguageModeling.framework/Versions/A/LanguageModeling
0x0000000011c41000 	/System/Library/PrivateFrameworks/CoreEmoji.framework/Versions/A/CoreEmoji
0x0000000011c41000 	/System/Library/Frameworks/ServiceManagement.framework/Versions/A/ServiceManagement
0x0000000011c41000 	/System/Library/PrivateFrameworks/BackgroundTaskManagement.framework/Versions/A/BackgroundTaskManagement
0x0000000011c41000 	/usr/lib/libxslt.1.dylib
0x0000000011c41000 	/System/Library/Frameworks/Carbon.framework/Versions/A/Frameworks/Ink.framework/Versions/A/Ink
0x0000000011c41000 	/System/Library/PrivateFrameworks/TextureIO.framework/Versions/A/TextureIO
0x0000000011c41000 	/usr/lib/libate.dylib
0x0000000011c41000 	/System/Library/PrivateFrameworks/CrashReporterSupport.framework/Versions/A/CrashReporterSupport
0x0000000011c41000 	/System/Library/PrivateFrameworks/Sharing.framework/Versions/A/Sharing
0x0000000011c41000 	/System/Library/PrivateFrameworks/IconServices.framework/Versions/A/IconServices
0x0000000011c41000 	/System/Library/PrivateFrameworks/Apple80211.framework/Versions/A/Apple80211
0x0000000011c41000 	/System/Library/PrivateFrameworks/CoreUtils.framework/Versions/A/CoreUtils
0x0000000011c41000 	/System/Library/Frameworks/CoreWLAN.framework/Versions/A/CoreWLAN
0x0000000011c41000 	/System/Library/Frameworks/IOBluetooth.framework/Versions/A/IOBluetooth
0x0000000011c41000 	/System/Library/PrivateFrameworks/ProtocolBuffer.framework/Versions/A/ProtocolBuffer
0x0000000011c41000 	/System/Library/PrivateFrameworks/CoreWiFi.framework/Versions/A/CoreWiFi
0x0000000011c41000 	/System/Library/Frameworks/CoreBluetooth.framework/Versions/A/CoreBluetooth
0x0000000011c41000 	/System/Library/PrivateFrameworks/DebugSymbols.framework/Versions/A/DebugSymbols
0x0000000011c41000 	/System/Library/PrivateFrameworks/CoreSymbolication.framework/Versions/A/CoreSymbolication
0x0000000011c41000 	/System/Library/PrivateFrameworks/Symbolication.framework/Versions/A/Symbolication
0x0000000011c41000 	/System/Library/PrivateFrameworks/AppleFSCompression.framework/Versions/A/AppleFSCompression
0x0000000011c41000 	/System/Library/PrivateFrameworks/SpeechRecognitionCore.framework/Versions/A/SpeechRecognitionCore
0x0000000110800000 	/Library/Java/JavaVirtualMachines/jdk1.8.0_171.jdk/Contents/Home/jre/lib/server/libjvm.dylib
0x0000000011c41000 	/usr/lib/libstdc++.6.0.9.dylib
0x000000010ff20000 	/Library/Java/JavaVirtualMachines/jdk1.8.0_171.jdk/Contents/Home/jre/lib/libverify.dylib
0x000000010ff2e000 	/Library/Java/JavaVirtualMachines/jdk1.8.0_171.jdk/Contents/Home/jre/lib/libjava.dylib
0x000000010ffae000 	/Library/Java/JavaVirtualMachines/jdk1.8.0_171.jdk/Contents/Home/jre/lib/libzip.dylib
0x000000011730e000 	/Library/Java/JavaVirtualMachines/jdk1.8.0_171.jdk/Contents/Home/jre/lib/libprism_es2.dylib
0x0000000011c41000 	/System/Library/PrivateFrameworks/CoreServicesInternal.framework/Versions/A/CoreServicesInternal
0x0000000011c41000 	/System/Library/Frameworks/OpenGL.framework/Versions/A/Resources/GLEngine.bundle/GLEngine
0x0000000011c41000 	/System/Library/Frameworks/OpenGL.framework/Versions/A/Libraries/libGLProgrammability.dylib
0x0000000128c7c000 	/System/Library/Extensions/AppleIntelKBLGraphicsGLDriver.bundle/Contents/MacOS/AppleIntelKBLGraphicsGLDriver
0x0000000011c41000 	/System/Library/PrivateFrameworks/GPUSupport.framework/Versions/A/Libraries/libGPUSupportMercury.dylib
0x0000000011c41000 	/System/Library/Frameworks/OpenGL.framework/Versions/A/Resources/GLRendererFloat.bundle/GLRendererFloat
0x0000000011c41000 	/System/Library/Frameworks/OpenCL.framework/Versions/A/Libraries/libcldcpuengine.dylib
0x0000000011c41000 	/usr/lib/libcrypto.35.dylib
0x0000000011c41000 	/System/Library/PrivateFrameworks/TrustEvaluationAgent.framework/Versions/A/TrustEvaluationAgent
0x000000012a364000 	/Library/Java/JavaVirtualMachines/jdk1.8.0_171.jdk/Contents/Home/jre/lib/libglass.dylib
0x0000000011c41000 	/System/Library/CoreServices/RawCamera.bundle/Contents/MacOS/RawCamera
0x0000000011c41000 	/System/Library/PrivateFrameworks/MobileAsset.framework/Versions/A/MobileAsset
0x0000000011c41000 	/System/Library/PrivateFrameworks/StreamingZip.framework/Versions/A/StreamingZip
0x0000000011c41000 	/System/Library/Frameworks/MediaToolbox.framework/Versions/A/MediaToolbox
0x0000000011c41000 	/System/Library/PrivateFrameworks/CoreAVCHD.framework/Versions/A/CoreAVCHD
0x0000000011c41000 	/System/Library/Frameworks/MediaAccessibility.framework/Versions/A/MediaAccessibility
0x0000000011c41000 	/System/Library/PrivateFrameworks/Mangrove.framework/Versions/A/Mangrove
0x0000000011c41000 	/System/Library/Frameworks/CoreMedia.framework/Versions/A/CoreMedia
0x0000000011c41000 	/System/Library/Frameworks/VideoToolbox.framework/Versions/A/VideoToolbox
0x0000000011c41000 	/System/Library/PrivateFrameworks/CoreAUC.framework/Versions/A/CoreAUC
0x0000000011c41000 	/usr/lib/libspindump.dylib
0x0000000011c41000 	/System/Library/PrivateFrameworks/AppleVA.framework/Versions/A/AppleVA
0x0000000011c41000 	/System/Library/Frameworks/Accelerate.framework/Versions/A/Frameworks/vImage.framework/Versions/A/Libraries/libCGInterfaces.dylib
0x0000000011c41000 	/System/Library/PrivateFrameworks/FamilyControls.framework/Versions/A/FamilyControls
0x0000000011c41000 	/System/Library/PrivateFrameworks/CommerceKit.framework/Versions/A/Frameworks/CommerceCore.framework/Versions/A/CommerceCore
0x0000000011c41000 	/System/Library/PrivateFrameworks/SystemAdministration.framework/Versions/A/SystemAdministration
0x0000000011c41000 	/System/Library/PrivateFrameworks/AppContainer.framework/Versions/A/AppContainer
0x0000000011c41000 	/System/Library/PrivateFrameworks/SecCodeWrapper.framework/Versions/A/SecCodeWrapper
0x0000000011c41000 	/System/Library/PrivateFrameworks/DiskManagement.framework/Versions/A/DiskManagement
0x0000000011c41000 	/System/Library/Frameworks/DirectoryService.framework/Versions/A/DirectoryService
0x0000000011c41000 	/System/Library/PrivateFrameworks/DiskImages.framework/Versions/A/DiskImages
0x0000000011c41000 	/System/Library/PrivateFrameworks/LoginUIKit.framework/Versions/A/Frameworks/LoginUICore.framework/Versions/A/LoginUICore
0x0000000011c41000 	/usr/lib/libCoreStorage.dylib
0x0000000011c41000 	/usr/lib/libcsfde.dylib
0x0000000011c41000 	/usr/lib/libodfde.dylib
0x0000000011c41000 	/System/Library/PrivateFrameworks/MediaKit.framework/Versions/A/MediaKit
0x0000000011c41000 	/System/Library/Frameworks/DiscRecording.framework/Versions/A/DiscRecording
0x0000000011c41000 	/System/Library/PrivateFrameworks/EFILogin.framework/Versions/A/EFILogin
0x0000000011c41000 	/System/Library/PrivateFrameworks/ProtectedCloudStorage.framework/Versions/A/ProtectedCloudStorage
0x0000000011c41000 	/usr/lib/libcurl.4.dylib
0x0000000011c41000 	/usr/lib/libssl.35.dylib
0x0000000011c41000 	/System/Library/Frameworks/LDAP.framework/Versions/A/LDAP
0x0000000011c41000 	/usr/lib/libsasl2.2.dylib
0x0000000011c41000 	/System/Library/PrivateFrameworks/CoreDaemon.framework/Versions/B/CoreDaemon
0x0000000011c41000 	/System/Library/PrivateFrameworks/AppleSRP.framework/Versions/A/AppleSRP
0x000000012c968000 	/Library/Java/JavaVirtualMachines/jdk1.8.0_171.jdk/Contents/Home/jre/lib/libmanagement.dylib
0x000000012ce26000 	/Library/Java/JavaVirtualMachines/jdk1.8.0_171.jdk/Contents/Home/jre/lib/libnet.dylib
0x000000012d9fe000 	/Library/Java/JavaVirtualMachines/jdk1.8.0_171.jdk/Contents/Home/jre/lib/libnio.dylib
0x0000000011c41000 	/System/Library/Frameworks/ApplicationServices.framework/Versions/A/Frameworks/ATS.framework/Versions/A/Resources/libTrueTypeScaler.dylib
0x0000000011c41000 	/System/Library/Extensions/AppleIntelKBLGraphicsMTLDriver.bundle/Contents/MacOS/AppleIntelKBLGraphicsMTLDriver
0x0000000011c41000 	/System/Library/PrivateFrameworks/GPUCompiler.framework/Versions/3802/Libraries/libmetal_timestamp.dylib
0x000000012d0bc000 	/Library/Java/JavaVirtualMachines/jdk1.8.0_171.jdk/Contents/Home/jre/lib/libawt.dylib
0x000000012edc8000 	/Library/Java/JavaVirtualMachines/jdk1.8.0_171.jdk/Contents/Home/jre/lib/./libmlib_image.dylib
0x0000000011c41000 	/System/Library/Frameworks/JavaVM.framework/Versions/A/Frameworks/JavaNativeFoundation.framework/Versions/A/JavaNativeFoundation
0x0000000011c41000 	/System/Library/Frameworks/JavaVM.framework/Versions/A/Frameworks/JavaRuntimeSupport.framework/Versions/A/JavaRuntimeSupport
0x0000000011c41000 	/System/Library/Frameworks/JavaVM.framework/Versions/A/JavaVM
0x0000000011c41000 	/System/Library/PrivateFrameworks/JavaLaunching.framework/Versions/A/JavaLaunching
0x0000000011c41000 	/System/Library/Frameworks/Carbon.framework/Versions/A/Carbon
0x0000000011c41000 	/System/Library/Frameworks/Carbon.framework/Versions/A/Frameworks/CommonPanels.framework/Versions/A/CommonPanels
0x0000000011c41000 	/System/Library/Frameworks/Carbon.framework/Versions/A/Frameworks/Help.framework/Versions/A/Help
0x0000000011c41000 	/System/Library/Frameworks/Carbon.framework/Versions/A/Frameworks/ImageCapture.framework/Versions/A/ImageCapture
0x0000000011c41000 	/System/Library/Frameworks/Carbon.framework/Versions/A/Frameworks/OpenScripting.framework/Versions/A/OpenScripting
0x0000000011c41000 	/System/Library/Frameworks/Carbon.framework/Versions/A/Frameworks/Print.framework/Versions/A/Print
0x0000000011c41000 	/System/Library/Frameworks/Carbon.framework/Versions/A/Frameworks/SecurityHI.framework/Versions/A/SecurityHI
0x000000012ee94000 	/Library/Java/JavaVirtualMachines/jdk1.8.0_171.jdk/Contents/Home/jre/lib/libawt_lwawt.dylib
0x000000012d166000 	/Library/Java/JavaVirtualMachines/jdk1.8.0_171.jdk/Contents/Home/jre/lib/./libosxapp.dylib
0x0000000011c41000 	/System/Library/Frameworks/ExceptionHandling.framework/Versions/A/ExceptionHandling
0x000000012d182000 	/Library/Java/JavaVirtualMachines/jdk1.8.0_171.jdk/Contents/Home/jre/lib/libfontmanager.dylib
0x000000012a975000 	/Library/Java/JavaVirtualMachines/jdk1.8.0_171.jdk/Contents/Home/jre/lib/libosx.dylib
0x0000000011c41000 	/System/Library/PrivateFrameworks/ViewBridge.framework/Versions/A/ViewBridge
0x000000012d1e9000 	/Library/Java/JavaVirtualMachines/jdk1.8.0_171.jdk/Contents/Home/jre/lib/libosxui.dylib
0x000000012c33e000 	/Library/Java/JavaVirtualMachines/jdk1.8.0_171.jdk/Contents/Home/jre/lib/libjavafx_font.dylib
0x000000012cbb5000 	/Library/Java/JavaVirtualMachines/jdk1.8.0_171.jdk/Contents/Home/jre/lib/libprism_common.dylib
0x000000012aa5e000 	/Library/Java/JavaVirtualMachines/jdk1.8.0_171.jdk/Contents/Home/jre/lib/libsunec.dylib
0x0000000164cfd000 	/Library/Java/JavaVirtualMachines/jdk1.8.0_171.jdk/Contents/Home/jre/lib/libdcpr.dylib
0x0000000167a72000 	/Library/Java/JavaVirtualMachines/jdk1.8.0_171.jdk/Contents/Home/jre/lib/libt2k.dylib
0x0000000170b76000 	/Library/Java/JavaVirtualMachines/jdk1.8.0_171.jdk/Contents/Home/jre/lib/libjfxwebkit.dylib
0x0000000011c41000 	/System/Library/PrivateFrameworks/login.framework/Versions/A/login

VM Arguments:
jvm_args: -Dfile.encoding=UTF-8 -Duser.country=BR -Duser.language=pt -Duser.variant 
java_command: org.jabref.JabRefMain
java_class_path (initial): /Users/giovannibrogiato/IdeaProjects/JabRef4.2-Grupo4/build/classes/java/main:/Users/giovannibrogiato/IdeaProjects/JabRef4.2-Grupo4/build/resources/main:/Users/giovannibrogiato/IdeaProjects/JabRef4.2-Grupo4/lib/AppleJavaExtensions.jar:/Users/giovannibrogiato/IdeaProjects/JabRef4.2-Grupo4/lib/customjfx-1.0.0.jar:/Users/giovannibrogiato/IdeaProjects/JabRef4.2-Grupo4/lib/spin.jar:/Users/giovannibrogiato/.gradle/caches/modules-2/files-2.1/com.jgoodies/jgoodies-forms/1.9.0/eda960be2f88d47d14a81b742772b07684abc7d0/jgoodies-forms-1.9.0.jar:/Users/giovannibrogiato/.gradle/caches/modules-2/files-2.1/com.jgoodies/jgoodies-common/1.8.1/dffc159cf71bde5dcbb65916305684f6b43d45b1/jgoodies-common-1.8.1.jar:/Users/giovannibrogiato/.gradle/caches/modules-2/files-2.1/org.apache.pdfbox/pdfbox/2.0.9/d0425578218624388f2ec84a0b3a11efd55df0f5/pdfbox-2.0.9.jar:/Users/giovannibrogiato/.gradle/caches/modules-2/files-2.1/org.apache.pdfbox/fontbox/2.0.9/f961f17ebdbc307e9055e3cf7c0e207f0895ae55/fontbox-2.0.9.jar:/Users/giovannibrogiato/.gradle/caches/modules-2/files-2.1/org.apache.pdfbox/xmpbox/2.0.9/b406a2931213661cbbc308f8cfacd8fb6f763753/xmpbox-2.0.9.jar:/Users/giovannibrogiato/.gradle/caches/modules-2/files-2.1/org.bouncycastle/bcprov-jdk15on/1.59/2507204241ab450456bdb8e8c0a8f986e418bd99/bcprov-jdk15on-1.59.jar:/Users/giovannibrogiato/.gradle/caches/modules-2/files-2.1/commons-cli/commons-cli/1.4/c51c00206bb913cd8612b24abd9fa98ae89719b1/commons-cli-1.4.jar:/Users/giovannibrogiato/.gradle/caches/modules-2/files-2.1/org.libreoffice/juh/5.4.2/d646e7c4f41b3d4a59f4aeaa1afd6ac8a7f7ed55/juh-5.4.2.jar:/Users/giovannibrogiato/.gradle/caches/modules-2/files-2.1/org.libreoffice/jurt/5.4.2/7ec2894c5328809631061a061c8345d743a463f2/jurt-5.4.2.jar:/Users/giovannibrogiato/.gradle/caches/modules-2/files-2.1/org.libreoffice/ridl/5.4.2/b5e016320589723cafc98fc7151dd07af6067fe/ridl-5.4.2.jar:/Users/giovannibrogiato/.gradle/caches/modules-2/files-2.1/org.libreoffice/unoil/5.4.2/668ec7
Launcher Type: SUN_STANDARD

Environment Variables:
PATH=/Library/Frameworks/Python.framework/Versions/3.6/bin:/usr/local/bin:/usr/bin:/bin:/usr/sbin:/sbin
SHELL=/bin/bash

Signal Handlers:
SIGSEGV: [libjvm.dylib+0x5b512d], sa_mask[0]=11111111011111110111111111111111, sa_flags=SA_ONSTACK|SA_RESTART|SA_SIGINFO
SIGBUS: [libjvm.dylib+0x5b512d], sa_mask[0]=11111111011111110111111111111111, sa_flags=SA_RESTART|SA_SIGINFO
SIGFPE: [libjvm.dylib+0x48aa90], sa_mask[0]=11111111011111110111111111111111, sa_flags=SA_RESTART|SA_SIGINFO
SIGPIPE: [libjvm.dylib+0x48aa90], sa_mask[0]=11111111011111110111111111111111, sa_flags=SA_RESTART|SA_SIGINFO
SIGXFSZ: [libjvm.dylib+0x48aa90], sa_mask[0]=11111111011111110111111111111111, sa_flags=SA_RESTART|SA_SIGINFO
SIGILL: [libjvm.dylib+0x48aa90], sa_mask[0]=11111111011111110111111111111111, sa_flags=SA_RESTART|SA_SIGINFO
SIGUSR1: SIG_DFL, sa_mask[0]=00000000000000000000000000000000, sa_flags=none
SIGUSR2: [libjvm.dylib+0x48a5ae], sa_mask[0]=00100000000000000000000000000000, sa_flags=SA_RESTART|SA_SIGINFO
SIGHUP: [libjvm.dylib+0x488b79], sa_mask[0]=11111111011111110111111111111111, sa_flags=SA_RESTART|SA_SIGINFO
SIGINT: [libjvm.dylib+0x488b79], sa_mask[0]=11111111011111110111111111111111, sa_flags=SA_RESTART|SA_SIGINFO
SIGTERM: [libjvm.dylib+0x488b79], sa_mask[0]=11111111011111110111111111111111, sa_flags=SA_RESTART|SA_SIGINFO
SIGQUIT: [libjvm.dylib+0x488b79], sa_mask[0]=11111111011111110111111111111111, sa_flags=SA_RESTART|SA_SIGINFO


---------------  S Y S T E M  ---------------

OS:Bsduname:Darwin 17.5.0 Darwin Kernel Version 17.5.0: Mon Mar  5 22:24:32 PST 2018; root:xnu-4570.51.1~1/RELEASE_X86_64 x86_64
rlimit: STACK 8192k, CORE 0k, NPROC 709, NOFILE 10240, AS infinity
load average:3.91 3.69 3.31

CPU:total 4 (initial active 4) (2 cores per cpu, 2 threads per core) family 6 model 142 stepping 9, cmov, cx8, fxsr, mmx, sse, sse2, sse3, ssse3, sse4.1, sse4.2, popcnt, avx, avx2, aes, clmul, erms, rtm, 3dnowpref, lzcnt, ht, tsc, tscinvbit, bmi1, bmi2, adx

Memory: 4k page, physical 8388608k(27632k free)

/proc/meminfo:


vm_info: Java HotSpot(TM) 64-Bit Server VM (25.171-b11) for bsd-amd64 JRE (1.8.0_171-b11), built on Mar 28 2018 12:50:57 by "java_re" with gcc 4.2.1 (Based on Apple Inc. build 5658) (LLVM build 2336.11.00)

time: Mon Jul 16 01:22:57 2018
elapsed time: 131 seconds (0d 0h 2m 11s)

