#
# A fatal error has been detected by the Java Runtime Environment:
#
#  SIGSEGV (0xb) at pc=0x000000010bfa47d6, pid=86722, tid=0x0000000000000307
#
# JRE version: Java(TM) SE Runtime Environment (8.0_171-b11) (build 1.8.0_171-b11)
# Java VM: Java HotSpot(TM) 64-Bit Server VM (25.171-b11 mixed mode bsd-amd64 compressed oops)
# Problematic frame:
# V  [libjvm.dylib+0x16a7d6]  ThreadStateTransition::trans_from_native(JavaThreadState)+0xa
#
# Failed to write core dump. Core dumps have been disabled. To enable core dumping, try "ulimit -c unlimited" before starting Java again
#
# If you would like to submit a bug report, please visit:
#   http://bugreport.java.com/bugreport/crash.jsp
#

---------------  T H R E A D  ---------------

Current thread is native thread

siginfo: si_signo: 11 (SIGSEGV), si_code: 1 (SEGV_MAPERR), si_addr: 0x0000000000000270

Registers:
RAX=0x0000000000000000, RBX=0x0000000000000000, RCX=0x000000010c66f4a0, RDX=0x0000000000000000
RSP=0x00007ffee3df7770, RBP=0x00007ffee3df7780, RSI=0x0000000000000006, RDI=0x00007ffee3df7790
R8 =0x0000000000000000, R9 =0x0000000000000000, R10=0x00007fff94098ed8, R11=0x00007fcfa73526b0
R12=0x00007fcfa11a11f8, R13=0x00007fcfa72000f0, R14=0x00007fcfa256ec70, R15=0x00007fcfa11a11f8
RIP=0x000000010bfa47d6, EFLAGS=0x0000000000010246, ERR=0x0000000000000006
  TRAPNO=0x000000000000000e

Top of Stack: (sp=0x00007ffee3df7770)
0x00007ffee3df7770:   0000000000000000 00007fcfa256ec70
0x00007ffee3df7780:   00007ffee3df77b0 000000010c14fb36
0x00007ffee3df7790:   0000000000000000 00007fcfa406e0e0
0x00007ffee3df77a0:   0000000000000008 00007fcfa4404140
0x00007ffee3df77b0:   00007ffee3df77d0 00007fff3d4ede4e
0x00007ffee3df77c0:   00007fcfa11a11f8 00007fcfa4cf9e00
0x00007ffee3df77d0:   00007ffee3df77f0 00007fff3d4edc5b
0x00007ffee3df77e0:   00007fcfa406e000 00007fcfa269eeb0
0x00007ffee3df77f0:   00007ffee3df7850 000000012adc5bbb
0x00007ffee3df7800:   00007fff37a10377 0000000000000000
0x00007ffee3df7810:   4121d21450cd8afd 00007fcfa4cf9e00
0x00007ffee3df7820:   00007ffee3df7850 00007fff60ebce80
0x00007ffee3df7830:   00007fcfa4404140 00007fcfa72000f0
0x00007ffee3df7840:   00007fcfa441cc20 00007fcfa4cf9e00
0x00007ffee3df7850:   00007ffee3df7900 00007fff44b6da12
0x00007ffee3df7860:   00007fcfa4404140 0000000000000000
0x00007ffee3df7870:   0000000000000000 00007fcfa4404140
0x00007ffee3df7880:   0000000000000000 0000000000000000
0x00007ffee3df7890:   00007ffee3df78e0 0000000000000004
0x00007ffee3df78a0:   0000000000000000 4121d21450cd8afd
0x00007ffee3df78b0:   0000000000000004 0000000000000000
0x00007ffee3df78c0:   0000000000000000 00007ffee3df78e0
0x00007ffee3df78d0:   00007fcfa4404140 00007fff60ebce80
0x00007ffee3df78e0:   0000000000000004 0000000000000000
0x00007ffee3df78f0:   00007fcfa4404140 00007fff37a10377
0x00007ffee3df7900:   00007ffee3df7970 00007fff44b6d073
0x00007ffee3df7910:   0000000000000000 0000000000000000
0x00007ffee3df7920:   4096800000000000 4088b80000000000
0x00007ffee3df7930:   4088b80000000000 4096800000000000
0x00007ffee3df7940:   4000000000000000 00007ffee3df7a40
0x00007ffee3df7950:   00007fff60ebce80 0000000000000000
0x00007ffee3df7960:   00007fff37a12372 00007fcfa2200ea0 

Instructions: (pc=0x000000010bfa47d6)
0x000000010bfa47b6:   0e 48 8b 0b 49 8b 56 18 48 63 c0 48 89 0c c2 5b
0x000000010bfa47c6:   41 5e 5d c3 90 90 55 48 89 e5 41 56 53 48 8b 1f
0x000000010bfa47d6:   c7 83 70 02 00 00 05 00 00 00 48 8d 05 81 c4 78
0x000000010bfa47e6:   00 8b 00 83 f8 01 41 89 f6 75 0c 48 8d 0d ce 2f 

Register to memory mapping:

RAX=0x0000000000000000 is an unknown value
RBX=0x0000000000000000 is an unknown value
RCX=0x000000010c66f4a0: jni_NativeInterface+0 in /Library/Java/JavaVirtualMachines/jdk1.8.0_171.jdk/Contents/Home/jre/lib/server/libjvm.dylib at 0x000000010be3a000
RDX=0x0000000000000000 is an unknown value
RSP=0x00007ffee3df7770 is an unknown value
RBP=0x00007ffee3df7780 is an unknown value
RSI=0x0000000000000006 is an unknown value
RDI=0x00007ffee3df7790 is an unknown value
R8 =0x0000000000000000 is an unknown value
R9 =0x0000000000000000 is an unknown value
R10=0x00007fff94098ed8: OBJC_CLASS_$_JNFWeakJObjectWrapper+0 in /System/Library/Frameworks/JavaVM.framework/Versions/A/Frameworks/JavaNativeFoundation.framework/Versions/A/JavaNativeFoundation at 0x00007fff3d4e7000
R11=0x00007fcfa73526b0 is an unknown value
R12=0x00007fcfa11a11f8 is an unknown value
R13=0x00007fcfa72000f0 is an unknown value
R14=0x00007fcfa256ec70 is a weak global jni handle
R15=0x00007fcfa11a11f8 is an unknown value


Stack: [0x00007ffee35ff000,0x00007ffee3dff000],  sp=0x00007ffee3df7770,  free space=8161k
Native frames: (J=compiled Java code, j=interpreted, Vv=VM code, C=native code)
V  [libjvm.dylib+0x16a7d6]  ThreadStateTransition::trans_from_native(JavaThreadState)+0xa
V  [libjvm.dylib+0x315b36]  jni_IsSameObject+0x30
C  [JavaNativeFoundation+0x6e4e]  -[JNFWeakJObjectWrapper _getWithEnv:]+0x26
C  [JavaNativeFoundation+0x6c5b]  -[JNFJObjectWrapper jObjectWithEnv:]+0x16
C  [libawt_lwawt.dylib+0x1abbb]  -[CGLLayer drawInCGLContext:pixelFormat:forLayerTime:displayTime:]+0xa4
C  [QuartzCore+0x71a12]  CAOpenGLLayerDraw(CAOpenGLLayer*, double, CVTimeStamp const*, unsigned int)+0x7a7
C  [QuartzCore+0x71073]  -[CAOpenGLLayer _display]+0x235
C  [QuartzCore+0x11973]  CA::Layer::display_if_needed(CA::Transaction*)+0x279
C  [QuartzCore+0x11431]  CA::Layer::layout_and_display_if_needed(CA::Transaction*)+0x23
C  [QuartzCore+0x10434]  CA::Context::commit_transaction(CA::Transaction*)+0x146
C  [QuartzCore+0xffe1]  CA::Transaction::commit()+0x1e7
C  [QuartzCore+0x1c446]  CA::Transaction::observer_callback(__CFRunLoopObserver*, unsigned long, void*)+0x42
C  [CoreFoundation+0xa3467]  __CFRUNLOOP_IS_CALLING_OUT_TO_AN_OBSERVER_CALLBACK_FUNCTION__+0x17
C  [CoreFoundation+0xa338f]  __CFRunLoopDoObservers+0x20f
C  [CoreFoundation+0x85a70]  __CFRunLoopRun+0x640
C  [CoreFoundation+0x851a3]  CFRunLoopRunSpecific+0x1e3
C  [java+0x6472]  CreateExecutionEnvironment+0x367
C  [java+0x207c]  JLI_Launch+0x7a0
C  [java+0x84cf]  main+0x65
C  [java+0x18d4]  start+0x34


---------------  P R O C E S S  ---------------

VM state:not at safepoint (normal execution)

VM Mutex/Monitor currently owned by a thread: None

Heap:
 PSYoungGen      total 130560K, used 55170K [0x0000000795580000, 0x00000007a0000000, 0x00000007c0000000)
  eden space 97280K, 37% used [0x0000000795580000,0x000000079792b7f0,0x000000079b480000)
  from space 33280K, 56% used [0x000000079b480000,0x000000079c6b51d0,0x000000079d500000)
  to   space 33280K, 0% used [0x000000079df80000,0x000000079df80000,0x00000007a0000000)
 ParOldGen       total 157184K, used 43996K [0x0000000740000000, 0x0000000749980000, 0x0000000795580000)
  object space 157184K, 27% used [0x0000000740000000,0x0000000742af73e8,0x0000000749980000)
 Metaspace       used 62841K, capacity 66380K, committed 66560K, reserved 1105920K
  class space    used 9582K, capacity 10156K, committed 10240K, reserved 1048576K

Card table byte_map: [0x000000010da3f000,0x000000010de40000] byte_map_base: 0x000000010a03f000

Marking Bits: (ParMarkBitMap*) 0x000000010c7316e0
 Begin Bits: [0x000000011d339000, 0x000000011f339000)
 End Bits:   [0x000000011f339000, 0x0000000121339000)

Polling page: 0x000000010cdf6000

CodeCache: size=245760Kb used=21063Kb max_used=21066Kb free=224696Kb
 bounds [0x000000010e339000, 0x000000010f7e9000, 0x000000011d339000]
 total_blobs=7950 nmethods=6897 adapters=964
 compilation: enabled

Compilation events (10 events):
Event: 83.433 Thread 0x00007fcfa000e000 7852       3       java.awt.ModalEventFilter$ApplicationModalEventFilter::acceptWindow (57 bytes)
Event: 83.434 Thread 0x00007fcfa000e000 nmethod 7852 0x000000010f7de0d0 code [0x000000010f7de280, 0x000000010f7de908]
Event: 83.581 Thread 0x00007fcfa000e000 7853   !   3       java.awt.Frame::getExtendedState (19 bytes)
Event: 83.582 Thread 0x00007fcfa000e000 nmethod 7853 0x000000010f7ddad0 code [0x000000010f7ddc40, 0x000000010f7ddfd0]
Event: 83.597 Thread 0x00007fcfa1048800 7854       4       java.util.concurrent.atomic.AtomicBoolean::get (13 bytes)
Event: 83.598 Thread 0x00007fcfa1048800 nmethod 7854 0x000000010f7da450 code [0x000000010f7da5a0, 0x000000010f7da618]
Event: 83.600 Thread 0x00007fcfa083e000 7855   !   4       javax.swing.JComponent::putClientProperty (107 bytes)
Event: 83.603 Thread 0x00007fcfa000e000 7857  s    3       sun.awt.image.SurfaceManager::flush (66 bytes)
Event: 83.606 Thread 0x00007fcfa000e000 nmethod 7857 0x000000010f7e13d0 code [0x000000010f7e1620, 0x000000010f7e28a8]
Event: 83.606 Thread 0x00007fcfa000e000 7856  s    3       sun.awt.image.SurfaceManager::flush (6 bytes)

GC Heap History (10 events):
Event: 6.650 GC heap before
{Heap before GC invocations=12 (full 3):
 PSYoungGen      total 98816K, used 15916K [0x0000000795580000, 0x000000079df80000, 0x00000007c0000000)
  eden space 72704K, 0% used [0x0000000795580000,0x0000000795580000,0x0000000799c80000)
  from space 26112K, 60% used [0x0000000799c80000,0x000000079ac0b288,0x000000079b600000)
  to   space 26112K, 0% used [0x000000079c600000,0x000000079c600000,0x000000079df80000)
 ParOldGen       total 94208K, used 44702K [0x0000000740000000, 0x0000000745c00000, 0x0000000795580000)
  object space 94208K, 47% used [0x0000000740000000,0x0000000742ba7bb0,0x0000000745c00000)
 Metaspace       used 56533K, capacity 59048K, committed 59096K, reserved 1099776K
  class space    used 8734K, capacity 9202K, committed 9216K, reserved 1048576K
Event: 6.752 GC heap after
Heap after GC invocations=12 (full 3):
 PSYoungGen      total 98816K, used 0K [0x0000000795580000, 0x000000079df80000, 0x00000007c0000000)
  eden space 72704K, 0% used [0x0000000795580000,0x0000000795580000,0x0000000799c80000)
  from space 26112K, 0% used [0x0000000799c80000,0x0000000799c80000,0x000000079b600000)
  to   space 26112K, 0% used [0x000000079c600000,0x000000079c600000,0x000000079df80000)
 ParOldGen       total 157184K, used 30141K [0x0000000740000000, 0x0000000749980000, 0x0000000795580000)
  object space 157184K, 19% used [0x0000000740000000,0x0000000741d6f4a8,0x0000000749980000)
 Metaspace       used 56533K, capacity 59048K, committed 59096K, reserved 1099776K
  class space    used 8734K, capacity 9202K, committed 9216K, reserved 1048576K
}
Event: 10.977 GC heap before
{Heap before GC invocations=13 (full 3):
 PSYoungGen      total 98816K, used 72704K [0x0000000795580000, 0x000000079df80000, 0x00000007c0000000)
  eden space 72704K, 100% used [0x0000000795580000,0x0000000799c80000,0x0000000799c80000)
  from space 26112K, 0% used [0x0000000799c80000,0x0000000799c80000,0x000000079b600000)
  to   space 26112K, 0% used [0x000000079c600000,0x000000079c600000,0x000000079df80000)
 ParOldGen       total 157184K, used 30855K [0x0000000740000000, 0x0000000749980000, 0x0000000795580000)
  object space 157184K, 19% used [0x0000000740000000,0x0000000741e21eb8,0x0000000749980000)
 Metaspace       used 59826K, capacity 62790K, committed 63104K, reserved 1101824K
  class space    used 9276K, capacity 9777K, committed 9856K, reserved 1048576K
Event: 10.984 GC heap after
Heap after GC invocations=13 (full 3):
 PSYoungGen      total 110080K, used 5931K [0x0000000795580000, 0x000000079dc80000, 0x00000007c0000000)
  eden space 87040K, 0% used [0x0000000795580000,0x0000000795580000,0x000000079aa80000)
  from space 23040K, 25% used [0x000000079c600000,0x000000079cbcaee0,0x000000079dc80000)
  to   space 25600K, 0% used [0x000000079aa80000,0x000000079aa80000,0x000000079c380000)
 ParOldGen       total 157184K, used 30863K [0x0000000740000000, 0x0000000749980000, 0x0000000795580000)
  object space 157184K, 19% used [0x0000000740000000,0x0000000741e23eb8,0x0000000749980000)
 Metaspace       used 59826K, capacity 62790K, committed 63104K, reserved 1101824K
  class space    used 9276K, capacity 9777K, committed 9856K, reserved 1048576K
}
Event: 26.586 GC heap before
{Heap before GC invocations=14 (full 3):
 PSYoungGen      total 110080K, used 92971K [0x0000000795580000, 0x000000079dc80000, 0x00000007c0000000)
  eden space 87040K, 100% used [0x0000000795580000,0x000000079aa80000,0x000000079aa80000)
  from space 23040K, 25% used [0x000000079c600000,0x000000079cbcaee0,0x000000079dc80000)
  to   space 25600K, 0% used [0x000000079aa80000,0x000000079aa80000,0x000000079c380000)
 ParOldGen       total 157184K, used 30865K [0x0000000740000000, 0x0000000749980000, 0x0000000795580000)
  object space 157184K, 19% used [0x0000000740000000,0x0000000741e246c8,0x0000000749980000)
 Metaspace       used 62121K, capacity 65570K, committed 65792K, reserved 1105920K
  class space    used 9534K, capacity 10133K, committed 10240K, reserved 1048576K
Event: 26.602 GC heap after
Heap after GC invocations=14 (full 3):
 PSYoungGen      total 112640K, used 24551K [0x0000000795580000, 0x000000079f180000, 0x00000007c0000000)
  eden space 87040K, 0% used [0x0000000795580000,0x0000000795580000,0x000000079aa80000)
  from space 25600K, 95% used [0x000000079aa80000,0x000000079c279d98,0x000000079c380000)
  to   space 29184K, 0% used [0x000000079d500000,0x000000079d500000,0x000000079f180000)
 ParOldGen       total 157184K, used 39641K [0x0000000740000000, 0x0000000749980000, 0x0000000795580000)
  object space 157184K, 25% used [0x0000000740000000,0x00000007426b6598,0x0000000749980000)
 Metaspace       used 62121K, capacity 65570K, committed 65792K, reserved 1105920K
  class space    used 9534K, capacity 10133K, committed 10240K, reserved 1048576K
}
Event: 65.950 GC heap before
{Heap before GC invocations=15 (full 3):
 PSYoungGen      total 112640K, used 110422K [0x0000000795580000, 0x000000079f180000, 0x00000007c0000000)
  eden space 87040K, 98% used [0x0000000795580000,0x000000079a95bd40,0x000000079aa80000)
  from space 25600K, 95% used [0x000000079aa80000,0x000000079c279d98,0x000000079c380000)
  to   space 29184K, 0% used [0x000000079d500000,0x000000079d500000,0x000000079f180000)
 ParOldGen       total 157184K, used 39641K [0x0000000740000000, 0x0000000749980000, 0x0000000795580000)
  object space 157184K, 25% used [0x0000000740000000,0x00000007426b6598,0x0000000749980000)
 Metaspace       used 62565K, capacity 65994K, committed 66304K, reserved 1105920K
  class space    used 9549K, capacity 10139K, committed 10240K, reserved 1048576K
Event: 65.971 GC heap after
Heap after GC invocations=15 (full 3):
 PSYoungGen      total 126464K, used 28188K [0x0000000795580000, 0x000000079f700000, 0x00000007c0000000)
  eden space 97280K, 0% used [0x0000000795580000,0x0000000795580000,0x000000079b480000)
  from space 29184K, 96% used [0x000000079d500000,0x000000079f0872b0,0x000000079f180000)
  to   space 33280K, 0% used [0x000000079b480000,0x000000079b480000,0x000000079d500000)
 ParOldGen       total 157184K, used 43988K [0x0000000740000000, 0x0000000749980000, 0x0000000795580000)
  object space 157184K, 27% used [0x0000000740000000,0x0000000742af53e8,0x0000000749980000)
 Metaspace       used 62565K, capacity 65994K, committed 66304K, reserved 1105920K
  class space    used 9549K, capacity 10139K, committed 10240K, reserved 1048576K
}
Event: 82.719 GC heap before
{Heap before GC invocations=16 (full 3):
 PSYoungGen      total 126464K, used 113950K [0x0000000795580000, 0x000000079f700000, 0x00000007c0000000)
  eden space 97280K, 88% used [0x0000000795580000,0x000000079a940598,0x000000079b480000)
  from space 29184K, 96% used [0x000000079d500000,0x000000079f0872b0,0x000000079f180000)
  to   space 33280K, 0% used [0x000000079b480000,0x000000079b480000,0x000000079d500000)
 ParOldGen       total 157184K, used 43988K [0x0000000740000000, 0x0000000749980000, 0x0000000795580000)
  object space 157184K, 27% used [0x0000000740000000,0x0000000742af53e8,0x0000000749980000)
 Metaspace       used 62798K, capacity 66292K, committed 66560K, reserved 1105920K
  class space    used 9578K, capacity 10150K, committed 10240K, reserved 1048576K
Event: 82.733 GC heap after
Heap after GC invocations=16 (full 3):
 PSYoungGen      total 130560K, used 18644K [0x0000000795580000, 0x00000007a0000000, 0x00000007c0000000)
  eden space 97280K, 0% used [0x0000000795580000,0x0000000795580000,0x000000079b480000)
  from space 33280K, 56% used [0x000000079b480000,0x000000079c6b51d0,0x000000079d500000)
  to   space 33280K, 0% used [0x000000079df80000,0x000000079df80000,0x00000007a0000000)
 ParOldGen       total 157184K, used 43996K [0x0000000740000000, 0x0000000749980000, 0x0000000795580000)
  object space 157184K, 27% used [0x0000000740000000,0x0000000742af73e8,0x0000000749980000)
 Metaspace       used 62798K, capacity 66292K, committed 66560K, reserved 1105920K
  class space    used 9578K, capacity 10150K, committed 10240K, reserved 1048576K
}

Deoptimization events (10 events):
Event: 54.033 Thread 0x00007fcfa145d000 Uncommon trap: reason=class_check action=maybe_recompile pc=0x000000010f6654c4 method=java.awt.EventQueue.coalesceEvent(Ljava/awt/AWTEvent;I)Z @ 77
Event: 63.036 Thread 0x00007fcfa11a1000 Uncommon trap: reason=unstable_if action=reinterpret pc=0x000000010eeb3da8 method=javafx.scene.Scene.isDirtyEmpty()Z @ 4
Event: 66.632 Thread 0x00007fcfa145d000 Uncommon trap: reason=unstable_if action=reinterpret pc=0x000000010f689040 method=java.awt.Container.getMouseEventTargetImpl(IIZLjava/awt/Container$EventTargetFilter;ZZ)Ljava/awt/Component; @ 218
Event: 82.489 Thread 0x00007fcfa145d000 Uncommon trap: reason=unstable_if action=reinterpret pc=0x000000010f57e528 method=javax.swing.InputMap.get(Ljavax/swing/KeyStroke;)Ljava/lang/Object; @ 34
Event: 82.491 Thread 0x00007fcfa11a1000 Uncommon trap: reason=unstable_if action=reinterpret pc=0x000000010f797c48 method=com.sun.javafx.application.PlatformImpl.checkIdle()V @ 40
Event: 82.491 Thread 0x00007fcfa11a1000 Uncommon trap: reason=unstable_if action=reinterpret pc=0x000000010f794ea4 method=com.sun.javafx.application.PlatformImpl.checkIdle()V @ 40
Event: 83.579 Thread 0x00007fcfa145d000 Uncommon trap: reason=unstable_if action=reinterpret pc=0x000000010eb07fd0 method=javax.swing.JMenuBar.processBindingForKeyStrokeRecursive(Ljavax/swing/MenuElement;Ljavax/swing/KeyStroke;Ljava/awt/event/KeyEvent;IZ)Z @ 66
Event: 83.579 Thread 0x00007fcfa145d000 Uncommon trap: reason=unstable_if action=reinterpret pc=0x000000010eb0800c method=javax.swing.JMenuBar.processBindingForKeyStrokeRecursive(Ljavax/swing/MenuElement;Ljavax/swing/KeyStroke;Ljava/awt/event/KeyEvent;IZ)Z @ 115
Event: 83.590 Thread 0x00007fcfa1476800 Uncommon trap: reason=unstable_if action=reinterpret pc=0x000000010f79883c method=com.sun.javafx.application.PlatformImpl.runLater(Ljava/lang/Runnable;Z)V @ 48
Event: 83.597 Thread 0x00007fcfa1006000 Uncommon trap: reason=unstable_if action=reinterpret pc=0x000000010f0c64d0 method=java.security.AccessControlContext.optimize()Ljava/security/AccessControlContext; @ 49

Classes redefined (0 events):
No events

Internal exceptions (10 events):
Event: 29.679 Thread 0x00007fcfa56ab000 Exception <a 'java/lang/InterruptedException': sleep interrupted> (0x0000000796385c08) thrown at [/Users/java_re/workspace/8-2-build-macosx-x86_64/jdk8u171/10807/hotspot/src/share/vm/prims/jvm.cpp, line 3273]
Event: 29.930 Thread 0x00007fcfa53d7800 Exception <a 'java/lang/NullPointerException'> (0x00000007965485c8) thrown at [/Users/java_re/workspace/8-2-build-macosx-x86_64/jdk8u171/10807/hotspot/src/share/vm/interpreter/linkResolver.cpp, line 1287]
Event: 32.665 Thread 0x00007fcfa52b0000 Exception <a 'java/lang/InterruptedException': sleep interrupted> (0x0000000796630278) thrown at [/Users/java_re/workspace/8-2-build-macosx-x86_64/jdk8u171/10807/hotspot/src/share/vm/prims/jvm.cpp, line 3273]
Event: 32.785 Thread 0x00007fcfa53d7800 Exception <a 'java/lang/InterruptedException': sleep interrupted> (0x00000007967da970) thrown at [/Users/java_re/workspace/8-2-build-macosx-x86_64/jdk8u171/10807/hotspot/src/share/vm/prims/jvm.cpp, line 3273]
Event: 33.036 Thread 0x00007fcfa52b0000 Exception <a 'java/lang/NullPointerException'> (0x0000000796985120) thrown at [/Users/java_re/workspace/8-2-build-macosx-x86_64/jdk8u171/10807/hotspot/src/share/vm/interpreter/linkResolver.cpp, line 1287]
Event: 35.481 Thread 0x00007fcfa52b0000 Exception <a 'java/lang/InterruptedException': sleep interrupted> (0x0000000796a8f4a0) thrown at [/Users/java_re/workspace/8-2-build-macosx-x86_64/jdk8u171/10807/hotspot/src/share/vm/prims/jvm.cpp, line 3273]
Event: 35.735 Thread 0x00007fcfa53d7800 Exception <a 'java/lang/NullPointerException'> (0x0000000796c39af8) thrown at [/Users/java_re/workspace/8-2-build-macosx-x86_64/jdk8u171/10807/hotspot/src/share/vm/interpreter/linkResolver.cpp, line 1287]
Event: 50.167 Thread 0x00007fcfa53ca000 Exception <a 'java/lang/InterruptedException': sleep interrupted> (0x00000007970f45c0) thrown at [/Users/java_re/workspace/8-2-build-macosx-x86_64/jdk8u171/10807/hotspot/src/share/vm/prims/jvm.cpp, line 3273]
Event: 50.422 Thread 0x00007fcfa09b4000 Exception <a 'java/lang/NullPointerException'> (0x000000079729ebf0) thrown at [/Users/java_re/workspace/8-2-build-macosx-x86_64/jdk8u171/10807/hotspot/src/share/vm/interpreter/linkResolver.cpp, line 1287]
Event: 83.597 Thread 0x00007fcfa1006000 Implicit null exception at 0x000000010f0c5820 to 0x000000010f0c64bd

Events (10 events):
Event: 83.597 loading class com/sun/javafx/tk/quantum/QuantumToolkit
Event: 83.597 loading class com/sun/javafx/tk/quantum/QuantumToolkit done
Event: 83.597 Thread 0x00007fcfa184e800 Thread exited: 0x00007fcfa184e800
Event: 83.597 Thread 0x00007fcfa1476800 Thread exited: 0x00007fcfa1476800
Event: 83.597 Thread 0x00007fcfa1006000 Thread exited: 0x00007fcfa1006000
Event: 83.597 Thread 0x00007fcfa1006000 Thread added: 0x00007fcfa1006000
Event: 83.597 Thread 0x00007fcfa1006000 Uncommon trap: trap_request=0xffffff65 fr.pc=0x000000010f0c64d0
Event: 83.597 Thread 0x00007fcfa1006000 DEOPT PACKING pc=0x000000010f0c64d0 sp=0x0000700008d4f720
Event: 83.597 Thread 0x00007fcfa1006000 DEOPT UNPACKING pc=0x000000010e37e73a sp=0x0000700008d4f6e8 mode 2
Event: 83.598 Thread 0x00007fcfa11a1000 Thread exited: 0x00007fcfa11a1000


Dynamic libraries:
0x0000000011c41000 	/System/Library/Frameworks/Cocoa.framework/Versions/A/Cocoa
0x0000000011c41000 	/System/Library/Frameworks/Security.framework/Versions/A/Security
0x0000000011c41000 	/System/Library/Frameworks/ApplicationServices.framework/Versions/A/ApplicationServices
0x0000000011c41000 	/usr/lib/libz.1.dylib
0x0000000011c41000 	/usr/lib/libSystem.B.dylib
0x0000000011c41000 	/usr/lib/libobjc.A.dylib
0x0000000011c41000 	/System/Library/Frameworks/CoreFoundation.framework/Versions/A/CoreFoundation
0x0000000011c41000 	/System/Library/Frameworks/Foundation.framework/Versions/C/Foundation
0x0000000011c41000 	/System/Library/Frameworks/AppKit.framework/Versions/C/AppKit
0x0000000011c41000 	/System/Library/Frameworks/CoreData.framework/Versions/A/CoreData
0x0000000011c41000 	/System/Library/PrivateFrameworks/RemoteViewServices.framework/Versions/A/RemoteViewServices
0x0000000011c41000 	/System/Library/PrivateFrameworks/UIFoundation.framework/Versions/A/UIFoundation
0x0000000011c41000 	/System/Library/PrivateFrameworks/DFRFoundation.framework/Versions/A/DFRFoundation
0x0000000011c41000 	/System/Library/Frameworks/Metal.framework/Versions/A/Metal
0x0000000011c41000 	/System/Library/PrivateFrameworks/DesktopServicesPriv.framework/Versions/A/DesktopServicesPriv
0x0000000011c41000 	/usr/lib/libenergytrace.dylib
0x0000000011c41000 	/System/Library/PrivateFrameworks/SkyLight.framework/Versions/A/SkyLight
0x0000000011c41000 	/System/Library/Frameworks/CoreGraphics.framework/Versions/A/CoreGraphics
0x0000000011c41000 	/usr/lib/libScreenReader.dylib
0x0000000011c41000 	/System/Library/Frameworks/Accelerate.framework/Versions/A/Accelerate
0x0000000011c41000 	/System/Library/Frameworks/IOSurface.framework/Versions/A/IOSurface
0x0000000011c41000 	/System/Library/Frameworks/AudioToolbox.framework/Versions/A/AudioToolbox
0x0000000011c41000 	/System/Library/Frameworks/AudioUnit.framework/Versions/A/AudioUnit
0x0000000011c41000 	/System/Library/PrivateFrameworks/DataDetectorsCore.framework/Versions/A/DataDetectorsCore
0x0000000011c41000 	/System/Library/Frameworks/Carbon.framework/Versions/A/Frameworks/HIToolbox.framework/Versions/A/HIToolbox
0x0000000011c41000 	/usr/lib/libicucore.A.dylib
0x0000000011c41000 	/System/Library/Frameworks/QuartzCore.framework/Versions/A/QuartzCore
0x0000000011c41000 	/System/Library/PrivateFrameworks/SignpostNotification.framework/Versions/A/SignpostNotification
0x0000000011c41000 	/System/Library/Frameworks/Carbon.framework/Versions/A/Frameworks/SpeechRecognition.framework/Versions/A/SpeechRecognition
0x0000000011c41000 	/usr/lib/libauto.dylib
0x0000000011c41000 	/usr/lib/libxml2.2.dylib
0x0000000011c41000 	/System/Library/PrivateFrameworks/CoreUI.framework/Versions/A/CoreUI
0x0000000011c41000 	/System/Library/Frameworks/CoreAudio.framework/Versions/A/CoreAudio
0x0000000011c41000 	/System/Library/Frameworks/DiskArbitration.framework/Versions/A/DiskArbitration
0x0000000011c41000 	/usr/lib/liblangid.dylib
0x0000000011c41000 	/System/Library/PrivateFrameworks/MultitouchSupport.framework/Versions/A/MultitouchSupport
0x0000000011c41000 	/System/Library/Frameworks/IOKit.framework/Versions/A/IOKit
0x0000000011c41000 	/usr/lib/libDiagnosticMessagesClient.dylib
0x0000000011c41000 	/System/Library/Frameworks/CoreServices.framework/Versions/A/CoreServices
0x0000000011c41000 	/System/Library/PrivateFrameworks/PerformanceAnalysis.framework/Versions/A/PerformanceAnalysis
0x0000000011c41000 	/System/Library/Frameworks/OpenGL.framework/Versions/A/OpenGL
0x0000000011c41000 	/System/Library/Frameworks/ColorSync.framework/Versions/A/ColorSync
0x0000000011c41000 	/System/Library/Frameworks/CoreImage.framework/Versions/A/CoreImage
0x0000000011c41000 	/System/Library/Frameworks/CoreText.framework/Versions/A/CoreText
0x0000000011c41000 	/System/Library/Frameworks/ImageIO.framework/Versions/A/ImageIO
0x0000000011c41000 	/System/Library/PrivateFrameworks/Backup.framework/Versions/A/Backup
0x0000000011c41000 	/usr/lib/libarchive.2.dylib
0x0000000011c41000 	/System/Library/Frameworks/CFNetwork.framework/Versions/A/CFNetwork
0x0000000011c41000 	/System/Library/Frameworks/SystemConfiguration.framework/Versions/A/SystemConfiguration
0x0000000011c41000 	/usr/lib/libCRFSuite.dylib
0x0000000011c41000 	/usr/lib/libc++.1.dylib
0x0000000011c41000 	/usr/lib/libc++abi.dylib
0x0000000011c41000 	/usr/lib/system/libcache.dylib
0x0000000011c41000 	/usr/lib/system/libcommonCrypto.dylib
0x0000000011c41000 	/usr/lib/system/libcompiler_rt.dylib
0x0000000011c41000 	/usr/lib/system/libcopyfile.dylib
0x0000000011c41000 	/usr/lib/system/libcorecrypto.dylib
0x0000000011c41000 	/usr/lib/system/libdispatch.dylib
0x0000000011c41000 	/usr/lib/system/libdyld.dylib
0x0000000011c41000 	/usr/lib/system/libkeymgr.dylib
0x0000000011c41000 	/usr/lib/system/liblaunch.dylib
0x0000000011c41000 	/usr/lib/system/libmacho.dylib
0x0000000011c41000 	/usr/lib/system/libquarantine.dylib
0x0000000011c41000 	/usr/lib/system/libremovefile.dylib
0x0000000011c41000 	/usr/lib/system/libsystem_asl.dylib
0x0000000011c41000 	/usr/lib/system/libsystem_blocks.dylib
0x0000000011c41000 	/usr/lib/system/libsystem_c.dylib
0x0000000011c41000 	/usr/lib/system/libsystem_configuration.dylib
0x0000000011c41000 	/usr/lib/system/libsystem_coreservices.dylib
0x0000000011c41000 	/usr/lib/system/libsystem_darwin.dylib
0x0000000011c41000 	/usr/lib/system/libsystem_dnssd.dylib
0x0000000011c41000 	/usr/lib/system/libsystem_info.dylib
0x0000000011c41000 	/usr/lib/system/libsystem_m.dylib
0x0000000011c41000 	/usr/lib/system/libsystem_malloc.dylib
0x0000000011c41000 	/usr/lib/system/libsystem_network.dylib
0x0000000011c41000 	/usr/lib/system/libsystem_networkextension.dylib
0x0000000011c41000 	/usr/lib/system/libsystem_notify.dylib
0x0000000011c41000 	/usr/lib/system/libsystem_sandbox.dylib
0x0000000011c41000 	/usr/lib/system/libsystem_secinit.dylib
0x0000000011c41000 	/usr/lib/system/libsystem_kernel.dylib
0x0000000011c41000 	/usr/lib/system/libsystem_platform.dylib
0x0000000011c41000 	/usr/lib/system/libsystem_pthread.dylib
0x0000000011c41000 	/usr/lib/system/libsystem_symptoms.dylib
0x0000000011c41000 	/usr/lib/system/libsystem_trace.dylib
0x0000000011c41000 	/usr/lib/system/libunwind.dylib
0x0000000011c41000 	/usr/lib/system/libxpc.dylib
0x0000000011c41000 	/usr/lib/closure/libclosured.dylib
0x0000000011c41000 	/usr/lib/libbsm.0.dylib
0x0000000011c41000 	/usr/lib/system/libkxld.dylib
0x0000000011c41000 	/usr/lib/libOpenScriptingUtil.dylib
0x0000000011c41000 	/usr/lib/libcoretls.dylib
0x0000000011c41000 	/usr/lib/libcoretls_cfhelpers.dylib
0x0000000011c41000 	/usr/lib/libpam.2.dylib
0x0000000011c41000 	/usr/lib/libsqlite3.dylib
0x0000000011c41000 	/usr/lib/libxar.1.dylib
0x0000000011c41000 	/usr/lib/libbz2.1.0.dylib
0x0000000011c41000 	/usr/lib/liblzma.5.dylib
0x0000000011c41000 	/usr/lib/libnetwork.dylib
0x0000000011c41000 	/usr/lib/libapple_nghttp2.dylib
0x0000000011c41000 	/usr/lib/libpcap.A.dylib
0x0000000011c41000 	/usr/lib/libboringssl.dylib
0x0000000011c41000 	/usr/lib/libusrtcp.dylib
0x0000000011c41000 	/usr/lib/libapple_crypto.dylib
0x0000000011c41000 	/System/Library/Frameworks/CoreServices.framework/Versions/A/Frameworks/FSEvents.framework/Versions/A/FSEvents
0x0000000011c41000 	/System/Library/Frameworks/CoreServices.framework/Versions/A/Frameworks/CarbonCore.framework/Versions/A/CarbonCore
0x0000000011c41000 	/System/Library/Frameworks/CoreServices.framework/Versions/A/Frameworks/Metadata.framework/Versions/A/Metadata
0x0000000011c41000 	/System/Library/Frameworks/CoreServices.framework/Versions/A/Frameworks/OSServices.framework/Versions/A/OSServices
0x0000000011c41000 	/System/Library/Frameworks/CoreServices.framework/Versions/A/Frameworks/SearchKit.framework/Versions/A/SearchKit
0x0000000011c41000 	/System/Library/Frameworks/CoreServices.framework/Versions/A/Frameworks/AE.framework/Versions/A/AE
0x0000000011c41000 	/System/Library/Frameworks/CoreServices.framework/Versions/A/Frameworks/LaunchServices.framework/Versions/A/LaunchServices
0x0000000011c41000 	/System/Library/Frameworks/CoreServices.framework/Versions/A/Frameworks/DictionaryServices.framework/Versions/A/DictionaryServices
0x0000000011c41000 	/System/Library/Frameworks/CoreServices.framework/Versions/A/Frameworks/SharedFileList.framework/Versions/A/SharedFileList
0x0000000011c41000 	/System/Library/Frameworks/NetFS.framework/Versions/A/NetFS
0x0000000011c41000 	/System/Library/PrivateFrameworks/NetAuth.framework/Versions/A/NetAuth
0x0000000011c41000 	/System/Library/PrivateFrameworks/login.framework/Versions/A/Frameworks/loginsupport.framework/Versions/A/loginsupport
0x0000000011c41000 	/System/Library/PrivateFrameworks/TCC.framework/Versions/A/TCC
0x0000000011c41000 	/usr/lib/libmecabra.dylib
0x0000000011c41000 	/System/Library/Frameworks/ApplicationServices.framework/Versions/A/Frameworks/ATS.framework/Versions/A/ATS
0x0000000011c41000 	/System/Library/Frameworks/ApplicationServices.framework/Versions/A/Frameworks/ColorSyncLegacy.framework/Versions/A/ColorSyncLegacy
0x0000000011c41000 	/System/Library/Frameworks/ApplicationServices.framework/Versions/A/Frameworks/HIServices.framework/Versions/A/HIServices
0x0000000011c41000 	/System/Library/Frameworks/ApplicationServices.framework/Versions/A/Frameworks/LangAnalysis.framework/Versions/A/LangAnalysis
0x0000000011c41000 	/System/Library/Frameworks/ApplicationServices.framework/Versions/A/Frameworks/PrintCore.framework/Versions/A/PrintCore
0x0000000011c41000 	/System/Library/Frameworks/ApplicationServices.framework/Versions/A/Frameworks/QD.framework/Versions/A/QD
0x0000000011c41000 	/System/Library/Frameworks/ApplicationServices.framework/Versions/A/Frameworks/SpeechSynthesis.framework/Versions/A/SpeechSynthesis
0x0000000011c41000 	/System/Library/Frameworks/CoreDisplay.framework/Versions/A/CoreDisplay
0x0000000011c41000 	/System/Library/Frameworks/Accelerate.framework/Versions/A/Frameworks/vImage.framework/Versions/A/vImage
0x0000000011c41000 	/System/Library/Frameworks/Accelerate.framework/Versions/A/Frameworks/vecLib.framework/Versions/A/vecLib
0x0000000011c41000 	/System/Library/Frameworks/Accelerate.framework/Versions/A/Frameworks/vecLib.framework/Versions/A/libvDSP.dylib
0x0000000011c41000 	/System/Library/Frameworks/Accelerate.framework/Versions/A/Frameworks/vecLib.framework/Versions/A/libBNNS.dylib
0x0000000011c41000 	/System/Library/Frameworks/Accelerate.framework/Versions/A/Frameworks/vecLib.framework/Versions/A/libQuadrature.dylib
0x0000000011c41000 	/System/Library/Frameworks/Accelerate.framework/Versions/A/Frameworks/vecLib.framework/Versions/A/libvMisc.dylib
0x0000000011c41000 	/System/Library/Frameworks/Accelerate.framework/Versions/A/Frameworks/vecLib.framework/Versions/A/libLAPACK.dylib
0x0000000011c41000 	/System/Library/Frameworks/Accelerate.framework/Versions/A/Frameworks/vecLib.framework/Versions/A/libBLAS.dylib
0x0000000011c41000 	/System/Library/Frameworks/Accelerate.framework/Versions/A/Frameworks/vecLib.framework/Versions/A/libLinearAlgebra.dylib
0x0000000011c41000 	/System/Library/Frameworks/Accelerate.framework/Versions/A/Frameworks/vecLib.framework/Versions/A/libSparse.dylib
0x0000000011c41000 	/System/Library/Frameworks/Accelerate.framework/Versions/A/Frameworks/vecLib.framework/Versions/A/libSparseBLAS.dylib
0x0000000011c41000 	/System/Library/PrivateFrameworks/GPUWrangler.framework/Versions/A/GPUWrangler
0x0000000011c41000 	/System/Library/PrivateFrameworks/IOAccelerator.framework/Versions/A/IOAccelerator
0x0000000011c41000 	/System/Library/PrivateFrameworks/IOPresentment.framework/Versions/A/IOPresentment
0x0000000011c41000 	/System/Library/PrivateFrameworks/DSExternalDisplay.framework/Versions/A/DSExternalDisplay
0x0000000011c41000 	/System/Library/Frameworks/OpenGL.framework/Versions/A/Libraries/libCoreFSCache.dylib
0x0000000011c41000 	/System/Library/Frameworks/CoreVideo.framework/Versions/A/CoreVideo
0x0000000011c41000 	/System/Library/PrivateFrameworks/GraphVisualizer.framework/Versions/A/GraphVisualizer
0x0000000011c41000 	/System/Library/Frameworks/MetalPerformanceShaders.framework/Versions/A/MetalPerformanceShaders
0x0000000011c41000 	/usr/lib/libFosl_dynamic.dylib
0x0000000011c41000 	/System/Library/PrivateFrameworks/FaceCore.framework/Versions/A/FaceCore
0x0000000011c41000 	/System/Library/Frameworks/OpenCL.framework/Versions/A/OpenCL
0x0000000011c41000 	/usr/lib/libcompression.dylib
0x0000000011c41000 	/System/Library/Frameworks/ApplicationServices.framework/Versions/A/Frameworks/ATS.framework/Versions/A/Resources/libFontParser.dylib
0x0000000011c41000 	/System/Library/Frameworks/ApplicationServices.framework/Versions/A/Frameworks/ATS.framework/Versions/A/Resources/libFontRegistry.dylib
0x0000000011c41000 	/System/Library/Frameworks/ImageIO.framework/Versions/A/Resources/libJPEG.dylib
0x0000000011c41000 	/System/Library/Frameworks/ImageIO.framework/Versions/A/Resources/libTIFF.dylib
0x0000000011c41000 	/System/Library/Frameworks/ImageIO.framework/Versions/A/Resources/libPng.dylib
0x0000000011c41000 	/System/Library/Frameworks/ImageIO.framework/Versions/A/Resources/libGIF.dylib
0x0000000011c41000 	/System/Library/Frameworks/ImageIO.framework/Versions/A/Resources/libJP2.dylib
0x0000000011c41000 	/System/Library/Frameworks/ImageIO.framework/Versions/A/Resources/libRadiance.dylib
0x0000000011c41000 	/System/Library/PrivateFrameworks/AppleJPEG.framework/Versions/A/AppleJPEG
0x0000000011c41000 	/System/Library/Frameworks/MetalPerformanceShaders.framework/Frameworks/MPSCore.framework/Versions/A/MPSCore
0x0000000011c41000 	/System/Library/Frameworks/MetalPerformanceShaders.framework/Frameworks/MPSImage.framework/Versions/A/MPSImage
0x0000000011c41000 	/System/Library/Frameworks/MetalPerformanceShaders.framework/Frameworks/MPSNeuralNetwork.framework/Versions/A/MPSNeuralNetwork
0x0000000011c41000 	/System/Library/Frameworks/MetalPerformanceShaders.framework/Frameworks/MPSMatrix.framework/Versions/A/MPSMatrix
0x0000000011c41000 	/System/Library/PrivateFrameworks/MetalTools.framework/Versions/A/MetalTools
0x0000000011c41000 	/System/Library/Frameworks/OpenGL.framework/Versions/A/Libraries/libGLU.dylib
0x0000000011c41000 	/System/Library/Frameworks/OpenGL.framework/Versions/A/Libraries/libGFXShared.dylib
0x0000000011c41000 	/System/Library/Frameworks/OpenGL.framework/Versions/A/Libraries/libGL.dylib
0x0000000011c41000 	/System/Library/Frameworks/OpenGL.framework/Versions/A/Libraries/libGLImage.dylib
0x0000000011c41000 	/System/Library/Frameworks/OpenGL.framework/Versions/A/Libraries/libCVMSPluginSupport.dylib
0x0000000011c41000 	/System/Library/Frameworks/OpenGL.framework/Versions/A/Libraries/libCoreVMClient.dylib
0x0000000011c41000 	/usr/lib/libcups.2.dylib
0x0000000011c41000 	/System/Library/Frameworks/Kerberos.framework/Versions/A/Kerberos
0x0000000011c41000 	/System/Library/Frameworks/GSS.framework/Versions/A/GSS
0x0000000011c41000 	/usr/lib/libresolv.9.dylib
0x0000000011c41000 	/usr/lib/libiconv.2.dylib
0x0000000011c41000 	/System/Library/PrivateFrameworks/Heimdal.framework/Versions/A/Heimdal
0x0000000011c41000 	/usr/lib/libheimdal-asn1.dylib
0x0000000011c41000 	/System/Library/Frameworks/OpenDirectory.framework/Versions/A/OpenDirectory
0x0000000011c41000 	/System/Library/PrivateFrameworks/CommonAuth.framework/Versions/A/CommonAuth
0x0000000011c41000 	/System/Library/Frameworks/OpenDirectory.framework/Versions/A/Frameworks/CFOpenDirectory.framework/Versions/A/CFOpenDirectory
0x0000000011c41000 	/System/Library/Frameworks/SecurityFoundation.framework/Versions/A/SecurityFoundation
0x0000000011c41000 	/System/Library/PrivateFrameworks/APFS.framework/Versions/A/APFS
0x0000000011c41000 	/usr/lib/libutil.dylib
0x0000000011c41000 	/System/Library/PrivateFrameworks/AppleSauce.framework/Versions/A/AppleSauce
0x0000000011c41000 	/System/Library/PrivateFrameworks/LinguisticData.framework/Versions/A/LinguisticData
0x0000000011c41000 	/usr/lib/libmarisa.dylib
0x0000000011c41000 	/System/Library/PrivateFrameworks/Lexicon.framework/Versions/A/Lexicon
0x0000000011c41000 	/usr/lib/libChineseTokenizer.dylib
0x0000000011c41000 	/usr/lib/libcmph.dylib
0x0000000011c41000 	/System/Library/PrivateFrameworks/LanguageModeling.framework/Versions/A/LanguageModeling
0x0000000011c41000 	/System/Library/PrivateFrameworks/CoreEmoji.framework/Versions/A/CoreEmoji
0x0000000011c41000 	/System/Library/Frameworks/ServiceManagement.framework/Versions/A/ServiceManagement
0x0000000011c41000 	/System/Library/PrivateFrameworks/BackgroundTaskManagement.framework/Versions/A/BackgroundTaskManagement
0x0000000011c41000 	/usr/lib/libxslt.1.dylib
0x0000000011c41000 	/System/Library/Frameworks/Carbon.framework/Versions/A/Frameworks/Ink.framework/Versions/A/Ink
0x0000000011c41000 	/System/Library/PrivateFrameworks/TextureIO.framework/Versions/A/TextureIO
0x0000000011c41000 	/usr/lib/libate.dylib
0x0000000011c41000 	/System/Library/PrivateFrameworks/CrashReporterSupport.framework/Versions/A/CrashReporterSupport
0x0000000011c41000 	/System/Library/PrivateFrameworks/Sharing.framework/Versions/A/Sharing
0x0000000011c41000 	/System/Library/PrivateFrameworks/IconServices.framework/Versions/A/IconServices
0x0000000011c41000 	/System/Library/PrivateFrameworks/Apple80211.framework/Versions/A/Apple80211
0x0000000011c41000 	/System/Library/PrivateFrameworks/CoreUtils.framework/Versions/A/CoreUtils
0x0000000011c41000 	/System/Library/Frameworks/CoreWLAN.framework/Versions/A/CoreWLAN
0x0000000011c41000 	/System/Library/Frameworks/IOBluetooth.framework/Versions/A/IOBluetooth
0x0000000011c41000 	/System/Library/PrivateFrameworks/ProtocolBuffer.framework/Versions/A/ProtocolBuffer
0x0000000011c41000 	/System/Library/PrivateFrameworks/CoreWiFi.framework/Versions/A/CoreWiFi
0x0000000011c41000 	/System/Library/Frameworks/CoreBluetooth.framework/Versions/A/CoreBluetooth
0x0000000011c41000 	/System/Library/PrivateFrameworks/DebugSymbols.framework/Versions/A/DebugSymbols
0x0000000011c41000 	/System/Library/PrivateFrameworks/CoreSymbolication.framework/Versions/A/CoreSymbolication
0x0000000011c41000 	/System/Library/PrivateFrameworks/Symbolication.framework/Versions/A/Symbolication
0x0000000011c41000 	/System/Library/PrivateFrameworks/AppleFSCompression.framework/Versions/A/AppleFSCompression
0x0000000011c41000 	/System/Library/PrivateFrameworks/SpeechRecognitionCore.framework/Versions/A/SpeechRecognitionCore
0x000000010be3a000 	/Library/Java/JavaVirtualMachines/jdk1.8.0_171.jdk/Contents/Home/jre/lib/server/libjvm.dylib
0x0000000011c41000 	/usr/lib/libstdc++.6.0.9.dylib
0x000000010cde8000 	/Library/Java/JavaVirtualMachines/jdk1.8.0_171.jdk/Contents/Home/jre/lib/libverify.dylib
0x000000010d600000 	/Library/Java/JavaVirtualMachines/jdk1.8.0_171.jdk/Contents/Home/jre/lib/libjava.dylib
0x000000010d676000 	/Library/Java/JavaVirtualMachines/jdk1.8.0_171.jdk/Contents/Home/jre/lib/libzip.dylib
0x000000010e288000 	/Library/Java/JavaVirtualMachines/jdk1.8.0_171.jdk/Contents/Home/jre/lib/libprism_es2.dylib
0x0000000011c41000 	/System/Library/PrivateFrameworks/CoreServicesInternal.framework/Versions/A/CoreServicesInternal
0x0000000011c41000 	/System/Library/Frameworks/OpenGL.framework/Versions/A/Resources/GLEngine.bundle/GLEngine
0x0000000011c41000 	/System/Library/Frameworks/OpenGL.framework/Versions/A/Libraries/libGLProgrammability.dylib
0x0000000124b8d000 	/System/Library/Extensions/AppleIntelKBLGraphicsGLDriver.bundle/Contents/MacOS/AppleIntelKBLGraphicsGLDriver
0x0000000011c41000 	/System/Library/PrivateFrameworks/GPUSupport.framework/Versions/A/Libraries/libGPUSupportMercury.dylib
0x0000000011c41000 	/System/Library/Frameworks/OpenGL.framework/Versions/A/Resources/GLRendererFloat.bundle/GLRendererFloat
0x0000000011c41000 	/System/Library/Frameworks/OpenCL.framework/Versions/A/Libraries/libcldcpuengine.dylib
0x0000000011c41000 	/usr/lib/libcrypto.35.dylib
0x0000000011c41000 	/System/Library/PrivateFrameworks/TrustEvaluationAgent.framework/Versions/A/TrustEvaluationAgent
0x000000012627c000 	/Library/Java/JavaVirtualMachines/jdk1.8.0_171.jdk/Contents/Home/jre/lib/libglass.dylib
0x0000000011c41000 	/System/Library/CoreServices/RawCamera.bundle/Contents/MacOS/RawCamera
0x0000000011c41000 	/System/Library/PrivateFrameworks/MobileAsset.framework/Versions/A/MobileAsset
0x0000000011c41000 	/System/Library/PrivateFrameworks/StreamingZip.framework/Versions/A/StreamingZip
0x0000000011c41000 	/System/Library/Frameworks/MediaToolbox.framework/Versions/A/MediaToolbox
0x0000000011c41000 	/System/Library/PrivateFrameworks/CoreAVCHD.framework/Versions/A/CoreAVCHD
0x0000000011c41000 	/System/Library/Frameworks/MediaAccessibility.framework/Versions/A/MediaAccessibility
0x0000000011c41000 	/System/Library/PrivateFrameworks/Mangrove.framework/Versions/A/Mangrove
0x0000000011c41000 	/System/Library/Frameworks/CoreMedia.framework/Versions/A/CoreMedia
0x0000000011c41000 	/System/Library/Frameworks/VideoToolbox.framework/Versions/A/VideoToolbox
0x0000000011c41000 	/System/Library/PrivateFrameworks/CoreAUC.framework/Versions/A/CoreAUC
0x0000000011c41000 	/usr/lib/libspindump.dylib
0x0000000011c41000 	/System/Library/PrivateFrameworks/AppleVA.framework/Versions/A/AppleVA
0x0000000011c41000 	/System/Library/Frameworks/Accelerate.framework/Versions/A/Frameworks/vImage.framework/Versions/A/Libraries/libCGInterfaces.dylib
0x0000000011c41000 	/System/Library/PrivateFrameworks/FamilyControls.framework/Versions/A/FamilyControls
0x0000000011c41000 	/System/Library/PrivateFrameworks/CommerceKit.framework/Versions/A/Frameworks/CommerceCore.framework/Versions/A/CommerceCore
0x0000000011c41000 	/System/Library/PrivateFrameworks/SystemAdministration.framework/Versions/A/SystemAdministration
0x0000000011c41000 	/System/Library/PrivateFrameworks/AppContainer.framework/Versions/A/AppContainer
0x0000000011c41000 	/System/Library/PrivateFrameworks/SecCodeWrapper.framework/Versions/A/SecCodeWrapper
0x0000000011c41000 	/System/Library/PrivateFrameworks/DiskManagement.framework/Versions/A/DiskManagement
0x0000000011c41000 	/System/Library/Frameworks/DirectoryService.framework/Versions/A/DirectoryService
0x0000000011c41000 	/System/Library/PrivateFrameworks/DiskImages.framework/Versions/A/DiskImages
0x0000000011c41000 	/System/Library/PrivateFrameworks/LoginUIKit.framework/Versions/A/Frameworks/LoginUICore.framework/Versions/A/LoginUICore
0x0000000011c41000 	/usr/lib/libCoreStorage.dylib
0x0000000011c41000 	/usr/lib/libcsfde.dylib
0x0000000011c41000 	/usr/lib/libodfde.dylib
0x0000000011c41000 	/System/Library/PrivateFrameworks/MediaKit.framework/Versions/A/MediaKit
0x0000000011c41000 	/System/Library/Frameworks/DiscRecording.framework/Versions/A/DiscRecording
0x0000000011c41000 	/System/Library/PrivateFrameworks/EFILogin.framework/Versions/A/EFILogin
0x0000000011c41000 	/System/Library/PrivateFrameworks/ProtectedCloudStorage.framework/Versions/A/ProtectedCloudStorage
0x0000000011c41000 	/usr/lib/libcurl.4.dylib
0x0000000011c41000 	/usr/lib/libssl.35.dylib
0x0000000011c41000 	/System/Library/Frameworks/LDAP.framework/Versions/A/LDAP
0x0000000011c41000 	/usr/lib/libsasl2.2.dylib
0x0000000011c41000 	/System/Library/PrivateFrameworks/CoreDaemon.framework/Versions/B/CoreDaemon
0x0000000011c41000 	/System/Library/PrivateFrameworks/AppleSRP.framework/Versions/A/AppleSRP
0x00000001288c8000 	/Library/Java/JavaVirtualMachines/jdk1.8.0_171.jdk/Contents/Home/jre/lib/libmanagement.dylib
0x0000000128d64000 	/Library/Java/JavaVirtualMachines/jdk1.8.0_171.jdk/Contents/Home/jre/lib/libnet.dylib
0x00000001287c6000 	/Library/Java/JavaVirtualMachines/jdk1.8.0_171.jdk/Contents/Home/jre/lib/libnio.dylib
0x0000000011c41000 	/System/Library/Frameworks/ApplicationServices.framework/Versions/A/Frameworks/ATS.framework/Versions/A/Resources/libTrueTypeScaler.dylib
0x0000000011c41000 	/System/Library/Extensions/AppleIntelKBLGraphicsMTLDriver.bundle/Contents/MacOS/AppleIntelKBLGraphicsMTLDriver
0x0000000011c41000 	/System/Library/PrivateFrameworks/GPUCompiler.framework/Versions/3802/Libraries/libmetal_timestamp.dylib
0x000000012ac35000 	/Library/Java/JavaVirtualMachines/jdk1.8.0_171.jdk/Contents/Home/jre/lib/libawt.dylib
0x000000012acdf000 	/Library/Java/JavaVirtualMachines/jdk1.8.0_171.jdk/Contents/Home/jre/lib/./libmlib_image.dylib
0x0000000011c41000 	/System/Library/Frameworks/JavaVM.framework/Versions/A/Frameworks/JavaNativeFoundation.framework/Versions/A/JavaNativeFoundation
0x0000000011c41000 	/System/Library/Frameworks/JavaVM.framework/Versions/A/Frameworks/JavaRuntimeSupport.framework/Versions/A/JavaRuntimeSupport
0x0000000011c41000 	/System/Library/Frameworks/JavaVM.framework/Versions/A/JavaVM
0x0000000011c41000 	/System/Library/PrivateFrameworks/JavaLaunching.framework/Versions/A/JavaLaunching
0x0000000011c41000 	/System/Library/Frameworks/Carbon.framework/Versions/A/Carbon
0x0000000011c41000 	/System/Library/Frameworks/Carbon.framework/Versions/A/Frameworks/CommonPanels.framework/Versions/A/CommonPanels
0x0000000011c41000 	/System/Library/Frameworks/Carbon.framework/Versions/A/Frameworks/Help.framework/Versions/A/Help
0x0000000011c41000 	/System/Library/Frameworks/Carbon.framework/Versions/A/Frameworks/ImageCapture.framework/Versions/A/ImageCapture
0x0000000011c41000 	/System/Library/Frameworks/Carbon.framework/Versions/A/Frameworks/OpenScripting.framework/Versions/A/OpenScripting
0x0000000011c41000 	/System/Library/Frameworks/Carbon.framework/Versions/A/Frameworks/Print.framework/Versions/A/Print
0x0000000011c41000 	/System/Library/Frameworks/Carbon.framework/Versions/A/Frameworks/SecurityHI.framework/Versions/A/SecurityHI
0x000000012adab000 	/Library/Java/JavaVirtualMachines/jdk1.8.0_171.jdk/Contents/Home/jre/lib/libawt_lwawt.dylib
0x000000012864c000 	/Library/Java/JavaVirtualMachines/jdk1.8.0_171.jdk/Contents/Home/jre/lib/./libosxapp.dylib
0x0000000011c41000 	/System/Library/Frameworks/ExceptionHandling.framework/Versions/A/ExceptionHandling
0x00000001290cd000 	/Library/Java/JavaVirtualMachines/jdk1.8.0_171.jdk/Contents/Home/jre/lib/libfontmanager.dylib
0x000000012688f000 	/Library/Java/JavaVirtualMachines/jdk1.8.0_171.jdk/Contents/Home/jre/lib/libosx.dylib
0x0000000011c41000 	/System/Library/PrivateFrameworks/ViewBridge.framework/Versions/A/ViewBridge
0x0000000128668000 	/Library/Java/JavaVirtualMachines/jdk1.8.0_171.jdk/Contents/Home/jre/lib/libosxui.dylib
0x00000001285df000 	/Library/Java/JavaVirtualMachines/jdk1.8.0_171.jdk/Contents/Home/jre/lib/libjavafx_font.dylib
0x000000012a42b000 	/Library/Java/JavaVirtualMachines/jdk1.8.0_171.jdk/Contents/Home/jre/lib/libprism_common.dylib
0x0000000126979000 	/Library/Java/JavaVirtualMachines/jdk1.8.0_171.jdk/Contents/Home/jre/lib/libsunec.dylib
0x000000015fd34000 	/Library/Java/JavaVirtualMachines/jdk1.8.0_171.jdk/Contents/Home/jre/lib/libdcpr.dylib
0x000000015ff02000 	/Library/Java/JavaVirtualMachines/jdk1.8.0_171.jdk/Contents/Home/jre/lib/libt2k.dylib
0x000000016cbf7000 	/Library/Java/JavaVirtualMachines/jdk1.8.0_171.jdk/Contents/Home/jre/lib/libjfxwebkit.dylib
0x0000000011c41000 	/System/Library/PrivateFrameworks/login.framework/Versions/A/login

VM Arguments:
jvm_args: -Dfile.encoding=UTF-8 -Duser.country=BR -Duser.language=pt -Duser.variant 
java_command: org.jabref.JabRefMain
java_class_path (initial): /Users/giovannibrogiato/IdeaProjects/JabRef4.2-Grupo4/build/classes/java/main:/Users/giovannibrogiato/IdeaProjects/JabRef4.2-Grupo4/build/resources/main:/Users/giovannibrogiato/IdeaProjects/JabRef4.2-Grupo4/lib/AppleJavaExtensions.jar:/Users/giovannibrogiato/IdeaProjects/JabRef4.2-Grupo4/lib/customjfx-1.0.0.jar:/Users/giovannibrogiato/IdeaProjects/JabRef4.2-Grupo4/lib/spin.jar:/Users/giovannibrogiato/.gradle/caches/modules-2/files-2.1/com.jgoodies/jgoodies-forms/1.9.0/eda960be2f88d47d14a81b742772b07684abc7d0/jgoodies-forms-1.9.0.jar:/Users/giovannibrogiato/.gradle/caches/modules-2/files-2.1/com.jgoodies/jgoodies-common/1.8.1/dffc159cf71bde5dcbb65916305684f6b43d45b1/jgoodies-common-1.8.1.jar:/Users/giovannibrogiato/.gradle/caches/modules-2/files-2.1/org.apache.pdfbox/pdfbox/2.0.9/d0425578218624388f2ec84a0b3a11efd55df0f5/pdfbox-2.0.9.jar:/Users/giovannibrogiato/.gradle/caches/modules-2/files-2.1/org.apache.pdfbox/fontbox/2.0.9/f961f17ebdbc307e9055e3cf7c0e207f0895ae55/fontbox-2.0.9.jar:/Users/giovannibrogiato/.gradle/caches/modules-2/files-2.1/org.apache.pdfbox/xmpbox/2.0.9/b406a2931213661cbbc308f8cfacd8fb6f763753/xmpbox-2.0.9.jar:/Users/giovannibrogiato/.gradle/caches/modules-2/files-2.1/org.bouncycastle/bcprov-jdk15on/1.59/2507204241ab450456bdb8e8c0a8f986e418bd99/bcprov-jdk15on-1.59.jar:/Users/giovannibrogiato/.gradle/caches/modules-2/files-2.1/commons-cli/commons-cli/1.4/c51c00206bb913cd8612b24abd9fa98ae89719b1/commons-cli-1.4.jar:/Users/giovannibrogiato/.gradle/caches/modules-2/files-2.1/org.libreoffice/juh/5.4.2/d646e7c4f41b3d4a59f4aeaa1afd6ac8a7f7ed55/juh-5.4.2.jar:/Users/giovannibrogiato/.gradle/caches/modules-2/files-2.1/org.libreoffice/jurt/5.4.2/7ec2894c5328809631061a061c8345d743a463f2/jurt-5.4.2.jar:/Users/giovannibrogiato/.gradle/caches/modules-2/files-2.1/org.libreoffice/ridl/5.4.2/b5e016320589723cafc98fc7151dd07af6067fe/ridl-5.4.2.jar:/Users/giovannibrogiato/.gradle/caches/modules-2/files-2.1/org.libreoffice/unoil/5.4.2/668ec7
Launcher Type: SUN_STANDARD

Environment Variables:
PATH=/Library/Frameworks/Python.framework/Versions/3.6/bin:/usr/local/bin:/usr/bin:/bin:/usr/sbin:/sbin
SHELL=/bin/bash

Signal Handlers:
SIGSEGV: [libjvm.dylib+0x5b512d], sa_mask[0]=11111111011111110111111111111111, sa_flags=SA_ONSTACK|SA_RESTART|SA_SIGINFO
SIGBUS: [libjvm.dylib+0x5b512d], sa_mask[0]=11111111011111110111111111111111, sa_flags=SA_RESTART|SA_SIGINFO
SIGFPE: [libjvm.dylib+0x48aa90], sa_mask[0]=11111111011111110111111111111111, sa_flags=SA_RESTART|SA_SIGINFO
SIGPIPE: [libjvm.dylib+0x48aa90], sa_mask[0]=11111111011111110111111111111111, sa_flags=SA_RESTART|SA_SIGINFO
SIGXFSZ: [libjvm.dylib+0x48aa90], sa_mask[0]=11111111011111110111111111111111, sa_flags=SA_RESTART|SA_SIGINFO
SIGILL: [libjvm.dylib+0x48aa90], sa_mask[0]=11111111011111110111111111111111, sa_flags=SA_RESTART|SA_SIGINFO
SIGUSR1: SIG_DFL, sa_mask[0]=00000000000000000000000000000000, sa_flags=none
SIGUSR2: [libjvm.dylib+0x48a5ae], sa_mask[0]=00100000000000000000000000000000, sa_flags=SA_RESTART|SA_SIGINFO
SIGHUP: [libjvm.dylib+0x488b79], sa_mask[0]=11111111011111110111111111111111, sa_flags=SA_RESTART|SA_SIGINFO
SIGINT: [libjvm.dylib+0x488b79], sa_mask[0]=11111111011111110111111111111111, sa_flags=SA_RESTART|SA_SIGINFO
SIGTERM: [libjvm.dylib+0x488b79], sa_mask[0]=11111111011111110111111111111111, sa_flags=SA_RESTART|SA_SIGINFO
SIGQUIT: [libjvm.dylib+0x488b79], sa_mask[0]=11111111011111110111111111111111, sa_flags=SA_RESTART|SA_SIGINFO


---------------  S Y S T E M  ---------------

OS:Bsduname:Darwin 17.5.0 Darwin Kernel Version 17.5.0: Mon Mar  5 22:24:32 PST 2018; root:xnu-4570.51.1~1/RELEASE_X86_64 x86_64
rlimit: STACK 8192k, CORE 0k, NPROC 709, NOFILE 10240, AS infinity
load average:3.64 3.71 3.38

CPU:total 4 (initial active 4) (2 cores per cpu, 2 threads per core) family 6 model 142 stepping 9, cmov, cx8, fxsr, mmx, sse, sse2, sse3, ssse3, sse4.1, sse4.2, popcnt, avx, avx2, aes, clmul, erms, rtm, 3dnowpref, lzcnt, ht, tsc, tscinvbit, bmi1, bmi2, adx

Memory: 4k page, physical 8388608k(56852k free)

/proc/meminfo:


vm_info: Java HotSpot(TM) 64-Bit Server VM (25.171-b11) for bsd-amd64 JRE (1.8.0_171-b11), built on Mar 28 2018 12:50:57 by "java_re" with gcc 4.2.1 (Based on Apple Inc. build 5658) (LLVM build 2336.11.00)

time: Mon Jul 16 01:26:27 2018
elapsed time: 83 seconds (0d 0h 1m 23s)

