#
# A fatal error has been detected by the Java Runtime Environment:
#
#  SIGSEGV (0xb) at pc=0x000000010c6877d6, pid=90462, tid=0x0000000000000307
#
# JRE version: Java(TM) SE Runtime Environment (8.0_171-b11) (build 1.8.0_171-b11)
# Java VM: Java HotSpot(TM) 64-Bit Server VM (25.171-b11 mixed mode bsd-amd64 compressed oops)
# Problematic frame:
# V  [libjvm.dylib+0x16a7d6]  ThreadStateTransition::trans_from_native(JavaThreadState)+0xa
#
# Failed to write core dump. Core dumps have been disabled. To enable core dumping, try "ulimit -c unlimited" before starting Java again
#
# If you would like to submit a bug report, please visit:
#   http://bugreport.java.com/bugreport/crash.jsp
#

---------------  T H R E A D  ---------------

Current thread is native thread

siginfo: si_signo: 11 (SIGSEGV), si_code: 1 (SEGV_MAPERR), si_addr: 0x0000000000000270

Registers:
RAX=0x0000000000000000, RBX=0x0000000000000000, RCX=0x000000010cd524a0, RDX=0x0000000000000000
RSP=0x00007ffee3714770, RBP=0x00007ffee3714780, RSI=0x0000000000000006, RDI=0x00007ffee3714790
R8 =0x0000000000000000, R9 =0x0000000000000000, R10=0x00007fff94098ed8, R11=0x00007f98c3ac3ab0
R12=0x00007f98bd8c71f8, R13=0x00007f98c0a01300, R14=0x00007f98bc5f9148, R15=0x00007f98bd8c71f8
RIP=0x000000010c6877d6, EFLAGS=0x0000000000010246, ERR=0x0000000000000006
  TRAPNO=0x000000000000000e

Top of Stack: (sp=0x00007ffee3714770)
0x00007ffee3714770:   0000000000000000 00007f98bc5f9148
0x00007ffee3714780:   00007ffee37147b0 000000010c832b36
0x00007ffee3714790:   0000000000000000 00007f98c0bb7e70
0x00007ffee37147a0:   0000000000000008 00007f98c0c8a850
0x00007ffee37147b0:   00007ffee37147d0 00007fff3d4ede4e
0x00007ffee37147c0:   00007f98bd8c71f8 00007f98c22f0600
0x00007ffee37147d0:   00007ffee37147f0 00007fff3d4edc5b
0x00007ffee37147e0:   00007f98c0bb7e00 00007f98c0924020
0x00007ffee37147f0:   00007ffee3714850 000000012b4b3bbb
0x00007ffee3714800:   00007fff37a10377 0000000000000000
0x00007ffee3714810:   41233c35474538b3 00007f98c22f0600
0x00007ffee3714820:   00007ffee3714850 00007fff60ebce80
0x00007ffee3714830:   00007f98c0c8a850 00007f98c0a01300
0x00007ffee3714840:   00007f98c0c3d0d0 00007f98c22f0600
0x00007ffee3714850:   00007ffee3714900 00007fff44b6da12
0x00007ffee3714860:   00007f98c0c8a850 0000000000000000
0x00007ffee3714870:   0000000000000000 00007f98c0c8a850
0x00007ffee3714880:   0000000000000000 0000000000000000
0x00007ffee3714890:   00007ffee37148e0 0000000000000004
0x00007ffee37148a0:   0000000000000000 41233c35474538b3
0x00007ffee37148b0:   0000000000000004 0000000000000000
0x00007ffee37148c0:   0000000000000000 00007ffee37148e0
0x00007ffee37148d0:   00007f98c0c8a850 00007fff60ebce80
0x00007ffee37148e0:   0000000000000004 0000000000000000
0x00007ffee37148f0:   00007f98c0c8a850 00007fff37a10377
0x00007ffee3714900:   00007ffee3714970 00007fff44b6d073
0x00007ffee3714910:   0000000000000000 0000000000000000
0x00007ffee3714920:   4096800000000000 4088d80000000000
0x00007ffee3714930:   4088d80000000000 4096800000000000
0x00007ffee3714940:   4000000000000000 00007ffee3714a40
0x00007ffee3714950:   00007fff60ebce80 0000000000000000
0x00007ffee3714960:   00007fff37a12372 00007f98bed00e90 

Instructions: (pc=0x000000010c6877d6)
0x000000010c6877b6:   0e 48 8b 0b 49 8b 56 18 48 63 c0 48 89 0c c2 5b
0x000000010c6877c6:   41 5e 5d c3 90 90 55 48 89 e5 41 56 53 48 8b 1f
0x000000010c6877d6:   c7 83 70 02 00 00 05 00 00 00 48 8d 05 81 c4 78
0x000000010c6877e6:   00 8b 00 83 f8 01 41 89 f6 75 0c 48 8d 0d ce 2f 

Register to memory mapping:

RAX=0x0000000000000000 is an unknown value
RBX=0x0000000000000000 is an unknown value
RCX=0x000000010cd524a0: jni_NativeInterface+0 in /Library/Java/JavaVirtualMachines/jdk1.8.0_171.jdk/Contents/Home/jre/lib/server/libjvm.dylib at 0x000000010c51d000
RDX=0x0000000000000000 is an unknown value
RSP=0x00007ffee3714770 is an unknown value
RBP=0x00007ffee3714780 is an unknown value
RSI=0x0000000000000006 is an unknown value
RDI=0x00007ffee3714790 is an unknown value
R8 =0x0000000000000000 is an unknown value
R9 =0x0000000000000000 is an unknown value
R10=0x00007fff94098ed8: OBJC_CLASS_$_JNFWeakJObjectWrapper+0 in /System/Library/Frameworks/JavaVM.framework/Versions/A/Frameworks/JavaNativeFoundation.framework/Versions/A/JavaNativeFoundation at 0x00007fff3d4e7000
R11=0x00007f98c3ac3ab0 is an unknown value
R12=0x00007f98bd8c71f8 is an unknown value
R13=0x00007f98c0a01300 is an unknown value
R14=0x00007f98bc5f9148 is a weak global jni handle
R15=0x00007f98bd8c71f8 is an unknown value


Stack: [0x00007ffee2f1c000,0x00007ffee371c000],  sp=0x00007ffee3714770,  free space=8161k
Native frames: (J=compiled Java code, j=interpreted, Vv=VM code, C=native code)
V  [libjvm.dylib+0x16a7d6]  ThreadStateTransition::trans_from_native(JavaThreadState)+0xa
V  [libjvm.dylib+0x315b36]  jni_IsSameObject+0x30
C  [JavaNativeFoundation+0x6e4e]  -[JNFWeakJObjectWrapper _getWithEnv:]+0x26
C  [JavaNativeFoundation+0x6c5b]  -[JNFJObjectWrapper jObjectWithEnv:]+0x16
C  [libawt_lwawt.dylib+0x1abbb]  -[CGLLayer drawInCGLContext:pixelFormat:forLayerTime:displayTime:]+0xa4
C  [QuartzCore+0x71a12]  CAOpenGLLayerDraw(CAOpenGLLayer*, double, CVTimeStamp const*, unsigned int)+0x7a7
C  [QuartzCore+0x71073]  -[CAOpenGLLayer _display]+0x235
C  [QuartzCore+0x11973]  CA::Layer::display_if_needed(CA::Transaction*)+0x279
C  [QuartzCore+0x11431]  CA::Layer::layout_and_display_if_needed(CA::Transaction*)+0x23
C  [QuartzCore+0x10434]  CA::Context::commit_transaction(CA::Transaction*)+0x146
C  [QuartzCore+0xffe1]  CA::Transaction::commit()+0x1e7
C  [QuartzCore+0x1c446]  CA::Transaction::observer_callback(__CFRunLoopObserver*, unsigned long, void*)+0x42
C  [CoreFoundation+0xa3467]  __CFRUNLOOP_IS_CALLING_OUT_TO_AN_OBSERVER_CALLBACK_FUNCTION__+0x17
C  [CoreFoundation+0xa338f]  __CFRunLoopDoObservers+0x20f
C  [CoreFoundation+0x85a70]  __CFRunLoopRun+0x640
C  [CoreFoundation+0x851a3]  CFRunLoopRunSpecific+0x1e3
C  [java+0x6472]  CreateExecutionEnvironment+0x367
C  [java+0x207c]  JLI_Launch+0x7a0
C  [java+0x84cf]  main+0x65
C  [java+0x18d4]  start+0x34


---------------  P R O C E S S  ---------------

VM state:not at safepoint (normal execution)

VM Mutex/Monitor currently owned by a thread: None

Heap:
 PSYoungGen      total 79872K, used 76418K [0x0000000795580000, 0x000000079f100000, 0x00000007c0000000)
  eden space 79360K, 96% used [0x0000000795580000,0x000000079a010b90,0x000000079a300000)
  from space 512K, 12% used [0x000000079a480000,0x000000079a490000,0x000000079a500000)
  to   space 39936K, 0% used [0x000000079ca00000,0x000000079ca00000,0x000000079f100000)
 ParOldGen       total 182272K, used 115446K [0x0000000740000000, 0x000000074b200000, 0x0000000795580000)
  object space 182272K, 63% used [0x0000000740000000,0x00000007470bd9c8,0x000000074b200000)
 Metaspace       used 63998K, capacity 67594K, committed 67840K, reserved 1107968K
  class space    used 9624K, capacity 10203K, committed 10240K, reserved 1048576K

Card table byte_map: [0x000000010e1c0000,0x000000010e5c1000] byte_map_base: 0x000000010a7c0000

Marking Bits: (ParMarkBitMap*) 0x000000010ce146e0
 Begin Bits: [0x000000010e86c000, 0x000000011086c000)
 End Bits:   [0x000000011086c000, 0x000000011286c000)

Polling page: 0x000000010d50f000

CodeCache: size=245760Kb used=24561Kb max_used=24561Kb free=221198Kb
 bounds [0x0000000116c37000, 0x0000000118457000, 0x0000000125c37000]
 total_blobs=9023 nmethods=7957 adapters=978
 compilation: enabled

Compilation events (10 events):
Event: 23364.258 Thread 0x00007f98bc802800 9355       3       apple.laf.JRSUIControl::setEncodedState (6 bytes)
Event: 23364.258 Thread 0x00007f98bc802800 nmethod 9355 0x00000001178bca90 code [0x00000001178bcbe0, 0x00000001178bcd30]
Event: 23364.258 Thread 0x00007f98bc802800 9356       3       apple.laf.JRSUIControl::paint (25 bytes)
Event: 23364.258 Thread 0x00007f98bc802800 nmethod 9356 0x0000000118437dd0 code [0x0000000118437f40, 0x00000001184380e8]
Event: 23364.258 Thread 0x00007f98bc802800 9357  s    3       apple.laf.JRSUIControl::paintImage (222 bytes)
Event: 23364.261 Thread 0x00007f98bc802800 nmethod 9357 0x000000011844c750 code [0x000000011844cb40, 0x000000011844eeb8]
Event: 23364.323 Thread 0x00007f98bc802800 9359   !   3       java.awt.EventQueue::removeSourceEvents (294 bytes)
Event: 23364.326 Thread 0x00007f98bc802800 nmethod 9359 0x0000000118445b10 code [0x0000000118445e00, 0x0000000118447988]
Event: 23364.362 Thread 0x00007f98bc802800 9360       3       javax.swing.plaf.basic.BasicMenuUI$Handler::propertyChange (44 bytes)
Event: 23364.363 Thread 0x00007f98bc802800 nmethod 9360 0x000000011843ee10 code [0x000000011843efc0, 0x000000011843f478]

GC Heap History (10 events):
Event: 19241.326 GC heap before
{Heap before GC invocations=38 (full 3):
 PSYoungGen      total 134144K, used 87232K [0x0000000795580000, 0x00000007a0d80000, 0x00000007c0000000)
  eden space 87040K, 100% used [0x0000000795580000,0x000000079aa80000,0x000000079aa80000)
  from space 47104K, 0% used [0x000000079df80000,0x000000079dfb0000,0x00000007a0d80000)
  to   space 50688K, 0% used [0x000000079aa80000,0x000000079aa80000,0x000000079dc00000)
 ParOldGen       total 182272K, used 115222K [0x0000000740000000, 0x000000074b200000, 0x0000000795580000)
  object space 182272K, 63% used [0x0000000740000000,0x00000007470859c8,0x000000074b200000)
 Metaspace       used 63785K, capacity 67306K, committed 67584K, reserved 1105920K
  class space    used 9590K, capacity 10155K, committed 10240K, reserved 1048576K
Event: 19241.330 GC heap after
Heap after GC invocations=38 (full 3):
 PSYoungGen      total 86016K, used 128K [0x0000000795580000, 0x00000007a0800000, 0x00000007c0000000)
  eden space 85504K, 0% used [0x0000000795580000,0x0000000795580000,0x000000079a900000)
  from space 512K, 25% used [0x000000079aa80000,0x000000079aaa0000,0x000000079ab00000)
  to   space 48640K, 0% used [0x000000079d880000,0x000000079d880000,0x00000007a0800000)
 ParOldGen       total 182272K, used 115342K [0x0000000740000000, 0x000000074b200000, 0x0000000795580000)
  object space 182272K, 63% used [0x0000000740000000,0x00000007470a39c8,0x000000074b200000)
 Metaspace       used 63785K, capacity 67306K, committed 67584K, reserved 1105920K
  class space    used 9590K, capacity 10155K, committed 10240K, reserved 1048576K
}
Event: 20290.495 GC heap before
{Heap before GC invocations=39 (full 3):
 PSYoungGen      total 86016K, used 85632K [0x0000000795580000, 0x00000007a0800000, 0x00000007c0000000)
  eden space 85504K, 100% used [0x0000000795580000,0x000000079a900000,0x000000079a900000)
  from space 512K, 25% used [0x000000079aa80000,0x000000079aaa0000,0x000000079ab00000)
  to   space 48640K, 0% used [0x000000079d880000,0x000000079d880000,0x00000007a0800000)
 ParOldGen       total 182272K, used 115342K [0x0000000740000000, 0x000000074b200000, 0x0000000795580000)
  object space 182272K, 63% used [0x0000000740000000,0x00000007470a39c8,0x000000074b200000)
 Metaspace       used 63785K, capacity 67306K, committed 67584K, reserved 1105920K
  class space    used 9590K, capacity 10155K, committed 10240K, reserved 1048576K
Event: 20290.499 GC heap after
Heap after GC invocations=39 (full 3):
 PSYoungGen      total 126976K, used 128K [0x0000000795580000, 0x00000007a0280000, 0x00000007c0000000)
  eden space 83968K, 0% used [0x0000000795580000,0x0000000795580000,0x000000079a780000)
  from space 43008K, 0% used [0x000000079d880000,0x000000079d8a0000,0x00000007a0280000)
  to   space 46592K, 0% used [0x000000079a780000,0x000000079a780000,0x000000079d500000)
 ParOldGen       total 182272K, used 115382K [0x0000000740000000, 0x000000074b200000, 0x0000000795580000)
  object space 182272K, 63% used [0x0000000740000000,0x00000007470ad9c8,0x000000074b200000)
 Metaspace       used 63785K, capacity 67306K, committed 67584K, reserved 1105920K
  class space    used 9590K, capacity 10155K, committed 10240K, reserved 1048576K
}
Event: 21318.831 GC heap before
{Heap before GC invocations=40 (full 3):
 PSYoungGen      total 126976K, used 84096K [0x0000000795580000, 0x00000007a0280000, 0x00000007c0000000)
  eden space 83968K, 100% used [0x0000000795580000,0x000000079a780000,0x000000079a780000)
  from space 43008K, 0% used [0x000000079d880000,0x000000079d8a0000,0x00000007a0280000)
  to   space 46592K, 0% used [0x000000079a780000,0x000000079a780000,0x000000079d500000)
 ParOldGen       total 182272K, used 115382K [0x0000000740000000, 0x000000074b200000, 0x0000000795580000)
  object space 182272K, 63% used [0x0000000740000000,0x00000007470ad9c8,0x000000074b200000)
 Metaspace       used 63785K, capacity 67306K, committed 67584K, reserved 1105920K
  class space    used 9590K, capacity 10155K, committed 10240K, reserved 1048576K
Event: 21318.837 GC heap after
Heap after GC invocations=40 (full 3):
 PSYoungGen      total 82944K, used 96K [0x0000000795580000, 0x000000079fc00000, 0x00000007c0000000)
  eden space 82432K, 0% used [0x0000000795580000,0x0000000795580000,0x000000079a600000)
  from space 512K, 18% used [0x000000079a780000,0x000000079a798000,0x000000079a800000)
  to   space 44032K, 0% used [0x000000079d100000,0x000000079d100000,0x000000079fc00000)
 ParOldGen       total 182272K, used 115422K [0x0000000740000000, 0x000000074b200000, 0x0000000795580000)
  object space 182272K, 63% used [0x0000000740000000,0x00000007470b79c8,0x000000074b200000)
 Metaspace       used 63785K, capacity 67306K, committed 67584K, reserved 1105920K
  class space    used 9590K, capacity 10155K, committed 10240K, reserved 1048576K
}
Event: 22330.032 GC heap before
{Heap before GC invocations=41 (full 3):
 PSYoungGen      total 82944K, used 82528K [0x0000000795580000, 0x000000079fc00000, 0x00000007c0000000)
  eden space 82432K, 100% used [0x0000000795580000,0x000000079a600000,0x000000079a600000)
  from space 512K, 18% used [0x000000079a780000,0x000000079a798000,0x000000079a800000)
  to   space 44032K, 0% used [0x000000079d100000,0x000000079d100000,0x000000079fc00000)
 ParOldGen       total 182272K, used 115422K [0x0000000740000000, 0x000000074b200000, 0x0000000795580000)
  object space 182272K, 63% used [0x0000000740000000,0x00000007470b79c8,0x000000074b200000)
 Metaspace       used 63785K, capacity 67306K, committed 67584K, reserved 1105920K
  class space    used 9590K, capacity 10155K, committed 10240K, reserved 1048576K
Event: 22330.036 GC heap after
Heap after GC invocations=41 (full 3):
 PSYoungGen      total 119296K, used 128K [0x0000000795580000, 0x000000079f680000, 0x00000007c0000000)
  eden space 80896K, 0% used [0x0000000795580000,0x0000000795580000,0x000000079a480000)
  from space 38400K, 0% used [0x000000079d100000,0x000000079d120000,0x000000079f680000)
  to   space 41984K, 0% used [0x000000079a480000,0x000000079a480000,0x000000079cd80000)
 ParOldGen       total 182272K, used 115438K [0x0000000740000000, 0x000000074b200000, 0x0000000795580000)
  object space 182272K, 63% used [0x0000000740000000,0x00000007470bb9c8,0x000000074b200000)
 Metaspace       used 63785K, capacity 67306K, committed 67584K, reserved 1105920K
  class space    used 9590K, capacity 10155K, committed 10240K, reserved 1048576K
}
Event: 23322.820 GC heap before
{Heap before GC invocations=42 (full 3):
 PSYoungGen      total 119296K, used 81024K [0x0000000795580000, 0x000000079f680000, 0x00000007c0000000)
  eden space 80896K, 100% used [0x0000000795580000,0x000000079a480000,0x000000079a480000)
  from space 38400K, 0% used [0x000000079d100000,0x000000079d120000,0x000000079f680000)
  to   space 41984K, 0% used [0x000000079a480000,0x000000079a480000,0x000000079cd80000)
 ParOldGen       total 182272K, used 115438K [0x0000000740000000, 0x000000074b200000, 0x0000000795580000)
  object space 182272K, 63% used [0x0000000740000000,0x00000007470bb9c8,0x000000074b200000)
 Metaspace       used 63785K, capacity 67306K, committed 67584K, reserved 1105920K
  class space    used 9590K, capacity 10155K, committed 10240K, reserved 1048576K
Event: 23322.837 GC heap after
Heap after GC invocations=42 (full 3):
 PSYoungGen      total 79872K, used 64K [0x0000000795580000, 0x000000079f100000, 0x00000007c0000000)
  eden space 79360K, 0% used [0x0000000795580000,0x0000000795580000,0x000000079a300000)
  from space 512K, 12% used [0x000000079a480000,0x000000079a490000,0x000000079a500000)
  to   space 39936K, 0% used [0x000000079ca00000,0x000000079ca00000,0x000000079f100000)
 ParOldGen       total 182272K, used 115446K [0x0000000740000000, 0x000000074b200000, 0x0000000795580000)
  object space 182272K, 63% used [0x0000000740000000,0x00000007470bd9c8,0x000000074b200000)
 Metaspace       used 63785K, capacity 67306K, committed 67584K, reserved 1105920K
  class space    used 9590K, capacity 10155K, committed 10240K, reserved 1048576K
}

Deoptimization events (10 events):
Event: 23363.465 Thread 0x00007f98bcca3000 Uncommon trap: reason=class_check action=maybe_recompile pc=0x0000000118244638 method=java.awt.Component.dispatchEventImpl(Ljava/awt/AWTEvent;)V @ 473
Event: 23363.465 Thread 0x00007f98bcca3000 Uncommon trap: reason=class_check action=maybe_recompile pc=0x00000001182fb8f0 method=java.awt.Component.processEvent(Ljava/awt/AWTEvent;)V @ 121
Event: 23363.624 Thread 0x00007f98bcca3000 Uncommon trap: reason=bimorphic action=maybe_recompile pc=0x000000011804a280 method=java.awt.Container.findComponentAt(IIZ)Ljava/awt/Component; @ 9
Event: 23363.624 Thread 0x00007f98bcca3000 Uncommon trap: reason=bimorphic action=maybe_recompile pc=0x0000000118058b50 method=java.awt.Container.findComponentAt(IIZ)Ljava/awt/Component; @ 9
Event: 23363.627 Thread 0x00007f98bcca3000 Uncommon trap: reason=bimorphic action=maybe_recompile pc=0x000000011804a280 method=java.awt.Container.findComponentAt(IIZ)Ljava/awt/Component; @ 9
Event: 23364.265 Thread 0x00007f98bcca3000 Uncommon trap: reason=unstable_if action=reinterpret pc=0x0000000118338458 method=java.awt.LightweightDispatcher.eventDispatched(Ljava/awt/AWTEvent;)V @ 122
Event: 23364.324 Thread 0x00007f98bcca3000 Uncommon trap: reason=unstable_if action=reinterpret pc=0x0000000116dfaa10 method=javax.swing.JMenuBar.processBindingForKeyStrokeRecursive(Ljavax/swing/MenuElement;Ljavax/swing/KeyStroke;Ljava/awt/event/KeyEvent;IZ)Z @ 66
Event: 23364.324 Thread 0x00007f98bcca3000 Uncommon trap: reason=unstable_if action=reinterpret pc=0x0000000116dfaa4c method=javax.swing.JMenuBar.processBindingForKeyStrokeRecursive(Ljavax/swing/MenuElement;Ljavax/swing/KeyStroke;Ljava/awt/event/KeyEvent;IZ)Z @ 115
Event: 23364.338 Thread 0x00007f98bcb79000 Uncommon trap: reason=unstable_if action=reinterpret pc=0x0000000117f3be7c method=com.sun.javafx.application.PlatformImpl.runLater(Ljava/lang/Runnable;Z)V @ 48
Event: 23364.348 Thread 0x00007f98c1eda800 Uncommon trap: reason=unstable_if action=reinterpret pc=0x0000000117a6cbd8 method=java.security.AccessControlContext.optimize()Ljava/security/AccessControlContext; @ 49

Classes redefined (0 events):
No events

Internal exceptions (10 events):
Event: 176.470 Thread 0x00007f98c1aa8000 Exception <a 'java/lang/InterruptedException': sleep interrupted> (0x0000000799105bc8) thrown at [/Users/java_re/workspace/8-2-build-macosx-x86_64/jdk8u171/10807/hotspot/src/share/vm/prims/jvm.cpp, line 3273]
Event: 176.599 Thread 0x00007f98c1ed6800 Exception <a 'java/lang/InterruptedException': sleep interrupted> (0x000000079938cea8) thrown at [/Users/java_re/workspace/8-2-build-macosx-x86_64/jdk8u171/10807/hotspot/src/share/vm/prims/jvm.cpp, line 3273]
Event: 176.797 Thread 0x00007f98c2313800 Exception <a 'java/lang/InterruptedException': sleep interrupted> (0x0000000799488170) thrown at [/Users/java_re/workspace/8-2-build-macosx-x86_64/jdk8u171/10807/hotspot/src/share/vm/prims/jvm.cpp, line 3273]
Event: 177.052 Thread 0x00007f98c2e61800 Exception <a 'java/lang/NullPointerException'> (0x0000000799520d60) thrown at [/Users/java_re/workspace/8-2-build-macosx-x86_64/jdk8u171/10807/hotspot/src/share/vm/interpreter/linkResolver.cpp, line 1287]
Event: 180.611 Thread 0x00007f98bd8c7000 Implicit null exception at 0x0000000117436707 to 0x0000000117437a91
Event: 187.062 Thread 0x00007f98bd12b800 Implicit null exception at 0x000000011787e991 to 0x000000011787f505
Event: 23362.509 Thread 0x00007f98bd12b800 Implicit null exception at 0x0000000117fbdaec to 0x0000000117fbdb35
Event: 23362.915 Thread 0x00007f98bd8c7000 Implicit null exception at 0x0000000117e11e90 to 0x0000000117e12171
Event: 23362.915 Thread 0x00007f98bd8c7000 Implicit null exception at 0x0000000117e0e11a to 0x0000000117e0e15d
Event: 23364.348 Thread 0x00007f98c1eda800 Implicit null exception at 0x0000000117a6bfe0 to 0x0000000117a6cbc5

Events (10 events):
Event: 23364.347 loading class com/sun/javafx/tk/quantum/QuantumToolkit
Event: 23364.347 loading class com/sun/javafx/tk/quantum/QuantumToolkit done
Event: 23364.347 Thread 0x00007f98bd12b800 Thread exited: 0x00007f98bd12b800
Event: 23364.348 Thread 0x00007f98bcb79000 Thread exited: 0x00007f98bcb79000
Event: 23364.348 Thread 0x00007f98be000800 Thread exited: 0x00007f98be000800
Event: 23364.348 Thread 0x00007f98c1eda800 Thread added: 0x00007f98c1eda800
Event: 23364.348 Thread 0x00007f98c1eda800 Uncommon trap: trap_request=0xffffff65 fr.pc=0x0000000117a6cbd8
Event: 23364.348 Thread 0x00007f98c1eda800 DEOPT PACKING pc=0x0000000117a6cbd8 sp=0x0000700007f5d6e0
Event: 23364.348 Thread 0x00007f98c1eda800 DEOPT UNPACKING pc=0x0000000116c7c73a sp=0x0000700007f5d6a8 mode 2
Event: 23364.359 Thread 0x00007f98bd8c7000 Thread exited: 0x00007f98bd8c7000


Dynamic libraries:
0x0000000011c41000 	/System/Library/Frameworks/Cocoa.framework/Versions/A/Cocoa
0x0000000011c41000 	/System/Library/Frameworks/Security.framework/Versions/A/Security
0x0000000011c41000 	/System/Library/Frameworks/ApplicationServices.framework/Versions/A/ApplicationServices
0x0000000011c41000 	/usr/lib/libz.1.dylib
0x0000000011c41000 	/usr/lib/libSystem.B.dylib
0x0000000011c41000 	/usr/lib/libobjc.A.dylib
0x0000000011c41000 	/System/Library/Frameworks/CoreFoundation.framework/Versions/A/CoreFoundation
0x0000000011c41000 	/System/Library/Frameworks/Foundation.framework/Versions/C/Foundation
0x0000000011c41000 	/System/Library/Frameworks/AppKit.framework/Versions/C/AppKit
0x0000000011c41000 	/System/Library/Frameworks/CoreData.framework/Versions/A/CoreData
0x0000000011c41000 	/System/Library/PrivateFrameworks/RemoteViewServices.framework/Versions/A/RemoteViewServices
0x0000000011c41000 	/System/Library/PrivateFrameworks/UIFoundation.framework/Versions/A/UIFoundation
0x0000000011c41000 	/System/Library/PrivateFrameworks/DFRFoundation.framework/Versions/A/DFRFoundation
0x0000000011c41000 	/System/Library/Frameworks/Metal.framework/Versions/A/Metal
0x0000000011c41000 	/System/Library/PrivateFrameworks/DesktopServicesPriv.framework/Versions/A/DesktopServicesPriv
0x0000000011c41000 	/usr/lib/libenergytrace.dylib
0x0000000011c41000 	/System/Library/PrivateFrameworks/SkyLight.framework/Versions/A/SkyLight
0x0000000011c41000 	/System/Library/Frameworks/CoreGraphics.framework/Versions/A/CoreGraphics
0x0000000011c41000 	/usr/lib/libScreenReader.dylib
0x0000000011c41000 	/System/Library/Frameworks/Accelerate.framework/Versions/A/Accelerate
0x0000000011c41000 	/System/Library/Frameworks/IOSurface.framework/Versions/A/IOSurface
0x0000000011c41000 	/System/Library/Frameworks/AudioToolbox.framework/Versions/A/AudioToolbox
0x0000000011c41000 	/System/Library/Frameworks/AudioUnit.framework/Versions/A/AudioUnit
0x0000000011c41000 	/System/Library/PrivateFrameworks/DataDetectorsCore.framework/Versions/A/DataDetectorsCore
0x0000000011c41000 	/System/Library/Frameworks/Carbon.framework/Versions/A/Frameworks/HIToolbox.framework/Versions/A/HIToolbox
0x0000000011c41000 	/usr/lib/libicucore.A.dylib
0x0000000011c41000 	/System/Library/Frameworks/QuartzCore.framework/Versions/A/QuartzCore
0x0000000011c41000 	/System/Library/PrivateFrameworks/SignpostNotification.framework/Versions/A/SignpostNotification
0x0000000011c41000 	/System/Library/Frameworks/Carbon.framework/Versions/A/Frameworks/SpeechRecognition.framework/Versions/A/SpeechRecognition
0x0000000011c41000 	/usr/lib/libauto.dylib
0x0000000011c41000 	/usr/lib/libxml2.2.dylib
0x0000000011c41000 	/System/Library/PrivateFrameworks/CoreUI.framework/Versions/A/CoreUI
0x0000000011c41000 	/System/Library/Frameworks/CoreAudio.framework/Versions/A/CoreAudio
0x0000000011c41000 	/System/Library/Frameworks/DiskArbitration.framework/Versions/A/DiskArbitration
0x0000000011c41000 	/usr/lib/liblangid.dylib
0x0000000011c41000 	/System/Library/PrivateFrameworks/MultitouchSupport.framework/Versions/A/MultitouchSupport
0x0000000011c41000 	/System/Library/Frameworks/IOKit.framework/Versions/A/IOKit
0x0000000011c41000 	/usr/lib/libDiagnosticMessagesClient.dylib
0x0000000011c41000 	/System/Library/Frameworks/CoreServices.framework/Versions/A/CoreServices
0x0000000011c41000 	/System/Library/PrivateFrameworks/PerformanceAnalysis.framework/Versions/A/PerformanceAnalysis
0x0000000011c41000 	/System/Library/Frameworks/OpenGL.framework/Versions/A/OpenGL
0x0000000011c41000 	/System/Library/Frameworks/ColorSync.framework/Versions/A/ColorSync
0x0000000011c41000 	/System/Library/Frameworks/CoreImage.framework/Versions/A/CoreImage
0x0000000011c41000 	/System/Library/Frameworks/CoreText.framework/Versions/A/CoreText
0x0000000011c41000 	/System/Library/Frameworks/ImageIO.framework/Versions/A/ImageIO
0x0000000011c41000 	/System/Library/PrivateFrameworks/Backup.framework/Versions/A/Backup
0x0000000011c41000 	/usr/lib/libarchive.2.dylib
0x0000000011c41000 	/System/Library/Frameworks/CFNetwork.framework/Versions/A/CFNetwork
0x0000000011c41000 	/System/Library/Frameworks/SystemConfiguration.framework/Versions/A/SystemConfiguration
0x0000000011c41000 	/usr/lib/libCRFSuite.dylib
0x0000000011c41000 	/usr/lib/libc++.1.dylib
0x0000000011c41000 	/usr/lib/libc++abi.dylib
0x0000000011c41000 	/usr/lib/system/libcache.dylib
0x0000000011c41000 	/usr/lib/system/libcommonCrypto.dylib
0x0000000011c41000 	/usr/lib/system/libcompiler_rt.dylib
0x0000000011c41000 	/usr/lib/system/libcopyfile.dylib
0x0000000011c41000 	/usr/lib/system/libcorecrypto.dylib
0x0000000011c41000 	/usr/lib/system/libdispatch.dylib
0x0000000011c41000 	/usr/lib/system/libdyld.dylib
0x0000000011c41000 	/usr/lib/system/libkeymgr.dylib
0x0000000011c41000 	/usr/lib/system/liblaunch.dylib
0x0000000011c41000 	/usr/lib/system/libmacho.dylib
0x0000000011c41000 	/usr/lib/system/libquarantine.dylib
0x0000000011c41000 	/usr/lib/system/libremovefile.dylib
0x0000000011c41000 	/usr/lib/system/libsystem_asl.dylib
0x0000000011c41000 	/usr/lib/system/libsystem_blocks.dylib
0x0000000011c41000 	/usr/lib/system/libsystem_c.dylib
0x0000000011c41000 	/usr/lib/system/libsystem_configuration.dylib
0x0000000011c41000 	/usr/lib/system/libsystem_coreservices.dylib
0x0000000011c41000 	/usr/lib/system/libsystem_darwin.dylib
0x0000000011c41000 	/usr/lib/system/libsystem_dnssd.dylib
0x0000000011c41000 	/usr/lib/system/libsystem_info.dylib
0x0000000011c41000 	/usr/lib/system/libsystem_m.dylib
0x0000000011c41000 	/usr/lib/system/libsystem_malloc.dylib
0x0000000011c41000 	/usr/lib/system/libsystem_network.dylib
0x0000000011c41000 	/usr/lib/system/libsystem_networkextension.dylib
0x0000000011c41000 	/usr/lib/system/libsystem_notify.dylib
0x0000000011c41000 	/usr/lib/system/libsystem_sandbox.dylib
0x0000000011c41000 	/usr/lib/system/libsystem_secinit.dylib
0x0000000011c41000 	/usr/lib/system/libsystem_kernel.dylib
0x0000000011c41000 	/usr/lib/system/libsystem_platform.dylib
0x0000000011c41000 	/usr/lib/system/libsystem_pthread.dylib
0x0000000011c41000 	/usr/lib/system/libsystem_symptoms.dylib
0x0000000011c41000 	/usr/lib/system/libsystem_trace.dylib
0x0000000011c41000 	/usr/lib/system/libunwind.dylib
0x0000000011c41000 	/usr/lib/system/libxpc.dylib
0x0000000011c41000 	/usr/lib/closure/libclosured.dylib
0x0000000011c41000 	/usr/lib/libbsm.0.dylib
0x0000000011c41000 	/usr/lib/system/libkxld.dylib
0x0000000011c41000 	/usr/lib/libOpenScriptingUtil.dylib
0x0000000011c41000 	/usr/lib/libcoretls.dylib
0x0000000011c41000 	/usr/lib/libcoretls_cfhelpers.dylib
0x0000000011c41000 	/usr/lib/libpam.2.dylib
0x0000000011c41000 	/usr/lib/libsqlite3.dylib
0x0000000011c41000 	/usr/lib/libxar.1.dylib
0x0000000011c41000 	/usr/lib/libbz2.1.0.dylib
0x0000000011c41000 	/usr/lib/liblzma.5.dylib
0x0000000011c41000 	/usr/lib/libnetwork.dylib
0x0000000011c41000 	/usr/lib/libapple_nghttp2.dylib
0x0000000011c41000 	/usr/lib/libpcap.A.dylib
0x0000000011c41000 	/usr/lib/libboringssl.dylib
0x0000000011c41000 	/usr/lib/libusrtcp.dylib
0x0000000011c41000 	/usr/lib/libapple_crypto.dylib
0x0000000011c41000 	/System/Library/Frameworks/CoreServices.framework/Versions/A/Frameworks/FSEvents.framework/Versions/A/FSEvents
0x0000000011c41000 	/System/Library/Frameworks/CoreServices.framework/Versions/A/Frameworks/CarbonCore.framework/Versions/A/CarbonCore
0x0000000011c41000 	/System/Library/Frameworks/CoreServices.framework/Versions/A/Frameworks/Metadata.framework/Versions/A/Metadata
0x0000000011c41000 	/System/Library/Frameworks/CoreServices.framework/Versions/A/Frameworks/OSServices.framework/Versions/A/OSServices
0x0000000011c41000 	/System/Library/Frameworks/CoreServices.framework/Versions/A/Frameworks/SearchKit.framework/Versions/A/SearchKit
0x0000000011c41000 	/System/Library/Frameworks/CoreServices.framework/Versions/A/Frameworks/AE.framework/Versions/A/AE
0x0000000011c41000 	/System/Library/Frameworks/CoreServices.framework/Versions/A/Frameworks/LaunchServices.framework/Versions/A/LaunchServices
0x0000000011c41000 	/System/Library/Frameworks/CoreServices.framework/Versions/A/Frameworks/DictionaryServices.framework/Versions/A/DictionaryServices
0x0000000011c41000 	/System/Library/Frameworks/CoreServices.framework/Versions/A/Frameworks/SharedFileList.framework/Versions/A/SharedFileList
0x0000000011c41000 	/System/Library/Frameworks/NetFS.framework/Versions/A/NetFS
0x0000000011c41000 	/System/Library/PrivateFrameworks/NetAuth.framework/Versions/A/NetAuth
0x0000000011c41000 	/System/Library/PrivateFrameworks/login.framework/Versions/A/Frameworks/loginsupport.framework/Versions/A/loginsupport
0x0000000011c41000 	/System/Library/PrivateFrameworks/TCC.framework/Versions/A/TCC
0x0000000011c41000 	/usr/lib/libmecabra.dylib
0x0000000011c41000 	/System/Library/Frameworks/ApplicationServices.framework/Versions/A/Frameworks/ATS.framework/Versions/A/ATS
0x0000000011c41000 	/System/Library/Frameworks/ApplicationServices.framework/Versions/A/Frameworks/ColorSyncLegacy.framework/Versions/A/ColorSyncLegacy
0x0000000011c41000 	/System/Library/Frameworks/ApplicationServices.framework/Versions/A/Frameworks/HIServices.framework/Versions/A/HIServices
0x0000000011c41000 	/System/Library/Frameworks/ApplicationServices.framework/Versions/A/Frameworks/LangAnalysis.framework/Versions/A/LangAnalysis
0x0000000011c41000 	/System/Library/Frameworks/ApplicationServices.framework/Versions/A/Frameworks/PrintCore.framework/Versions/A/PrintCore
0x0000000011c41000 	/System/Library/Frameworks/ApplicationServices.framework/Versions/A/Frameworks/QD.framework/Versions/A/QD
0x0000000011c41000 	/System/Library/Frameworks/ApplicationServices.framework/Versions/A/Frameworks/SpeechSynthesis.framework/Versions/A/SpeechSynthesis
0x0000000011c41000 	/System/Library/Frameworks/CoreDisplay.framework/Versions/A/CoreDisplay
0x0000000011c41000 	/System/Library/Frameworks/Accelerate.framework/Versions/A/Frameworks/vImage.framework/Versions/A/vImage
0x0000000011c41000 	/System/Library/Frameworks/Accelerate.framework/Versions/A/Frameworks/vecLib.framework/Versions/A/vecLib
0x0000000011c41000 	/System/Library/Frameworks/Accelerate.framework/Versions/A/Frameworks/vecLib.framework/Versions/A/libvDSP.dylib
0x0000000011c41000 	/System/Library/Frameworks/Accelerate.framework/Versions/A/Frameworks/vecLib.framework/Versions/A/libBNNS.dylib
0x0000000011c41000 	/System/Library/Frameworks/Accelerate.framework/Versions/A/Frameworks/vecLib.framework/Versions/A/libQuadrature.dylib
0x0000000011c41000 	/System/Library/Frameworks/Accelerate.framework/Versions/A/Frameworks/vecLib.framework/Versions/A/libvMisc.dylib
0x0000000011c41000 	/System/Library/Frameworks/Accelerate.framework/Versions/A/Frameworks/vecLib.framework/Versions/A/libLAPACK.dylib
0x0000000011c41000 	/System/Library/Frameworks/Accelerate.framework/Versions/A/Frameworks/vecLib.framework/Versions/A/libBLAS.dylib
0x0000000011c41000 	/System/Library/Frameworks/Accelerate.framework/Versions/A/Frameworks/vecLib.framework/Versions/A/libLinearAlgebra.dylib
0x0000000011c41000 	/System/Library/Frameworks/Accelerate.framework/Versions/A/Frameworks/vecLib.framework/Versions/A/libSparse.dylib
0x0000000011c41000 	/System/Library/Frameworks/Accelerate.framework/Versions/A/Frameworks/vecLib.framework/Versions/A/libSparseBLAS.dylib
0x0000000011c41000 	/System/Library/PrivateFrameworks/GPUWrangler.framework/Versions/A/GPUWrangler
0x0000000011c41000 	/System/Library/PrivateFrameworks/IOAccelerator.framework/Versions/A/IOAccelerator
0x0000000011c41000 	/System/Library/PrivateFrameworks/IOPresentment.framework/Versions/A/IOPresentment
0x0000000011c41000 	/System/Library/PrivateFrameworks/DSExternalDisplay.framework/Versions/A/DSExternalDisplay
0x0000000011c41000 	/System/Library/Frameworks/OpenGL.framework/Versions/A/Libraries/libCoreFSCache.dylib
0x0000000011c41000 	/System/Library/Frameworks/CoreVideo.framework/Versions/A/CoreVideo
0x0000000011c41000 	/System/Library/PrivateFrameworks/GraphVisualizer.framework/Versions/A/GraphVisualizer
0x0000000011c41000 	/System/Library/Frameworks/MetalPerformanceShaders.framework/Versions/A/MetalPerformanceShaders
0x0000000011c41000 	/usr/lib/libFosl_dynamic.dylib
0x0000000011c41000 	/System/Library/PrivateFrameworks/FaceCore.framework/Versions/A/FaceCore
0x0000000011c41000 	/System/Library/Frameworks/OpenCL.framework/Versions/A/OpenCL
0x0000000011c41000 	/usr/lib/libcompression.dylib
0x0000000011c41000 	/System/Library/Frameworks/ApplicationServices.framework/Versions/A/Frameworks/ATS.framework/Versions/A/Resources/libFontParser.dylib
0x0000000011c41000 	/System/Library/Frameworks/ApplicationServices.framework/Versions/A/Frameworks/ATS.framework/Versions/A/Resources/libFontRegistry.dylib
0x0000000011c41000 	/System/Library/Frameworks/ImageIO.framework/Versions/A/Resources/libJPEG.dylib
0x0000000011c41000 	/System/Library/Frameworks/ImageIO.framework/Versions/A/Resources/libTIFF.dylib
0x0000000011c41000 	/System/Library/Frameworks/ImageIO.framework/Versions/A/Resources/libPng.dylib
0x0000000011c41000 	/System/Library/Frameworks/ImageIO.framework/Versions/A/Resources/libGIF.dylib
0x0000000011c41000 	/System/Library/Frameworks/ImageIO.framework/Versions/A/Resources/libJP2.dylib
0x0000000011c41000 	/System/Library/Frameworks/ImageIO.framework/Versions/A/Resources/libRadiance.dylib
0x0000000011c41000 	/System/Library/PrivateFrameworks/AppleJPEG.framework/Versions/A/AppleJPEG
0x0000000011c41000 	/System/Library/Frameworks/MetalPerformanceShaders.framework/Frameworks/MPSCore.framework/Versions/A/MPSCore
0x0000000011c41000 	/System/Library/Frameworks/MetalPerformanceShaders.framework/Frameworks/MPSImage.framework/Versions/A/MPSImage
0x0000000011c41000 	/System/Library/Frameworks/MetalPerformanceShaders.framework/Frameworks/MPSNeuralNetwork.framework/Versions/A/MPSNeuralNetwork
0x0000000011c41000 	/System/Library/Frameworks/MetalPerformanceShaders.framework/Frameworks/MPSMatrix.framework/Versions/A/MPSMatrix
0x0000000011c41000 	/System/Library/PrivateFrameworks/MetalTools.framework/Versions/A/MetalTools
0x0000000011c41000 	/System/Library/Frameworks/OpenGL.framework/Versions/A/Libraries/libGLU.dylib
0x0000000011c41000 	/System/Library/Frameworks/OpenGL.framework/Versions/A/Libraries/libGFXShared.dylib
0x0000000011c41000 	/System/Library/Frameworks/OpenGL.framework/Versions/A/Libraries/libGL.dylib
0x0000000011c41000 	/System/Library/Frameworks/OpenGL.framework/Versions/A/Libraries/libGLImage.dylib
0x0000000011c41000 	/System/Library/Frameworks/OpenGL.framework/Versions/A/Libraries/libCVMSPluginSupport.dylib
0x0000000011c41000 	/System/Library/Frameworks/OpenGL.framework/Versions/A/Libraries/libCoreVMClient.dylib
0x0000000011c41000 	/usr/lib/libcups.2.dylib
0x0000000011c41000 	/System/Library/Frameworks/Kerberos.framework/Versions/A/Kerberos
0x0000000011c41000 	/System/Library/Frameworks/GSS.framework/Versions/A/GSS
0x0000000011c41000 	/usr/lib/libresolv.9.dylib
0x0000000011c41000 	/usr/lib/libiconv.2.dylib
0x0000000011c41000 	/System/Library/PrivateFrameworks/Heimdal.framework/Versions/A/Heimdal
0x0000000011c41000 	/usr/lib/libheimdal-asn1.dylib
0x0000000011c41000 	/System/Library/Frameworks/OpenDirectory.framework/Versions/A/OpenDirectory
0x0000000011c41000 	/System/Library/PrivateFrameworks/CommonAuth.framework/Versions/A/CommonAuth
0x0000000011c41000 	/System/Library/Frameworks/OpenDirectory.framework/Versions/A/Frameworks/CFOpenDirectory.framework/Versions/A/CFOpenDirectory
0x0000000011c41000 	/System/Library/Frameworks/SecurityFoundation.framework/Versions/A/SecurityFoundation
0x0000000011c41000 	/System/Library/PrivateFrameworks/APFS.framework/Versions/A/APFS
0x0000000011c41000 	/usr/lib/libutil.dylib
0x0000000011c41000 	/System/Library/PrivateFrameworks/AppleSauce.framework/Versions/A/AppleSauce
0x0000000011c41000 	/System/Library/PrivateFrameworks/LinguisticData.framework/Versions/A/LinguisticData
0x0000000011c41000 	/usr/lib/libmarisa.dylib
0x0000000011c41000 	/System/Library/PrivateFrameworks/Lexicon.framework/Versions/A/Lexicon
0x0000000011c41000 	/usr/lib/libChineseTokenizer.dylib
0x0000000011c41000 	/usr/lib/libcmph.dylib
0x0000000011c41000 	/System/Library/PrivateFrameworks/LanguageModeling.framework/Versions/A/LanguageModeling
0x0000000011c41000 	/System/Library/PrivateFrameworks/CoreEmoji.framework/Versions/A/CoreEmoji
0x0000000011c41000 	/System/Library/Frameworks/ServiceManagement.framework/Versions/A/ServiceManagement
0x0000000011c41000 	/System/Library/PrivateFrameworks/BackgroundTaskManagement.framework/Versions/A/BackgroundTaskManagement
0x0000000011c41000 	/usr/lib/libxslt.1.dylib
0x0000000011c41000 	/System/Library/Frameworks/Carbon.framework/Versions/A/Frameworks/Ink.framework/Versions/A/Ink
0x0000000011c41000 	/System/Library/PrivateFrameworks/TextureIO.framework/Versions/A/TextureIO
0x0000000011c41000 	/usr/lib/libate.dylib
0x0000000011c41000 	/System/Library/PrivateFrameworks/CrashReporterSupport.framework/Versions/A/CrashReporterSupport
0x0000000011c41000 	/System/Library/PrivateFrameworks/Sharing.framework/Versions/A/Sharing
0x0000000011c41000 	/System/Library/PrivateFrameworks/IconServices.framework/Versions/A/IconServices
0x0000000011c41000 	/System/Library/PrivateFrameworks/Apple80211.framework/Versions/A/Apple80211
0x0000000011c41000 	/System/Library/PrivateFrameworks/CoreUtils.framework/Versions/A/CoreUtils
0x0000000011c41000 	/System/Library/Frameworks/CoreWLAN.framework/Versions/A/CoreWLAN
0x0000000011c41000 	/System/Library/Frameworks/IOBluetooth.framework/Versions/A/IOBluetooth
0x0000000011c41000 	/System/Library/PrivateFrameworks/ProtocolBuffer.framework/Versions/A/ProtocolBuffer
0x0000000011c41000 	/System/Library/PrivateFrameworks/CoreWiFi.framework/Versions/A/CoreWiFi
0x0000000011c41000 	/System/Library/Frameworks/CoreBluetooth.framework/Versions/A/CoreBluetooth
0x0000000011c41000 	/System/Library/PrivateFrameworks/DebugSymbols.framework/Versions/A/DebugSymbols
0x0000000011c41000 	/System/Library/PrivateFrameworks/CoreSymbolication.framework/Versions/A/CoreSymbolication
0x0000000011c41000 	/System/Library/PrivateFrameworks/Symbolication.framework/Versions/A/Symbolication
0x0000000011c41000 	/System/Library/PrivateFrameworks/AppleFSCompression.framework/Versions/A/AppleFSCompression
0x0000000011c41000 	/System/Library/PrivateFrameworks/SpeechRecognitionCore.framework/Versions/A/SpeechRecognitionCore
0x000000010c51d000 	/Library/Java/JavaVirtualMachines/jdk1.8.0_171.jdk/Contents/Home/jre/lib/server/libjvm.dylib
0x0000000011c41000 	/usr/lib/libstdc++.6.0.9.dylib
0x000000010d4cb000 	/Library/Java/JavaVirtualMachines/jdk1.8.0_171.jdk/Contents/Home/jre/lib/libverify.dylib
0x000000010d4d9000 	/Library/Java/JavaVirtualMachines/jdk1.8.0_171.jdk/Contents/Home/jre/lib/libjava.dylib
0x000000010d559000 	/Library/Java/JavaVirtualMachines/jdk1.8.0_171.jdk/Contents/Home/jre/lib/libzip.dylib
0x000000011612c000 	/Library/Java/JavaVirtualMachines/jdk1.8.0_171.jdk/Contents/Home/jre/lib/libprism_es2.dylib
0x0000000011c41000 	/System/Library/PrivateFrameworks/CoreServicesInternal.framework/Versions/A/CoreServicesInternal
0x0000000011c41000 	/System/Library/Frameworks/OpenGL.framework/Versions/A/Resources/GLEngine.bundle/GLEngine
0x0000000011c41000 	/System/Library/Frameworks/OpenGL.framework/Versions/A/Libraries/libGLProgrammability.dylib
0x0000000125c37000 	/System/Library/Extensions/AppleIntelKBLGraphicsGLDriver.bundle/Contents/MacOS/AppleIntelKBLGraphicsGLDriver
0x0000000011c41000 	/System/Library/PrivateFrameworks/GPUSupport.framework/Versions/A/Libraries/libGPUSupportMercury.dylib
0x0000000011c41000 	/System/Library/Frameworks/OpenGL.framework/Versions/A/Resources/GLRendererFloat.bundle/GLRendererFloat
0x0000000011c41000 	/System/Library/Frameworks/OpenCL.framework/Versions/A/Libraries/libcldcpuengine.dylib
0x0000000011c41000 	/usr/lib/libcrypto.35.dylib
0x0000000011c41000 	/System/Library/PrivateFrameworks/TrustEvaluationAgent.framework/Versions/A/TrustEvaluationAgent
0x0000000116601000 	/Library/Java/JavaVirtualMachines/jdk1.8.0_171.jdk/Contents/Home/jre/lib/libglass.dylib
0x0000000011c41000 	/System/Library/CoreServices/RawCamera.bundle/Contents/MacOS/RawCamera
0x0000000011c41000 	/System/Library/PrivateFrameworks/MobileAsset.framework/Versions/A/MobileAsset
0x0000000011c41000 	/System/Library/PrivateFrameworks/StreamingZip.framework/Versions/A/StreamingZip
0x0000000011c41000 	/System/Library/Frameworks/MediaToolbox.framework/Versions/A/MediaToolbox
0x0000000011c41000 	/System/Library/PrivateFrameworks/CoreAVCHD.framework/Versions/A/CoreAVCHD
0x0000000011c41000 	/System/Library/Frameworks/MediaAccessibility.framework/Versions/A/MediaAccessibility
0x0000000011c41000 	/System/Library/PrivateFrameworks/Mangrove.framework/Versions/A/Mangrove
0x0000000011c41000 	/System/Library/Frameworks/CoreMedia.framework/Versions/A/CoreMedia
0x0000000011c41000 	/System/Library/Frameworks/VideoToolbox.framework/Versions/A/VideoToolbox
0x0000000011c41000 	/System/Library/PrivateFrameworks/CoreAUC.framework/Versions/A/CoreAUC
0x0000000011c41000 	/usr/lib/libspindump.dylib
0x0000000011c41000 	/System/Library/PrivateFrameworks/AppleVA.framework/Versions/A/AppleVA
0x0000000011c41000 	/System/Library/Frameworks/Accelerate.framework/Versions/A/Frameworks/vImage.framework/Versions/A/Libraries/libCGInterfaces.dylib
0x0000000011c41000 	/System/Library/PrivateFrameworks/FamilyControls.framework/Versions/A/FamilyControls
0x0000000011c41000 	/System/Library/PrivateFrameworks/CommerceKit.framework/Versions/A/Frameworks/CommerceCore.framework/Versions/A/CommerceCore
0x0000000011c41000 	/System/Library/PrivateFrameworks/SystemAdministration.framework/Versions/A/SystemAdministration
0x0000000011c41000 	/System/Library/PrivateFrameworks/AppContainer.framework/Versions/A/AppContainer
0x0000000011c41000 	/System/Library/PrivateFrameworks/SecCodeWrapper.framework/Versions/A/SecCodeWrapper
0x0000000011c41000 	/System/Library/PrivateFrameworks/DiskManagement.framework/Versions/A/DiskManagement
0x0000000011c41000 	/System/Library/Frameworks/DirectoryService.framework/Versions/A/DirectoryService
0x0000000011c41000 	/System/Library/PrivateFrameworks/DiskImages.framework/Versions/A/DiskImages
0x0000000011c41000 	/System/Library/PrivateFrameworks/LoginUIKit.framework/Versions/A/Frameworks/LoginUICore.framework/Versions/A/LoginUICore
0x0000000011c41000 	/usr/lib/libCoreStorage.dylib
0x0000000011c41000 	/usr/lib/libcsfde.dylib
0x0000000011c41000 	/usr/lib/libodfde.dylib
0x0000000011c41000 	/System/Library/PrivateFrameworks/MediaKit.framework/Versions/A/MediaKit
0x0000000011c41000 	/System/Library/Frameworks/DiscRecording.framework/Versions/A/DiscRecording
0x0000000011c41000 	/System/Library/PrivateFrameworks/EFILogin.framework/Versions/A/EFILogin
0x0000000011c41000 	/System/Library/PrivateFrameworks/ProtectedCloudStorage.framework/Versions/A/ProtectedCloudStorage
0x0000000011c41000 	/usr/lib/libcurl.4.dylib
0x0000000011c41000 	/usr/lib/libssl.35.dylib
0x0000000011c41000 	/System/Library/Frameworks/LDAP.framework/Versions/A/LDAP
0x0000000011c41000 	/usr/lib/libsasl2.2.dylib
0x0000000011c41000 	/System/Library/PrivateFrameworks/CoreDaemon.framework/Versions/B/CoreDaemon
0x0000000011c41000 	/System/Library/PrivateFrameworks/AppleSRP.framework/Versions/A/AppleSRP
0x0000000128f65000 	/Library/Java/JavaVirtualMachines/jdk1.8.0_171.jdk/Contents/Home/jre/lib/libmanagement.dylib
0x0000000126ff7000 	/Library/Java/JavaVirtualMachines/jdk1.8.0_171.jdk/Contents/Home/jre/lib/libnet.dylib
0x0000000128dc6000 	/Library/Java/JavaVirtualMachines/jdk1.8.0_171.jdk/Contents/Home/jre/lib/libnio.dylib
0x0000000011c41000 	/System/Library/Frameworks/ApplicationServices.framework/Versions/A/Frameworks/ATS.framework/Versions/A/Resources/libTrueTypeScaler.dylib
0x0000000011c41000 	/System/Library/Extensions/AppleIntelKBLGraphicsMTLDriver.bundle/Contents/MacOS/AppleIntelKBLGraphicsMTLDriver
0x0000000011c41000 	/System/Library/PrivateFrameworks/GPUCompiler.framework/Versions/3802/Libraries/libmetal_timestamp.dylib
0x000000012b323000 	/Library/Java/JavaVirtualMachines/jdk1.8.0_171.jdk/Contents/Home/jre/lib/libawt.dylib
0x000000012b3cd000 	/Library/Java/JavaVirtualMachines/jdk1.8.0_171.jdk/Contents/Home/jre/lib/./libmlib_image.dylib
0x0000000011c41000 	/System/Library/Frameworks/JavaVM.framework/Versions/A/Frameworks/JavaNativeFoundation.framework/Versions/A/JavaNativeFoundation
0x0000000011c41000 	/System/Library/Frameworks/JavaVM.framework/Versions/A/Frameworks/JavaRuntimeSupport.framework/Versions/A/JavaRuntimeSupport
0x0000000011c41000 	/System/Library/Frameworks/JavaVM.framework/Versions/A/JavaVM
0x0000000011c41000 	/System/Library/PrivateFrameworks/JavaLaunching.framework/Versions/A/JavaLaunching
0x0000000011c41000 	/System/Library/Frameworks/Carbon.framework/Versions/A/Carbon
0x0000000011c41000 	/System/Library/Frameworks/Carbon.framework/Versions/A/Frameworks/CommonPanels.framework/Versions/A/CommonPanels
0x0000000011c41000 	/System/Library/Frameworks/Carbon.framework/Versions/A/Frameworks/Help.framework/Versions/A/Help
0x0000000011c41000 	/System/Library/Frameworks/Carbon.framework/Versions/A/Frameworks/ImageCapture.framework/Versions/A/ImageCapture
0x0000000011c41000 	/System/Library/Frameworks/Carbon.framework/Versions/A/Frameworks/OpenScripting.framework/Versions/A/OpenScripting
0x0000000011c41000 	/System/Library/Frameworks/Carbon.framework/Versions/A/Frameworks/Print.framework/Versions/A/Print
0x0000000011c41000 	/System/Library/Frameworks/Carbon.framework/Versions/A/Frameworks/SecurityHI.framework/Versions/A/SecurityHI
0x000000012b499000 	/Library/Java/JavaVirtualMachines/jdk1.8.0_171.jdk/Contents/Home/jre/lib/libawt_lwawt.dylib
0x0000000128e63000 	/Library/Java/JavaVirtualMachines/jdk1.8.0_171.jdk/Contents/Home/jre/lib/./libosxapp.dylib
0x0000000011c41000 	/System/Library/Frameworks/ExceptionHandling.framework/Versions/A/ExceptionHandling
0x000000012b553000 	/Library/Java/JavaVirtualMachines/jdk1.8.0_171.jdk/Contents/Home/jre/lib/libfontmanager.dylib
0x00000001270ab000 	/Library/Java/JavaVirtualMachines/jdk1.8.0_171.jdk/Contents/Home/jre/lib/libosx.dylib
0x0000000011c41000 	/System/Library/PrivateFrameworks/ViewBridge.framework/Versions/A/ViewBridge
0x0000000128de9000 	/Library/Java/JavaVirtualMachines/jdk1.8.0_171.jdk/Contents/Home/jre/lib/libosxui.dylib
0x0000000128e7f000 	/Library/Java/JavaVirtualMachines/jdk1.8.0_171.jdk/Contents/Home/jre/lib/libjavafx_font.dylib
0x00000001294e2000 	/Library/Java/JavaVirtualMachines/jdk1.8.0_171.jdk/Contents/Home/jre/lib/libprism_common.dylib
0x0000000127137000 	/Library/Java/JavaVirtualMachines/jdk1.8.0_171.jdk/Contents/Home/jre/lib/libsunec.dylib
0x00000001641aa000 	/Library/Java/JavaVirtualMachines/jdk1.8.0_171.jdk/Contents/Home/jre/lib/libdcpr.dylib
0x00000001641d8000 	/Library/Java/JavaVirtualMachines/jdk1.8.0_171.jdk/Contents/Home/jre/lib/libt2k.dylib
0x000000017376b000 	/Library/Java/JavaVirtualMachines/jdk1.8.0_171.jdk/Contents/Home/jre/lib/libjfxwebkit.dylib
0x0000000011c41000 	/System/Library/PrivateFrameworks/login.framework/Versions/A/login

VM Arguments:
jvm_args: -Dfile.encoding=UTF-8 -Duser.country=BR -Duser.language=pt -Duser.variant 
java_command: org.jabref.JabRefMain
java_class_path (initial): /Users/giovannibrogiato/IdeaProjects/JabRef4.2-Grupo4/build/classes/java/main:/Users/giovannibrogiato/IdeaProjects/JabRef4.2-Grupo4/build/resources/main:/Users/giovannibrogiato/IdeaProjects/JabRef4.2-Grupo4/lib/AppleJavaExtensions.jar:/Users/giovannibrogiato/IdeaProjects/JabRef4.2-Grupo4/lib/customjfx-1.0.0.jar:/Users/giovannibrogiato/IdeaProjects/JabRef4.2-Grupo4/lib/spin.jar:/Users/giovannibrogiato/.gradle/caches/modules-2/files-2.1/com.jgoodies/jgoodies-forms/1.9.0/eda960be2f88d47d14a81b742772b07684abc7d0/jgoodies-forms-1.9.0.jar:/Users/giovannibrogiato/.gradle/caches/modules-2/files-2.1/com.jgoodies/jgoodies-common/1.8.1/dffc159cf71bde5dcbb65916305684f6b43d45b1/jgoodies-common-1.8.1.jar:/Users/giovannibrogiato/.gradle/caches/modules-2/files-2.1/org.apache.pdfbox/pdfbox/2.0.9/d0425578218624388f2ec84a0b3a11efd55df0f5/pdfbox-2.0.9.jar:/Users/giovannibrogiato/.gradle/caches/modules-2/files-2.1/org.apache.pdfbox/fontbox/2.0.9/f961f17ebdbc307e9055e3cf7c0e207f0895ae55/fontbox-2.0.9.jar:/Users/giovannibrogiato/.gradle/caches/modules-2/files-2.1/org.apache.pdfbox/xmpbox/2.0.9/b406a2931213661cbbc308f8cfacd8fb6f763753/xmpbox-2.0.9.jar:/Users/giovannibrogiato/.gradle/caches/modules-2/files-2.1/org.bouncycastle/bcprov-jdk15on/1.59/2507204241ab450456bdb8e8c0a8f986e418bd99/bcprov-jdk15on-1.59.jar:/Users/giovannibrogiato/.gradle/caches/modules-2/files-2.1/commons-cli/commons-cli/1.4/c51c00206bb913cd8612b24abd9fa98ae89719b1/commons-cli-1.4.jar:/Users/giovannibrogiato/.gradle/caches/modules-2/files-2.1/org.libreoffice/juh/5.4.2/d646e7c4f41b3d4a59f4aeaa1afd6ac8a7f7ed55/juh-5.4.2.jar:/Users/giovannibrogiato/.gradle/caches/modules-2/files-2.1/org.libreoffice/jurt/5.4.2/7ec2894c5328809631061a061c8345d743a463f2/jurt-5.4.2.jar:/Users/giovannibrogiato/.gradle/caches/modules-2/files-2.1/org.libreoffice/ridl/5.4.2/b5e016320589723cafc98fc7151dd07af6067fe/ridl-5.4.2.jar:/Users/giovannibrogiato/.gradle/caches/modules-2/files-2.1/org.libreoffice/unoil/5.4.2/668ec7
Launcher Type: SUN_STANDARD

Environment Variables:
PATH=/Library/Frameworks/Python.framework/Versions/3.6/bin:/usr/local/bin:/usr/bin:/bin:/usr/sbin:/sbin
SHELL=/bin/bash

Signal Handlers:
SIGSEGV: [libjvm.dylib+0x5b512d], sa_mask[0]=11111111011111110111111111111111, sa_flags=SA_ONSTACK|SA_RESTART|SA_SIGINFO
SIGBUS: [libjvm.dylib+0x5b512d], sa_mask[0]=11111111011111110111111111111111, sa_flags=SA_RESTART|SA_SIGINFO
SIGFPE: [libjvm.dylib+0x48aa90], sa_mask[0]=11111111011111110111111111111111, sa_flags=SA_RESTART|SA_SIGINFO
SIGPIPE: [libjvm.dylib+0x48aa90], sa_mask[0]=11111111011111110111111111111111, sa_flags=SA_RESTART|SA_SIGINFO
SIGXFSZ: [libjvm.dylib+0x48aa90], sa_mask[0]=11111111011111110111111111111111, sa_flags=SA_RESTART|SA_SIGINFO
SIGILL: [libjvm.dylib+0x48aa90], sa_mask[0]=11111111011111110111111111111111, sa_flags=SA_RESTART|SA_SIGINFO
SIGUSR1: SIG_DFL, sa_mask[0]=00000000000000000000000000000000, sa_flags=none
SIGUSR2: [libjvm.dylib+0x48a5ae], sa_mask[0]=00100000000000000000000000000000, sa_flags=SA_RESTART|SA_SIGINFO
SIGHUP: [libjvm.dylib+0x488b79], sa_mask[0]=11111111011111110111111111111111, sa_flags=SA_RESTART|SA_SIGINFO
SIGINT: [libjvm.dylib+0x488b79], sa_mask[0]=11111111011111110111111111111111, sa_flags=SA_RESTART|SA_SIGINFO
SIGTERM: [libjvm.dylib+0x488b79], sa_mask[0]=11111111011111110111111111111111, sa_flags=SA_RESTART|SA_SIGINFO
SIGQUIT: [libjvm.dylib+0x488b79], sa_mask[0]=11111111011111110111111111111111, sa_flags=SA_RESTART|SA_SIGINFO


---------------  S Y S T E M  ---------------

OS:Bsduname:Darwin 17.5.0 Darwin Kernel Version 17.5.0: Mon Mar  5 22:24:32 PST 2018; root:xnu-4570.51.1~1/RELEASE_X86_64 x86_64
rlimit: STACK 8192k, CORE 0k, NPROC 709, NOFILE 10240, AS infinity
load average:6.24 3.47 2.80

CPU:total 4 (initial active 4) (2 cores per cpu, 2 threads per core) family 6 model 142 stepping 9, cmov, cx8, fxsr, mmx, sse, sse2, sse3, ssse3, sse4.1, sse4.2, popcnt, avx, avx2, aes, clmul, erms, rtm, 3dnowpref, lzcnt, ht, tsc, tscinvbit, bmi1, bmi2, adx

Memory: 4k page, physical 8388608k(67928k free)

/proc/meminfo:


vm_info: Java HotSpot(TM) 64-Bit Server VM (25.171-b11) for bsd-amd64 JRE (1.8.0_171-b11), built on Mar 28 2018 12:50:57 by "java_re" with gcc 4.2.1 (Based on Apple Inc. build 5658) (LLVM build 2336.11.00)

time: Tue Jul 17 23:05:45 2018
elapsed time: 23364 seconds (0d 6h 29m 24s)

