2018.06.06 15:56:03 INFO  es[][o.e.n.Node] initializing ...
2018.06.06 15:56:03 INFO  es[][o.e.e.NodeEnvironment] using [1] data paths, mounts [[/ (/dev/disk1s1)]], net usable_space [170.1gb], net total_space [233.4gb], spins? [unknown], types [apfs]
2018.06.06 15:56:03 INFO  es[][o.e.e.NodeEnvironment] heap size [494.9mb], compressed ordinary object pointers [true]
2018.06.06 15:56:03 INFO  es[][o.e.n.Node] node name [sonarqube], node ID [mqh2EOwDR1-qNbVd5q9KuQ]
2018.06.06 15:56:03 INFO  es[][o.e.n.Node] version[5.6.3], pid[5732], build[1a2f265/2017-10-06T20:33:39.012Z], OS[Mac OS X/10.13.4/x86_64], JVM[Oracle Corporation/Java HotSpot(TM) 64-Bit Server VM/9.0.4/9.0.4+11]
2018.06.06 15:56:03 INFO  es[][o.e.n.Node] JVM arguments [-XX:+UseConcMarkSweepGC, -XX:CMSInitiatingOccupancyFraction=75, -XX:+UseCMSInitiatingOccupancyOnly, -XX:+AlwaysPreTouch, -Xss1m, -Djava.awt.headless=true, -Dfile.encoding=UTF-8, -Djna.nosys=true, -Djdk.io.permissionsUseCanonicalPath=true, -Dio.netty.noUnsafe=true, -Dio.netty.noKeySetOptimization=true, -Dio.netty.recycler.maxCapacityPerThread=0, -Dlog4j.shutdownHookEnabled=false, -Dlog4j2.disable.jmx=true, -Dlog4j.skipJansi=true, -Xms512m, -Xmx512m, -XX:+HeapDumpOnOutOfMemoryError, -Des.path.home=/Users/giovannibrogiato/Downloads/sonarqube-6.7.3/elasticsearch]
2018.06.06 15:56:04 INFO  es[][o.e.p.PluginsService] loaded module [aggs-matrix-stats]
2018.06.06 15:56:04 INFO  es[][o.e.p.PluginsService] loaded module [ingest-common]
2018.06.06 15:56:04 INFO  es[][o.e.p.PluginsService] loaded module [parent-join]
2018.06.06 15:56:04 INFO  es[][o.e.p.PluginsService] loaded module [percolator]
2018.06.06 15:56:04 INFO  es[][o.e.p.PluginsService] loaded module [reindex]
2018.06.06 15:56:04 INFO  es[][o.e.p.PluginsService] loaded module [transport-netty4]
2018.06.06 15:56:04 INFO  es[][o.e.p.PluginsService] no plugins loaded
2018.06.06 15:56:05 INFO  es[][o.e.d.DiscoveryModule] using discovery type [zen]
2018.06.06 15:56:06 INFO  es[][o.e.n.Node] initialized
2018.06.06 15:56:06 INFO  es[][o.e.n.Node] starting ...
2018.06.06 15:56:06 INFO  es[][o.e.t.TransportService] publish_address {127.0.0.1:9001}, bound_addresses {127.0.0.1:9001}
2018.06.06 15:56:09 INFO  es[][o.e.c.s.ClusterService] new_master {sonarqube}{mqh2EOwDR1-qNbVd5q9KuQ}{xo-7x0gKTxauOJ6Q7JlkEQ}{127.0.0.1}{127.0.0.1:9001}{rack_id=sonarqube}, reason: zen-disco-elected-as-master ([0] nodes joined)
2018.06.06 15:56:09 INFO  es[][o.e.n.Node] started
2018.06.06 15:56:09 INFO  es[][o.e.g.GatewayService] recovered [0] indices into cluster_state
2018.06.06 15:56:18 INFO  es[][o.e.c.m.MetaDataCreateIndexService] [metadatas] creating index, cause [api], templates [], shards [1]/[0], mappings []
2018.06.06 15:56:18 INFO  es[][o.e.c.r.a.AllocationService] Cluster health status changed from [YELLOW] to [GREEN] (reason: [shards started [[metadatas][0]] ...]).
2018.06.06 15:56:18 INFO  es[][o.e.c.m.MetaDataMappingService] [metadatas/DCk60mbrS4C3F145_lxnwg] create_mapping [metadata]
2018.06.06 15:56:19 INFO  es[][o.e.c.m.MetaDataCreateIndexService] [components] creating index, cause [api], templates [], shards [5]/[0], mappings []
2018.06.06 15:56:19 INFO  es[][o.e.c.r.a.AllocationService] Cluster health status changed from [YELLOW] to [GREEN] (reason: [shards started [[components][4]] ...]).
2018.06.06 15:56:19 INFO  es[][o.e.c.m.MetaDataMappingService] [components/R8ExrfoQTRmjDTl2_U4ZTg] create_mapping [component]
2018.06.06 15:56:19 INFO  es[][o.e.c.m.MetaDataMappingService] [components/R8ExrfoQTRmjDTl2_U4ZTg] create_mapping [authorization]
2018.06.06 15:56:19 INFO  es[][o.e.c.m.MetaDataCreateIndexService] [tests] creating index, cause [api], templates [], shards [5]/[0], mappings []
2018.06.06 15:56:19 INFO  es[][o.e.c.r.a.AllocationService] Cluster health status changed from [YELLOW] to [GREEN] (reason: [shards started [[tests][4]] ...]).
2018.06.06 15:56:19 INFO  es[][o.e.c.m.MetaDataMappingService] [tests/8R-nqczEQH6Sc7947cd_YQ] create_mapping [test]
2018.06.06 15:56:19 INFO  es[][o.e.c.m.MetaDataCreateIndexService] [projectmeasures] creating index, cause [api], templates [], shards [5]/[0], mappings []
2018.06.06 15:56:20 INFO  es[][o.e.c.r.a.AllocationService] Cluster health status changed from [YELLOW] to [GREEN] (reason: [shards started [[projectmeasures][4]] ...]).
2018.06.06 15:56:20 INFO  es[][o.e.c.m.MetaDataMappingService] [projectmeasures/-Zjj4KDESqCE1BKwdvK2gw] create_mapping [projectmeasure]
2018.06.06 15:56:20 INFO  es[][o.e.c.m.MetaDataMappingService] [projectmeasures/-Zjj4KDESqCE1BKwdvK2gw] create_mapping [authorization]
2018.06.06 15:56:20 INFO  es[][o.e.c.m.MetaDataCreateIndexService] [rules] creating index, cause [api], templates [], shards [2]/[0], mappings []
2018.06.06 15:56:20 INFO  es[][o.e.c.r.a.AllocationService] Cluster health status changed from [YELLOW] to [GREEN] (reason: [shards started [[rules][0]] ...]).
2018.06.06 15:56:20 INFO  es[][o.e.c.m.MetaDataMappingService] [rules/Jksb5xnHR_WqGELnuXtlKw] create_mapping [activeRule]
2018.06.06 15:56:20 INFO  es[][o.e.c.m.MetaDataMappingService] [rules/Jksb5xnHR_WqGELnuXtlKw] create_mapping [ruleExtension]
2018.06.06 15:56:20 INFO  es[][o.e.c.m.MetaDataMappingService] [rules/Jksb5xnHR_WqGELnuXtlKw] create_mapping [rule]
2018.06.06 15:56:20 INFO  es[][o.e.c.m.MetaDataCreateIndexService] [issues] creating index, cause [api], templates [], shards [5]/[0], mappings []
2018.06.06 15:56:20 INFO  es[][o.e.c.r.a.AllocationService] Cluster health status changed from [YELLOW] to [GREEN] (reason: [shards started [[issues][4]] ...]).
2018.06.06 15:56:20 INFO  es[][o.e.c.m.MetaDataMappingService] [issues/26qUF2GsS6-JxfwZRNxlJg] create_mapping [issue]
2018.06.06 15:56:20 INFO  es[][o.e.c.m.MetaDataMappingService] [issues/26qUF2GsS6-JxfwZRNxlJg] create_mapping [authorization]
2018.06.06 15:56:20 INFO  es[][o.e.c.m.MetaDataCreateIndexService] [users] creating index, cause [api], templates [], shards [1]/[0], mappings []
2018.06.06 15:56:20 INFO  es[][o.e.c.r.a.AllocationService] Cluster health status changed from [YELLOW] to [GREEN] (reason: [shards started [[users][0]] ...]).
2018.06.06 15:56:21 INFO  es[][o.e.c.m.MetaDataMappingService] [users/rWBU4Ur_Rmq4J-_V2i3vQQ] create_mapping [user]
2018.06.06 15:56:21 INFO  es[][o.e.c.m.MetaDataCreateIndexService] [views] creating index, cause [api], templates [], shards [5]/[0], mappings []
2018.06.06 15:56:21 INFO  es[][o.e.c.r.a.AllocationService] Cluster health status changed from [YELLOW] to [GREEN] (reason: [shards started [[views][4]] ...]).
2018.06.06 15:56:21 INFO  es[][o.e.c.m.MetaDataMappingService] [views/IpP_OTMzS_yA6i3yWoto9A] create_mapping [view]
2018.06.06 15:56:33 INFO  es[][o.e.c.s.IndexScopedSettings] updating [index.refresh_interval] from [30s] to [-1]
2018.06.06 15:56:33 INFO  es[][o.e.c.s.IndexScopedSettings] updating [index.refresh_interval] from [30s] to [-1]
2018.06.06 15:56:33 INFO  es[][o.e.c.s.IndexScopedSettings] updating [index.refresh_interval] from [-1] to [30s]
2018.06.06 15:56:33 INFO  es[][o.e.c.s.IndexScopedSettings] updating [index.refresh_interval] from [-1] to [30s]
2018.06.06 15:56:33 INFO  es[][o.e.c.s.IndexScopedSettings] updating [index.refresh_interval] from [30s] to [-1]
2018.06.06 15:56:33 INFO  es[][o.e.c.s.IndexScopedSettings] updating [index.refresh_interval] from [30s] to [-1]
2018.06.06 15:56:33 INFO  es[][o.e.c.s.IndexScopedSettings] updating [index.refresh_interval] from [-1] to [30s]
2018.06.06 15:56:33 INFO  es[][o.e.c.s.IndexScopedSettings] updating [index.refresh_interval] from [-1] to [30s]
