--> Wrapper Started as Daemon
Launching a JVM...
Wrapper (Version 3.2.3) http://wrapper.tanukisoftware.org
  Copyright 1999-2006 Tanuki Software, Inc.  All Rights Reserved.

2018.06.06 15:56:01 INFO  app[][o.s.a.AppFileSystem] Cleaning or creating temp directory /Users/giovannibrogiato/Downloads/sonarqube-6.7.3/temp
2018.06.06 15:56:01 INFO  app[][o.s.a.es.EsSettings] Elasticsearch listening on /127.0.0.1:9001
2018.06.06 15:56:01 INFO  app[][o.s.a.p.ProcessLauncherImpl] Launch process[[key='es', ipcIndex=1, logFilenamePrefix=es]] from [/Users/giovannibrogiato/Downloads/sonarqube-6.7.3/elasticsearch]: /Users/giovannibrogiato/Downloads/sonarqube-6.7.3/elasticsearch/bin/elasticsearch -Epath.conf=/Users/giovannibrogiato/Downloads/sonarqube-6.7.3/temp/conf/es
2018.06.06 15:56:01 INFO  app[][o.s.a.SchedulerImpl] Waiting for Elasticsearch to be up and running
Java HotSpot(TM) 64-Bit Server VM warning: Option UseConcMarkSweepGC was deprecated in version 9.0 and will likely be removed in a future release.
2018.06.06 15:56:02 INFO  app[][o.e.p.PluginsService] no modules loaded
2018.06.06 15:56:02 INFO  app[][o.e.p.PluginsService] loaded plugin [org.elasticsearch.transport.Netty4Plugin]
WARNING: An illegal reflective access operation has occurred
WARNING: Illegal reflective access by io.netty.util.internal.ReflectionUtil (file:/Users/giovannibrogiato/Downloads/sonarqube-6.7.3/lib/common/netty-common-4.1.13.Final.jar) to constructor java.nio.DirectByteBuffer(long,int)
WARNING: Please consider reporting this to the maintainers of io.netty.util.internal.ReflectionUtil
WARNING: Use --illegal-access=warn to enable warnings of further illegal reflective access operations
WARNING: All illegal access operations will be denied in a future release
2018.06.06 15:56:09 INFO  app[][o.s.a.SchedulerImpl] Process[es] is up
2018.06.06 15:56:09 INFO  app[][o.s.a.p.ProcessLauncherImpl] Launch process[[key='web', ipcIndex=2, logFilenamePrefix=web]] from [/Users/giovannibrogiato/Downloads/sonarqube-6.7.3]: /Library/Java/JavaVirtualMachines/jdk-9.0.4.jdk/Contents/Home/bin/java -Djava.awt.headless=true -Dfile.encoding=UTF-8 -Djava.io.tmpdir=/Users/giovannibrogiato/Downloads/sonarqube-6.7.3/temp -Xmx512m -Xms128m -XX:+HeapDumpOnOutOfMemoryError -cp ./lib/common/*:./lib/server/*:/Users/giovannibrogiato/Downloads/sonarqube-6.7.3/lib/jdbc/h2/h2-1.3.176.jar org.sonar.server.app.WebServer /Users/giovannibrogiato/Downloads/sonarqube-6.7.3/temp/sq-process7474692003901252544properties
WARNING: An illegal reflective access operation has occurred
WARNING: Illegal reflective access by io.netty.util.internal.ReflectionUtil (file:/Users/giovannibrogiato/Downloads/sonarqube-6.7.3/lib/common/netty-common-4.1.13.Final.jar) to constructor java.nio.DirectByteBuffer(long,int)
WARNING: Please consider reporting this to the maintainers of io.netty.util.internal.ReflectionUtil
WARNING: Use --illegal-access=warn to enable warnings of further illegal reflective access operations
WARNING: All illegal access operations will be denied in a future release
2018.06.06 15:56:34 INFO  app[][o.s.a.SchedulerImpl] Process[web] is up
2018.06.06 15:56:34 INFO  app[][o.s.a.p.ProcessLauncherImpl] Launch process[[key='ce', ipcIndex=3, logFilenamePrefix=ce]] from [/Users/giovannibrogiato/Downloads/sonarqube-6.7.3]: /Library/Java/JavaVirtualMachines/jdk-9.0.4.jdk/Contents/Home/bin/java -Djava.awt.headless=true -Dfile.encoding=UTF-8 -Djava.io.tmpdir=/Users/giovannibrogiato/Downloads/sonarqube-6.7.3/temp -Xmx512m -Xms128m -XX:+HeapDumpOnOutOfMemoryError -cp ./lib/common/*:./lib/server/*:./lib/ce/*:/Users/giovannibrogiato/Downloads/sonarqube-6.7.3/lib/jdbc/h2/h2-1.3.176.jar org.sonar.ce.app.CeServer /Users/giovannibrogiato/Downloads/sonarqube-6.7.3/temp/sq-process11842986475542168959properties
WARNING: An illegal reflective access operation has occurred
WARNING: Illegal reflective access by io.netty.util.internal.ReflectionUtil (file:/Users/giovannibrogiato/Downloads/sonarqube-6.7.3/lib/common/netty-common-4.1.13.Final.jar) to constructor java.nio.DirectByteBuffer(long,int)
WARNING: Please consider reporting this to the maintainers of io.netty.util.internal.ReflectionUtil
WARNING: Use --illegal-access=warn to enable warnings of further illegal reflective access operations
WARNING: All illegal access operations will be denied in a future release
2018.06.06 15:56:39 INFO  app[][o.s.a.SchedulerImpl] Process[ce] is up
2018.06.06 15:56:39 INFO  app[][o.s.a.SchedulerImpl] SonarQube is up
--> Wrapper Started as Daemon
Launching a JVM...
Wrapper (Version 3.2.3) http://wrapper.tanukisoftware.org
  Copyright 1999-2006 Tanuki Software, Inc.  All Rights Reserved.

2018.06.07 11:10:45 INFO  app[][o.s.a.AppFileSystem] Cleaning or creating temp directory /Users/giovannibrogiato/Desktop/sonarqube-6.7.3/temp
2018.06.07 11:10:45 INFO  app[][o.s.a.es.EsSettings] Elasticsearch listening on /127.0.0.1:9001
2018.06.07 11:10:45 INFO  app[][o.s.a.p.ProcessLauncherImpl] Launch process[[key='es', ipcIndex=1, logFilenamePrefix=es]] from [/Users/giovannibrogiato/Desktop/sonarqube-6.7.3/elasticsearch]: /Users/giovannibrogiato/Desktop/sonarqube-6.7.3/elasticsearch/bin/elasticsearch -Epath.conf=/Users/giovannibrogiato/Desktop/sonarqube-6.7.3/temp/conf/es
2018.06.07 11:10:45 INFO  app[][o.s.a.SchedulerImpl] Waiting for Elasticsearch to be up and running
2018.06.07 11:10:45 INFO  app[][o.e.p.PluginsService] no modules loaded
2018.06.07 11:10:45 INFO  app[][o.e.p.PluginsService] loaded plugin [org.elasticsearch.transport.Netty4Plugin]
2018.06.07 11:10:56 INFO  app[][o.s.a.SchedulerImpl] Process[es] is up
2018.06.07 11:10:56 INFO  app[][o.s.a.p.ProcessLauncherImpl] Launch process[[key='web', ipcIndex=2, logFilenamePrefix=web]] from [/Users/giovannibrogiato/Desktop/sonarqube-6.7.3]: /Library/Java/JavaVirtualMachines/jdk1.8.0_171.jdk/Contents/Home/jre/bin/java -Djava.awt.headless=true -Dfile.encoding=UTF-8 -Djava.io.tmpdir=/Users/giovannibrogiato/Desktop/sonarqube-6.7.3/temp -Xmx512m -Xms128m -XX:+HeapDumpOnOutOfMemoryError -cp ./lib/common/*:./lib/server/*:/Users/giovannibrogiato/Desktop/sonarqube-6.7.3/lib/jdbc/h2/h2-1.3.176.jar org.sonar.server.app.WebServer /Users/giovannibrogiato/Desktop/sonarqube-6.7.3/temp/sq-process871416458822030741properties
2018.06.07 11:11:15 INFO  app[][o.s.a.SchedulerImpl] Process[web] is up
2018.06.07 11:11:15 INFO  app[][o.s.a.p.ProcessLauncherImpl] Launch process[[key='ce', ipcIndex=3, logFilenamePrefix=ce]] from [/Users/giovannibrogiato/Desktop/sonarqube-6.7.3]: /Library/Java/JavaVirtualMachines/jdk1.8.0_171.jdk/Contents/Home/jre/bin/java -Djava.awt.headless=true -Dfile.encoding=UTF-8 -Djava.io.tmpdir=/Users/giovannibrogiato/Desktop/sonarqube-6.7.3/temp -Xmx512m -Xms128m -XX:+HeapDumpOnOutOfMemoryError -cp ./lib/common/*:./lib/server/*:./lib/ce/*:/Users/giovannibrogiato/Desktop/sonarqube-6.7.3/lib/jdbc/h2/h2-1.3.176.jar org.sonar.ce.app.CeServer /Users/giovannibrogiato/Desktop/sonarqube-6.7.3/temp/sq-process8305082677378118519properties
2018.06.07 11:11:19 INFO  app[][o.s.a.SchedulerImpl] Process[ce] is up
2018.06.07 11:11:19 INFO  app[][o.s.a.SchedulerImpl] SonarQube is up
The timer fell behind the system clock by 272430300ms.
