2018.06.07 11:10:57 INFO  web[][o.s.p.ProcessEntryPoint] Starting web
2018.06.07 11:10:57 INFO  web[][o.a.t.u.n.NioSelectorPool] Using a shared selector for servlet write/read
2018.06.07 11:10:58 INFO  web[][o.e.p.PluginsService] no modules loaded
2018.06.07 11:10:58 INFO  web[][o.e.p.PluginsService] loaded plugin [org.elasticsearch.index.reindex.ReindexPlugin]
2018.06.07 11:10:58 INFO  web[][o.e.p.PluginsService] loaded plugin [org.elasticsearch.join.ParentJoinPlugin]
2018.06.07 11:10:58 INFO  web[][o.e.p.PluginsService] loaded plugin [org.elasticsearch.percolator.PercolatorPlugin]
2018.06.07 11:10:58 INFO  web[][o.e.p.PluginsService] loaded plugin [org.elasticsearch.transport.Netty4Plugin]
2018.06.07 11:11:00 INFO  web[][o.s.s.e.EsClientProvider] Connected to local Elasticsearch: [127.0.0.1:9001]
2018.06.07 11:11:00 INFO  web[][o.s.s.p.LogServerVersion] SonarQube Server / 6.7.3.38370 / baa823c2ae6ed4dd406b2ef12bc5ac6201e466f9
2018.06.07 11:11:03 INFO  web[][o.s.s.p.d.EmbeddedDatabase] Starting embedded database on port 9092 with url jdbc:h2:tcp://127.0.0.1:9092/sonar
2018.06.07 11:11:03 INFO  web[][o.s.s.p.d.EmbeddedDatabase] Embedded database started. Data stored in: /Users/giovannibrogiato/Desktop/sonarqube-6.7.3/data
2018.06.07 11:11:03 INFO  web[][o.sonar.db.Database] Create JDBC data source for jdbc:h2:tcp://127.0.0.1:9092/sonar
2018.06.07 11:11:03 WARN  web[][o.s.d.DatabaseChecker] H2 database should be used for evaluation purpose only
2018.06.07 11:11:04 INFO  web[][o.s.s.p.ServerFileSystemImpl] SonarQube home: /Users/giovannibrogiato/Desktop/sonarqube-6.7.3
2018.06.07 11:11:04 INFO  web[][o.s.s.u.SystemPasscodeImpl] System authentication by passcode is disabled
2018.06.07 11:11:05 INFO  web[][o.s.s.p.ServerPluginRepository] Deploy plugin Flex / 2.3 / 79167f762219bea1fd181ff5ef6ca4b34abd1675
2018.06.07 11:11:05 INFO  web[][o.s.s.p.ServerPluginRepository] Deploy plugin SonarC# / 6.5.0.3766 / 6011a1e9fb002edb044ae3092d92bcfb7d9d8a2d
2018.06.07 11:11:05 INFO  web[][o.s.s.p.ServerPluginRepository] Deploy plugin SonarJS / 3.2.0.5506 / 86da09565f891121df248835665f5d8ed98772b6
2018.06.07 11:11:05 INFO  web[][o.s.s.p.ServerPluginRepository] Deploy plugin SonarJava / 4.15.0.12310 / 572454b93016ec73a53fe0e07b2ffdc356d21ba9
2018.06.07 11:11:05 INFO  web[][o.s.s.p.ServerPluginRepository] Deploy plugin SonarPHP / 2.11.0.2485 / 741861a29e5f9a26c6c99c06268facb6c4f4a882
2018.06.07 11:11:05 INFO  web[][o.s.s.p.ServerPluginRepository] Deploy plugin SonarPython / 1.8.0.1496 / 3fe3bc4d0273a5721ea2fb368dc45b1bb82fede3
2018.06.07 11:11:05 INFO  web[][o.s.s.p.ServerPluginRepository] Deploy plugin SonarQube :: Plugins :: SCM :: Git / 1.3.0.869 / 4da53e3f9e55f4f2e5796625cb0c5768ed152079
2018.06.07 11:11:05 INFO  web[][o.s.s.p.ServerPluginRepository] Deploy plugin SonarQube :: Plugins :: SCM :: SVN / 1.6.0.860 / 2111fdbd1dddda4ad6d4ed6486fd0b18c1010d3b
2018.06.07 11:11:05 INFO  web[][o.s.s.p.ServerPluginRepository] Deploy plugin SonarTS / 1.1.0.1079 / 042c9e65239a47d92d305f9767f730b3cc1e5ed3
2018.06.07 11:11:05 INFO  web[][o.s.s.p.ServerPluginRepository] Deploy plugin SonarXML / 1.4.3.1027 / 39588245cecf538bb27be4e496ff303b0143d20b
2018.06.07 11:11:05 INFO  web[][o.s.s.p.w.MasterServletFilter] Initializing servlet filter org.sonar.server.ws.WebServiceFilter@46c79c6c [pattern=UrlPattern{inclusions=[/api/system/migrate_db/*, ...], exclusions=[/api/properties*, ...]}]
2018.06.07 11:11:06 INFO  web[][o.s.s.a.EmbeddedTomcat] HTTP connector enabled on port 9000
2018.06.07 11:11:07 INFO  web[][o.s.s.p.UpdateCenterClient] Update center: https://update.sonarsource.org/update-center.properties (no proxy)
2018.06.07 11:11:08 INFO  web[][o.s.s.s.LogServerId] Server ID: AWPWdOsD4Ijp3cPL4avL
2018.06.07 11:11:08 INFO  web[][o.s.s.t.TelemetryDaemon] Sharing of SonarQube statistics is enabled.
2018.06.07 11:11:08 INFO  web[][o.s.s.n.NotificationDaemon] Notification service started (delay 60 sec.)
2018.06.07 11:11:08 INFO  web[][o.s.s.s.GeneratePluginIndex] Generate scanner plugin index
2018.06.07 11:11:09 INFO  web[][o.s.s.s.RegisterPlugins] Register plugins
2018.06.07 11:11:09 INFO  web[][o.s.s.s.RegisterMetrics] Register metrics
2018.06.07 11:11:09 INFO  web[][o.s.s.r.RegisterRules] Register rules
2018.06.07 11:11:13 INFO  web[][o.s.s.q.BuiltInQProfileRepositoryImpl] Load quality profiles
2018.06.07 11:11:13 INFO  web[][o.s.s.q.RegisterQualityProfiles] Register quality profiles
2018.06.07 11:11:13 INFO  web[][o.s.s.q.RegisterQualityProfiles] Update profile cs/Sonar way
2018.06.07 11:11:13 INFO  web[][o.s.s.q.RegisterQualityProfiles] Update profile java/Sonar way
2018.06.07 11:11:14 INFO  web[][o.s.s.q.RegisterQualityProfiles] Update profile xml/Sonar way
2018.06.07 11:11:14 INFO  web[][o.s.s.q.RegisterQualityProfiles] Update profile flex/Sonar way
2018.06.07 11:11:14 INFO  web[][o.s.s.q.RegisterQualityProfiles] Update profile js/Sonar way Recommended
2018.06.07 11:11:14 INFO  web[][o.s.s.q.RegisterQualityProfiles] Update profile js/Sonar way
2018.06.07 11:11:14 INFO  web[][o.s.s.q.RegisterQualityProfiles] Update profile php/Sonar way
2018.06.07 11:11:14 INFO  web[][o.s.s.q.RegisterQualityProfiles] Update profile php/PSR-2
2018.06.07 11:11:14 INFO  web[][o.s.s.q.RegisterQualityProfiles] Update profile php/Drupal
2018.06.07 11:11:14 INFO  web[][o.s.s.q.RegisterQualityProfiles] Update profile py/Sonar way
2018.06.07 11:11:14 INFO  web[][o.s.s.q.RegisterQualityProfiles] Update profile ts/Sonar way
2018.06.07 11:11:14 INFO  web[][o.s.s.q.RegisterQualityProfiles] Update profile ts/Sonar way recommended
2018.06.07 11:11:14 INFO  web[][o.s.s.s.RegisterPermissionTemplates] Register permission templates
2018.06.07 11:11:14 INFO  web[][o.s.s.s.RenameDeprecatedPropertyKeys] Rename deprecated property keys
2018.06.07 11:11:14 INFO  web[][o.s.s.p.w.MasterServletFilter] Initializing servlet filter org.sonar.server.ws.WebServiceFilter@1a8ba8e1 [pattern=UrlPattern{inclusions=[/api/measures/component/*, ...], exclusions=[/api/properties*, ...]}]
2018.06.07 11:11:14 INFO  web[][o.s.s.p.w.MasterServletFilter] Initializing servlet filter org.sonar.server.ws.DeprecatedPropertiesWsFilter@41478c9f [pattern=UrlPattern{inclusions=[/api/properties/*], exclusions=[]}]
2018.06.07 11:11:14 INFO  web[][o.s.s.p.w.MasterServletFilter] Initializing servlet filter org.sonar.server.ws.WebServiceReroutingFilter@6dd5f500 [pattern=UrlPattern{inclusions=[/api/components/bulk_update_key, ...], exclusions=[]}]
2018.06.07 11:11:14 INFO  web[][o.s.s.p.w.MasterServletFilter] Initializing servlet filter org.sonar.server.authentication.InitFilter@69da5798 [pattern=UrlPattern{inclusions=[/sessions/init/*], exclusions=[]}]
2018.06.07 11:11:14 INFO  web[][o.s.s.p.w.MasterServletFilter] Initializing servlet filter org.sonar.server.authentication.OAuth2CallbackFilter@4e7c262b [pattern=UrlPattern{inclusions=[/oauth2/callback/*], exclusions=[]}]
2018.06.07 11:11:14 INFO  web[][o.s.s.p.w.MasterServletFilter] Initializing servlet filter org.sonar.server.authentication.ws.LoginAction@381d98e5 [pattern=UrlPattern{inclusions=[/api/authentication/login], exclusions=[]}]
2018.06.07 11:11:14 INFO  web[][o.s.s.p.w.MasterServletFilter] Initializing servlet filter org.sonar.server.authentication.ws.LogoutAction@6570f4c [pattern=UrlPattern{inclusions=[/api/authentication/logout], exclusions=[]}]
2018.06.07 11:11:14 INFO  web[][o.s.s.p.w.MasterServletFilter] Initializing servlet filter org.sonar.server.authentication.ws.ValidateAction@52d59073 [pattern=UrlPattern{inclusions=[/api/authentication/validate], exclusions=[]}]
2018.06.07 11:11:14 INFO  web[][o.s.s.p.Platform] WebServer is operational
